<?xml version="1.0" encoding="UTF-8"?>
<coverage generated="1768655779422" clover="3.2.0">
  <project timestamp="1768655779422" name="All files">
    <metrics statements="392" coveredstatements="216" conditionals="198" coveredconditionals="53" methods="53" coveredmethods="27" elements="643" coveredelements="296" complexity="0" loc="392" ncloc="392" packages="5" files="8" classes="8"/>
    <package name="src">
      <metrics statements="136" coveredstatements="73" conditionals="54" coveredconditionals="14" methods="13" coveredmethods="6"/>
      <file name="server.ts" path="C:\Users\valen\Documents\Dev_Perso\SkinPicker_Project\SkinPicker_Codebase\SkinPicker-Back\src\server.ts">
        <metrics statements="136" coveredstatements="73" conditionals="54" coveredconditionals="14" methods="13" coveredmethods="6"/>
        <line num="1" count="1" type="stmt"/>
        <line num="2" count="1" type="stmt"/>
        <line num="3" count="1" type="stmt"/>
        <line num="4" count="1" type="stmt"/>
        <line num="5" count="1" type="stmt"/>
        <line num="6" count="1" type="stmt"/>
        <line num="7" count="1" type="stmt"/>
        <line num="8" count="1" type="stmt"/>
        <line num="9" count="1" type="stmt"/>
        <line num="10" count="1" type="stmt"/>
        <line num="11" count="1" type="stmt"/>
        <line num="20" count="1" type="stmt"/>
        <line num="22" count="1" type="stmt"/>
        <line num="23" count="1" type="stmt"/>
        <line num="26" count="1" type="stmt"/>
        <line num="27" count="1" type="stmt"/>
        <line num="28" count="1" type="stmt"/>
        <line num="31" count="1" type="stmt"/>
        <line num="37" count="1" type="stmt"/>
        <line num="40" count="1" type="stmt"/>
        <line num="42" count="1" type="stmt"/>
        <line num="43" count="0" type="stmt"/>
        <line num="47" count="1" type="stmt"/>
        <line num="48" count="1" type="stmt"/>
        <line num="55" count="1" type="stmt"/>
        <line num="58" count="12" type="stmt"/>
        <line num="59" count="12" type="cond" truecount="2" falsecount="0"/>
        <line num="61" count="2" type="stmt"/>
        <line num="63" count="2" type="cond" truecount="2" falsecount="0"/>
        <line num="65" count="1" type="stmt"/>
        <line num="67" count="1" type="stmt"/>
        <line num="70" count="1" type="stmt"/>
        <line num="74" count="1" type="stmt"/>
        <line num="75" count="12" type="stmt"/>
        <line num="76" count="12" type="stmt"/>
        <line num="78" count="12" type="stmt"/>
        <line num="79" count="12" type="stmt"/>
        <line num="80" count="12" type="cond" truecount="1" falsecount="1"/>
        <line num="81" count="0" type="stmt"/>
        <line num="84" count="12" type="stmt"/>
        <line num="85" count="12" type="cond" truecount="1" falsecount="1"/>
        <line num="86" count="0" type="stmt"/>
        <line num="89" count="12" type="stmt"/>
        <line num="91" count="12" type="stmt"/>
        <line num="92" count="12" type="stmt"/>
        <line num="94" count="12" type="stmt"/>
        <line num="97" count="12" type="stmt"/>
        <line num="98" count="3" type="stmt"/>
        <line num="100" count="3" type="stmt"/>
        <line num="101" count="3" type="cond" truecount="1" falsecount="1"/>
        <line num="102" count="0" type="stmt"/>
        <line num="105" count="3" type="stmt"/>
        <line num="106" count="3" type="cond" truecount="1" falsecount="1"/>
        <line num="107" count="0" type="stmt"/>
        <line num="110" count="3" type="stmt"/>
        <line num="111" count="3" type="cond" truecount="2" falsecount="0"/>
        <line num="112" count="3" type="stmt"/>
        <line num="113" count="3" type="stmt"/>
        <line num="115" count="3" type="stmt"/>
        <line num="118" count="12" type="stmt"/>
        <line num="119" count="0" type="stmt"/>
        <line num="121" count="0" type="stmt"/>
        <line num="122" count="0" type="cond" truecount="0" falsecount="2"/>
        <line num="123" count="0" type="stmt"/>
        <line num="126" count="0" type="stmt"/>
        <line num="127" count="0" type="cond" truecount="0" falsecount="2"/>
        <line num="128" count="0" type="stmt"/>
        <line num="131" count="0" type="stmt"/>
        <line num="132" count="0" type="cond" truecount="0" falsecount="2"/>
        <line num="133" count="0" type="cond" truecount="0" falsecount="2"/>
        <line num="134" count="0" type="stmt"/>
        <line num="137" count="0" type="cond" truecount="0" falsecount="4"/>
        <line num="138" count="0" type="stmt"/>
        <line num="143" count="0" type="stmt"/>
        <line num="146" count="0" type="stmt"/>
        <line num="148" count="0" type="stmt"/>
        <line num="150" count="0" type="stmt"/>
        <line num="153" count="12" type="stmt"/>
        <line num="154" count="0" type="stmt"/>
        <line num="156" count="0" type="stmt"/>
        <line num="158" count="0" type="stmt"/>
        <line num="159" count="0" type="stmt"/>
        <line num="162" count="12" type="stmt"/>
        <line num="163" count="12" type="stmt"/>
        <line num="164" count="12" type="stmt"/>
        <line num="166" count="12" type="cond" truecount="1" falsecount="1"/>
        <line num="167" count="12" type="stmt"/>
        <line num="168" count="12" type="stmt"/>
        <line num="172" count="12" type="stmt"/>
        <line num="173" count="0" type="stmt"/>
        <line num="175" count="0" type="stmt"/>
        <line num="176" count="0" type="cond" truecount="0" falsecount="2"/>
        <line num="177" count="0" type="stmt"/>
        <line num="180" count="0" type="cond" truecount="0" falsecount="2"/>
        <line num="181" count="0" type="stmt"/>
        <line num="188" count="0" type="stmt"/>
        <line num="189" count="0" type="cond" truecount="0" falsecount="2"/>
        <line num="190" count="0" type="stmt"/>
        <line num="191" count="0" type="stmt"/>
        <line num="194" count="0" type="cond" truecount="0" falsecount="2"/>
        <line num="195" count="0" type="cond" truecount="0" falsecount="2"/>
        <line num="196" count="0" type="stmt"/>
        <line num="197" count="0" type="stmt"/>
        <line num="200" count="0" type="stmt"/>
        <line num="203" count="0" type="stmt"/>
        <line num="204" count="0" type="cond" truecount="0" falsecount="2"/>
        <line num="206" count="0" type="cond" truecount="0" falsecount="2"/>
        <line num="207" count="0" type="cond" truecount="0" falsecount="2"/>
        <line num="209" count="0" type="stmt"/>
        <line num="210" count="0" type="stmt"/>
        <line num="213" count="0" type="stmt"/>
        <line num="214" count="0" type="stmt"/>
        <line num="216" count="0" type="stmt"/>
        <line num="217" count="0" type="stmt"/>
        <line num="219" count="0" type="stmt"/>
        <line num="222" count="0" type="stmt"/>
        <line num="224" count="0" type="stmt"/>
        <line num="225" count="0" type="cond" truecount="0" falsecount="2"/>
        <line num="226" count="0" type="stmt"/>
        <line num="229" count="0" type="stmt"/>
        <line num="230" count="0" type="stmt"/>
        <line num="233" count="12" type="stmt"/>
        <line num="234" count="3" type="stmt"/>
        <line num="236" count="3" type="stmt"/>
        <line num="238" count="3" type="stmt"/>
        <line num="239" count="3" type="cond" truecount="1" falsecount="1"/>
        <line num="240" count="0" type="stmt"/>
        <line num="243" count="3" type="stmt"/>
        <line num="244" count="3" type="cond" truecount="1" falsecount="1"/>
        <line num="245" count="0" type="stmt"/>
        <line num="248" count="3" type="stmt"/>
        <line num="251" count="3" type="stmt"/>
        <line num="262" count="1" type="cond" truecount="1" falsecount="1"/>
        <line num="263" count="0" type="cond" truecount="0" falsecount="2"/>
        <line num="264" count="0" type="stmt"/>
        <line num="265" count="0" type="stmt"/>
      </file>
    </package>
    <package name="src.controllers">
      <metrics statements="42" coveredstatements="18" conditionals="22" coveredconditionals="6" methods="4" coveredmethods="2"/>
      <file name="room.controller.ts" path="C:\Users\valen\Documents\Dev_Perso\SkinPicker_Project\SkinPicker_Codebase\SkinPicker-Back\src\controllers\room.controller.ts">
        <metrics statements="42" coveredstatements="18" conditionals="22" coveredconditionals="6" methods="4" coveredmethods="2"/>
        <line num="2" count="1" type="stmt"/>
        <line num="3" count="1" type="stmt"/>
        <line num="5" count="1" type="stmt"/>
        <line num="7" count="1" type="stmt"/>
        <line num="8" count="6" type="stmt"/>
        <line num="9" count="6" type="cond" truecount="2" falsecount="2"/>
        <line num="10" count="6" type="stmt"/>
        <line num="12" count="6" type="stmt"/>
        <line num="20" count="0" type="stmt"/>
        <line num="21" count="0" type="stmt"/>
        <line num="25" count="1" type="stmt"/>
        <line num="26" count="0" type="stmt"/>
        <line num="27" count="0" type="stmt"/>
        <line num="29" count="0" type="stmt"/>
        <line num="37" count="0" type="stmt"/>
        <line num="38" count="0" type="stmt"/>
        <line num="42" count="1" type="stmt"/>
        <line num="43" count="7" type="stmt"/>
        <line num="44" count="7" type="cond" truecount="1" falsecount="1"/>
        <line num="45" count="7" type="cond" truecount="2" falsecount="2"/>
        <line num="47" count="7" type="stmt"/>
        <line num="49" count="7" type="cond" truecount="1" falsecount="1"/>
        <line num="50" count="0" type="stmt"/>
        <line num="51" count="0" type="stmt"/>
        <line num="54" count="7" type="stmt"/>
        <line num="56" count="7" type="stmt"/>
        <line num="64" count="0" type="stmt"/>
        <line num="65" count="0" type="stmt"/>
        <line num="69" count="1" type="stmt"/>
        <line num="70" count="0" type="stmt"/>
        <line num="71" count="0" type="cond" truecount="0" falsecount="2"/>
        <line num="72" count="0" type="stmt"/>
        <line num="74" count="0" type="cond" truecount="0" falsecount="2"/>
        <line num="75" count="0" type="stmt"/>
        <line num="78" count="0" type="cond" truecount="0" falsecount="2"/>
        <line num="79" count="0" type="cond" truecount="0" falsecount="2"/>
        <line num="80" count="0" type="cond" truecount="0" falsecount="2"/>
        <line num="82" count="0" type="stmt"/>
        <line num="84" count="0" type="stmt"/>
        <line num="86" count="0" type="stmt"/>
        <line num="93" count="0" type="stmt"/>
        <line num="94" count="0" type="stmt"/>
      </file>
    </package>
    <package name="src.routes">
      <metrics statements="8" coveredstatements="8" conditionals="0" coveredconditionals="0" methods="0" coveredmethods="0"/>
      <file name="room.routes.ts" path="C:\Users\valen\Documents\Dev_Perso\SkinPicker_Project\SkinPicker_Codebase\SkinPicker-Back\src\routes\room.routes.ts">
        <metrics statements="8" coveredstatements="8" conditionals="0" coveredconditionals="0" methods="0" coveredmethods="0"/>
        <line num="1" count="1" type="stmt"/>
        <line num="2" count="1" type="stmt"/>
        <line num="4" count="1" type="stmt"/>
        <line num="6" count="1" type="stmt"/>
        <line num="7" count="1" type="stmt"/>
        <line num="8" count="1" type="stmt"/>
        <line num="9" count="1" type="stmt"/>
        <line num="11" count="1" type="stmt"/>
      </file>
    </package>
    <package name="src.services">
      <metrics statements="93" coveredstatements="90" conditionals="38" coveredconditionals="31" methods="16" coveredmethods="15"/>
      <file name="room.service.ts" path="C:\Users\valen\Documents\Dev_Perso\SkinPicker_Project\SkinPicker_Codebase\SkinPicker-Back\src\services\room.service.ts">
        <metrics statements="93" coveredstatements="90" conditionals="38" coveredconditionals="31" methods="16" coveredmethods="15"/>
        <line num="1" count="2" type="stmt"/>
        <line num="3" count="2" type="stmt"/>
        <line num="5" count="2" type="stmt"/>
        <line num="7" count="2" type="stmt"/>
        <line num="8" count="2" type="stmt"/>
        <line num="13" count="30" type="cond" truecount="2" falsecount="0"/>
        <line num="14" count="2" type="stmt"/>
        <line num="16" count="30" type="stmt"/>
        <line num="20" count="124" type="stmt"/>
        <line num="21" count="124" type="stmt"/>
        <line num="22" count="124" type="stmt"/>
        <line num="23" count="744" type="stmt"/>
        <line num="25" count="124" type="stmt"/>
        <line num="29" count="124" type="stmt"/>
        <line num="30" count="124" type="stmt"/>
        <line num="31" count="124" type="stmt"/>
        <line num="33" count="124" type="stmt"/>
        <line num="43" count="124" type="stmt"/>
        <line num="50" count="124" type="stmt"/>
        <line num="51" count="124" type="stmt"/>
        <line num="53" count="124" type="stmt"/>
        <line num="54" count="124" type="stmt"/>
        <line num="58" count="1" type="stmt"/>
        <line num="61" count="1" type="stmt"/>
        <line num="62" count="1" type="stmt"/>
        <line num="63" count="1" type="stmt"/>
        <line num="64" count="1" type="stmt"/>
        <line num="69" count="1" type="stmt"/>
        <line num="73" count="35" type="stmt"/>
        <line num="77" count="5" type="stmt"/>
        <line num="81" count="21" type="stmt"/>
        <line num="82" count="21" type="cond" truecount="2" falsecount="0"/>
        <line num="83" count="1" type="stmt"/>
        <line num="86" count="20" type="cond" truecount="2" falsecount="0"/>
        <line num="87" count="1" type="stmt"/>
        <line num="90" count="19" type="stmt"/>
        <line num="91" count="19" type="stmt"/>
        <line num="101" count="19" type="stmt"/>
        <line num="104" count="19" type="stmt"/>
        <line num="105" count="19" type="stmt"/>
        <line num="109" count="5" type="stmt"/>
        <line num="110" count="5" type="cond" truecount="1" falsecount="1"/>
        <line num="112" count="5" type="stmt"/>
        <line num="114" count="5" type="cond" truecount="2" falsecount="0"/>
        <line num="115" count="3" type="stmt"/>
        <line num="116" count="3" type="stmt"/>
        <line num="119" count="2" type="cond" truecount="1" falsecount="1"/>
        <line num="120" count="0" type="stmt"/>
        <line num="121" count="0" type="stmt"/>
        <line num="124" count="2" type="stmt"/>
        <line num="125" count="2" type="stmt"/>
        <line num="129" count="3" type="stmt"/>
        <line num="130" count="3" type="stmt"/>
        <line num="131" count="3" type="stmt"/>
        <line num="135" count="9" type="stmt"/>
        <line num="137" count="21" type="cond" truecount="2" falsecount="0"/>
        <line num="139" count="9" type="cond" truecount="2" falsecount="0"/>
        <line num="140" count="6" type="stmt"/>
        <line num="141" count="6" type="stmt"/>
        <line num="144" count="3" type="stmt"/>
        <line num="145" count="3" type="stmt"/>
        <line num="146" count="7" type="stmt"/>
        <line num="147" count="11" type="cond" truecount="1" falsecount="1"/>
        <line num="148" count="11" type="stmt"/>
        <line num="153" count="3" type="stmt"/>
        <line num="155" count="3" type="stmt"/>
        <line num="156" count="5" type="stmt"/>
        <line num="157" count="5" type="stmt"/>
        <line num="159" count="5" type="stmt"/>
        <line num="160" count="12" type="cond" truecount="1" falsecount="1"/>
        <line num="161" count="17" type="stmt"/>
        <line num="164" count="12" type="cond" truecount="2" falsecount="0"/>
        <line num="165" count="8" type="stmt"/>
        <line num="166" count="8" type="stmt"/>
        <line num="170" count="5" type="cond" truecount="2" falsecount="0"/>
        <line num="171" count="3" type="stmt"/>
        <line num="181" count="3" type="stmt"/>
        <line num="182" count="0" type="cond" truecount="0" falsecount="2"/>
        <line num="185" count="3" type="stmt"/>
        <line num="187" count="3" type="cond" truecount="1" falsecount="1"/>
        <line num="189" count="3" type="stmt"/>
        <line num="194" count="29" type="stmt"/>
        <line num="207" count="3" type="stmt"/>
        <line num="208" count="3" type="stmt"/>
        <line num="209" count="3" type="stmt"/>
        <line num="211" count="3" type="cond" truecount="2" falsecount="0"/>
        <line num="213" count="3" type="stmt"/>
        <line num="214" count="7" type="stmt"/>
        <line num="215" count="7" type="stmt"/>
        <line num="225" count="7" type="stmt"/>
        <line num="226" count="7" type="stmt"/>
        <line num="229" count="3" type="stmt"/>
        <line num="230" count="3" type="stmt"/>
      </file>
    </package>
    <package name="src.utils">
      <metrics statements="113" coveredstatements="27" conditionals="84" coveredconditionals="2" methods="20" coveredmethods="4"/>
      <file name="errors.ts" path="C:\Users\valen\Documents\Dev_Perso\SkinPicker_Project\SkinPicker_Codebase\SkinPicker-Back\src\utils\errors.ts">
        <metrics statements="15" coveredstatements="5" conditionals="5" coveredconditionals="0" methods="3" coveredmethods="0"/>
        <line num="4" count="1" type="stmt"/>
        <line num="20" count="1" type="stmt"/>
        <line num="31" count="0" type="stmt"/>
        <line num="32" count="0" type="stmt"/>
        <line num="33" count="0" type="stmt"/>
        <line num="34" count="0" type="stmt"/>
        <line num="35" count="0" type="stmt"/>
        <line num="38" count="0" type="stmt"/>
        <line num="46" count="1" type="stmt"/>
        <line num="59" count="1" type="stmt"/>
        <line num="63" count="0" type="cond" truecount="0" falsecount="2"/>
        <line num="64" count="0" type="stmt"/>
        <line num="71" count="0" type="stmt"/>
        <line num="80" count="1" type="stmt"/>
        <line num="81" count="0" type="stmt"/>
      </file>
      <file name="logger.ts" path="C:\Users\valen\Documents\Dev_Perso\SkinPicker_Project\SkinPicker_Codebase\SkinPicker-Back\src\utils\logger.ts">
        <metrics statements="12" coveredstatements="11" conditionals="2" coveredconditionals="1" methods="1" coveredmethods="1"/>
        <line num="1" count="2" type="stmt"/>
        <line num="3" count="2" type="stmt"/>
        <line num="11" count="2" type="stmt"/>
        <line num="19" count="2" type="stmt"/>
        <line num="25" count="2" type="stmt"/>
        <line num="30" count="191" type="stmt"/>
        <line num="33" count="191" type="stmt"/>
        <line num="36" count="191" type="cond" truecount="1" falsecount="1"/>
        <line num="37" count="0" type="stmt"/>
        <line num="40" count="191" type="stmt"/>
        <line num="44" count="2" type="stmt"/>
        <line num="49" count="2" type="stmt"/>
      </file>
      <file name="socketHelpers.ts" path="C:\Users\valen\Documents\Dev_Perso\SkinPicker_Project\SkinPicker_Codebase\SkinPicker-Back\src\utils\socketHelpers.ts">
        <metrics statements="36" coveredstatements="11" conditionals="14" coveredconditionals="1" methods="8" coveredmethods="3"/>
        <line num="4" count="1" type="stmt"/>
        <line num="5" count="1" type="stmt"/>
        <line num="11" count="1" type="stmt"/>
        <line num="16" count="0" type="stmt"/>
        <line num="17" count="0" type="cond" truecount="0" falsecount="2"/>
        <line num="18" count="0" type="stmt"/>
        <line num="19" count="0" type="stmt"/>
        <line num="21" count="0" type="stmt"/>
        <line num="28" count="1" type="stmt"/>
        <line num="33" count="0" type="stmt"/>
        <line num="34" count="0" type="cond" truecount="0" falsecount="2"/>
        <line num="35" count="0" type="stmt"/>
        <line num="36" count="0" type="stmt"/>
        <line num="38" count="0" type="stmt"/>
        <line num="46" count="1" type="stmt"/>
        <line num="52" count="0" type="stmt"/>
        <line num="53" count="0" type="cond" truecount="0" falsecount="2"/>
        <line num="54" count="0" type="stmt"/>
        <line num="56" count="0" type="stmt"/>
        <line num="57" count="0" type="stmt"/>
        <line num="73" count="1" type="stmt"/>
        <line num="74" count="12" type="stmt"/>
        <line num="78" count="72" type="stmt"/>
        <line num="79" count="18" type="stmt"/>
        <line num="80" count="18" type="stmt"/>
        <line num="83" count="18" type="cond" truecount="1" falsecount="1"/>
        <line num="84" count="0" type="stmt"/>
        <line num="85" count="0" type="stmt"/>
        <line num="89" count="0" type="stmt"/>
        <line num="104" count="0" type="cond" truecount="0" falsecount="2"/>
        <line num="106" count="0" type="stmt"/>
        <line num="113" count="0" type="stmt"/>
        <line num="116" count="0" type="cond" truecount="0" falsecount="2"/>
        <line num="117" count="0" type="cond" truecount="0" falsecount="2"/>
        <line num="119" count="0" type="stmt"/>
        <line num="127" count="0" type="stmt"/>
      </file>
      <file name="validation.ts" path="C:\Users\valen\Documents\Dev_Perso\SkinPicker_Project\SkinPicker_Codebase\SkinPicker-Back\src\utils\validation.ts">
        <metrics statements="50" coveredstatements="0" conditionals="63" coveredconditionals="0" methods="8" coveredmethods="0"/>
        <line num="1" count="0" type="stmt"/>
        <line num="20" count="0" type="cond" truecount="0" falsecount="2"/>
        <line num="27" count="0" type="cond" truecount="0" falsecount="2"/>
        <line num="33" count="0" type="stmt"/>
        <line num="37" count="0" type="cond" truecount="0" falsecount="4"/>
        <line num="38" count="0" type="stmt"/>
        <line num="39" count="0" type="stmt"/>
        <line num="42" count="0" type="stmt"/>
        <line num="44" count="0" type="cond" truecount="0" falsecount="4"/>
        <line num="45" count="0" type="stmt"/>
        <line num="46" count="0" type="stmt"/>
        <line num="49" count="0" type="stmt"/>
        <line num="55" count="0" type="stmt"/>
        <line num="59" count="0" type="stmt"/>
        <line num="65" count="0" type="stmt"/>
        <line num="69" count="0" type="cond" truecount="0" falsecount="4"/>
        <line num="70" count="0" type="stmt"/>
        <line num="71" count="0" type="stmt"/>
        <line num="74" count="0" type="stmt"/>
        <line num="76" count="0" type="cond" truecount="0" falsecount="2"/>
        <line num="83" count="0" type="stmt"/>
        <line num="84" count="0" type="stmt"/>
        <line num="87" count="0" type="stmt"/>
        <line num="103" count="0" type="stmt"/>
        <line num="107" count="0" type="cond" truecount="0" falsecount="4"/>
        <line num="108" count="0" type="stmt"/>
        <line num="109" count="0" type="stmt"/>
        <line num="112" count="0" type="stmt"/>
        <line num="114" count="0" type="cond" truecount="0" falsecount="2"/>
        <line num="120" count="0" type="stmt"/>
        <line num="121" count="0" type="stmt"/>
        <line num="124" count="0" type="stmt"/>
        <line num="139" count="0" type="stmt"/>
        <line num="143" count="0" type="cond" truecount="0" falsecount="4"/>
        <line num="144" count="0" type="stmt"/>
        <line num="145" count="0" type="stmt"/>
        <line num="148" count="0" type="stmt"/>
        <line num="150" count="0" type="cond" truecount="0" falsecount="2"/>
        <line num="156" count="0" type="stmt"/>
        <line num="157" count="0" type="stmt"/>
        <line num="160" count="0" type="stmt"/>
        <line num="174" count="0" type="stmt"/>
        <line num="178" count="0" type="cond" truecount="0" falsecount="4"/>
        <line num="179" count="0" type="stmt"/>
        <line num="180" count="0" type="stmt"/>
        <line num="183" count="0" type="stmt"/>
        <line num="185" count="0" type="cond" truecount="0" falsecount="2"/>
        <line num="191" count="0" type="stmt"/>
        <line num="192" count="0" type="stmt"/>
        <line num="195" count="0" type="stmt"/>
      </file>
    </package>
  </project>
</coverage>
