<?xml version="1.0" encoding="UTF-8"?>
<coverage generated="1770917069570" clover="3.2.0">
  <project timestamp="1770917069570" name="All files">
    <metrics statements="746" coveredstatements="492" conditionals="390" coveredconditionals="182" methods="113" coveredmethods="86" elements="1249" coveredelements="760" complexity="0" loc="746" ncloc="746" packages="5" files="10" classes="10"/>
    <package name="src">
      <metrics statements="297" coveredstatements="158" conditionals="135" coveredconditionals="42" methods="32" coveredmethods="21"/>
      <file name="server.ts" path="C:\Users\valen\Documents\Dev_Perso\SkinPicker_Project\SkinPicker_Codebase\SkinPicker-Back\src\server.ts">
        <metrics statements="297" coveredstatements="158" conditionals="135" coveredconditionals="42" methods="32" coveredmethods="21"/>
        <line num="1" count="1" type="stmt"/>
        <line num="2" count="1" type="stmt"/>
        <line num="3" count="1" type="stmt"/>
        <line num="4" count="1" type="stmt"/>
        <line num="5" count="1" type="stmt"/>
        <line num="6" count="1" type="stmt"/>
        <line num="7" count="1" type="stmt"/>
        <line num="8" count="1" type="stmt"/>
        <line num="9" count="1" type="stmt"/>
        <line num="10" count="1" type="stmt"/>
        <line num="20" count="1" type="stmt"/>
        <line num="21" count="1" type="stmt"/>
        <line num="22" count="1" type="stmt"/>
        <line num="36" count="1" type="stmt"/>
        <line num="38" count="1" type="stmt"/>
        <line num="39" count="1" type="stmt"/>
        <line num="42" count="1" type="stmt"/>
        <line num="43" count="1" type="stmt"/>
        <line num="44" count="1" type="stmt"/>
        <line num="47" count="1" type="stmt"/>
        <line num="53" count="1" type="stmt"/>
        <line num="56" count="1" type="stmt"/>
        <line num="58" count="1" type="stmt"/>
        <line num="59" count="0" type="stmt"/>
        <line num="63" count="1" type="stmt"/>
        <line num="64" count="1" type="stmt"/>
        <line num="71" count="1" type="stmt"/>
        <line num="75" count="1" type="stmt"/>
        <line num="76" count="1" type="stmt"/>
        <line num="77" count="1" type="stmt"/>
        <line num="80" count="1" type="stmt"/>
        <line num="81" count="0" type="stmt"/>
        <line num="82" count="0" type="stmt"/>
        <line num="83" count="0" type="cond" truecount="0" falsecount="2"/>
        <line num="84" count="0" type="stmt"/>
        <line num="90" count="20" type="stmt"/>
        <line num="91" count="20" type="cond" truecount="2" falsecount="0"/>
        <line num="93" count="2" type="stmt"/>
        <line num="95" count="2" type="cond" truecount="1" falsecount="1"/>
        <line num="97" count="0" type="stmt"/>
        <line num="99" count="0" type="stmt"/>
        <line num="102" count="2" type="stmt"/>
        <line num="103" count="2" type="stmt"/>
        <line num="104" count="1" type="stmt"/>
        <line num="109" count="1" type="stmt"/>
        <line num="111" count="20" type="stmt"/>
        <line num="112" count="20" type="stmt"/>
        <line num="116" count="20" type="stmt"/>
        <line num="118" count="20" type="stmt"/>
        <line num="120" count="20" type="stmt"/>
        <line num="121" count="20" type="stmt"/>
        <line num="122" count="20" type="cond" truecount="1" falsecount="1"/>
        <line num="123" count="0" type="stmt"/>
        <line num="126" count="20" type="stmt"/>
        <line num="127" count="20" type="cond" truecount="1" falsecount="1"/>
        <line num="128" count="0" type="stmt"/>
        <line num="131" count="20" type="stmt"/>
        <line num="133" count="20" type="stmt"/>
        <line num="134" count="20" type="stmt"/>
        <line num="137" count="20" type="stmt"/>
        <line num="138" count="20" type="stmt"/>
        <line num="139" count="28" type="stmt"/>
        <line num="143" count="20" type="stmt"/>
        <line num="144" count="3" type="stmt"/>
        <line num="146" count="3" type="stmt"/>
        <line num="147" count="3" type="cond" truecount="1" falsecount="1"/>
        <line num="148" count="0" type="stmt"/>
        <line num="151" count="3" type="stmt"/>
        <line num="152" count="3" type="cond" truecount="1" falsecount="1"/>
        <line num="153" count="0" type="stmt"/>
        <line num="156" count="3" type="stmt"/>
        <line num="157" count="3" type="cond" truecount="2" falsecount="0"/>
        <line num="158" count="3" type="stmt"/>
        <line num="159" count="3" type="stmt"/>
        <line num="162" count="3" type="stmt"/>
        <line num="163" count="3" type="stmt"/>
        <line num="164" count="6" type="stmt"/>
        <line num="168" count="20" type="stmt"/>
        <line num="169" count="2" type="stmt"/>
        <line num="171" count="2" type="stmt"/>
        <line num="172" count="2" type="cond" truecount="1" falsecount="1"/>
        <line num="173" count="0" type="stmt"/>
        <line num="176" count="2" type="stmt"/>
        <line num="177" count="2" type="cond" truecount="1" falsecount="1"/>
        <line num="178" count="0" type="stmt"/>
        <line num="181" count="2" type="stmt"/>
        <line num="182" count="2" type="cond" truecount="1" falsecount="1"/>
        <line num="183" count="2" type="cond" truecount="1" falsecount="1"/>
        <line num="184" count="2" type="stmt"/>
        <line num="187" count="2" type="cond" truecount="3" falsecount="1"/>
        <line num="188" count="0" type="stmt"/>
        <line num="193" count="0" type="stmt"/>
        <line num="196" count="2" type="stmt"/>
        <line num="198" count="2" type="stmt"/>
        <line num="201" count="2" type="cond" truecount="2" falsecount="0"/>
        <line num="202" count="1" type="stmt"/>
        <line num="203" count="1" type="cond" truecount="1" falsecount="1"/>
        <line num="205" count="1" type="stmt"/>
        <line num="206" count="2" type="stmt"/>
        <line num="219" count="2" type="stmt"/>
        <line num="220" count="2" type="stmt"/>
        <line num="221" count="4" type="stmt"/>
        <line num="225" count="20" type="stmt"/>
        <line num="226" count="0" type="stmt"/>
        <line num="228" count="0" type="stmt"/>
        <line num="230" count="0" type="stmt"/>
        <line num="231" count="0" type="stmt"/>
        <line num="234" count="20" type="stmt"/>
        <line num="236" count="20" type="stmt"/>
        <line num="237" count="20" type="stmt"/>
        <line num="238" count="20" type="stmt"/>
        <line num="240" count="20" type="cond" truecount="1" falsecount="1"/>
        <line num="241" count="20" type="stmt"/>
        <line num="242" count="20" type="stmt"/>
        <line num="246" count="20" type="stmt"/>
        <line num="247" count="20" type="cond" truecount="1" falsecount="1"/>
        <line num="248" count="0" type="stmt"/>
        <line num="249" count="0" type="stmt"/>
        <line num="252" count="0" type="cond" truecount="0" falsecount="2"/>
        <line num="253" count="0" type="stmt"/>
        <line num="254" count="0" type="cond" truecount="0" falsecount="2"/>
        <line num="255" count="0" type="stmt"/>
        <line num="261" count="0" type="stmt"/>
        <line num="262" count="0" type="stmt"/>
        <line num="266" count="20" type="stmt"/>
        <line num="267" count="0" type="stmt"/>
        <line num="269" count="0" type="stmt"/>
        <line num="270" count="0" type="cond" truecount="0" falsecount="2"/>
        <line num="271" count="0" type="stmt"/>
        <line num="274" count="0" type="cond" truecount="0" falsecount="2"/>
        <line num="275" count="0" type="stmt"/>
        <line num="282" count="0" type="stmt"/>
        <line num="283" count="0" type="cond" truecount="0" falsecount="2"/>
        <line num="284" count="0" type="stmt"/>
        <line num="285" count="0" type="stmt"/>
        <line num="288" count="0" type="cond" truecount="0" falsecount="2"/>
        <line num="289" count="0" type="cond" truecount="0" falsecount="2"/>
        <line num="290" count="0" type="stmt"/>
        <line num="291" count="0" type="stmt"/>
        <line num="294" count="0" type="stmt"/>
        <line num="297" count="0" type="stmt"/>
        <line num="298" count="0" type="cond" truecount="0" falsecount="2"/>
        <line num="300" count="0" type="cond" truecount="0" falsecount="2"/>
        <line num="301" count="0" type="cond" truecount="0" falsecount="2"/>
        <line num="303" count="0" type="stmt"/>
        <line num="304" count="0" type="stmt"/>
        <line num="307" count="0" type="stmt"/>
        <line num="308" count="0" type="stmt"/>
        <line num="310" count="0" type="stmt"/>
        <line num="311" count="0" type="stmt"/>
        <line num="313" count="0" type="stmt"/>
        <line num="316" count="0" type="stmt"/>
        <line num="318" count="0" type="stmt"/>
        <line num="319" count="0" type="cond" truecount="0" falsecount="2"/>
        <line num="320" count="0" type="stmt"/>
        <line num="324" count="0" type="stmt"/>
        <line num="327" count="0" type="stmt"/>
        <line num="328" count="0" type="stmt"/>
        <line num="332" count="0" type="stmt"/>
        <line num="333" count="0" type="stmt"/>
        <line num="334" count="0" type="stmt"/>
        <line num="338" count="20" type="stmt"/>
        <line num="339" count="3" type="stmt"/>
        <line num="340" count="3" type="stmt"/>
        <line num="342" count="3" type="stmt"/>
        <line num="344" count="3" type="stmt"/>
        <line num="345" count="3" type="cond" truecount="1" falsecount="1"/>
        <line num="346" count="0" type="stmt"/>
        <line num="347" count="0" type="cond" truecount="0" falsecount="2"/>
        <line num="348" count="0" type="stmt"/>
        <line num="351" count="3" type="stmt"/>
        <line num="352" count="3" type="cond" truecount="1" falsecount="1"/>
        <line num="353" count="0" type="stmt"/>
        <line num="354" count="0" type="cond" truecount="0" falsecount="2"/>
        <line num="355" count="0" type="stmt"/>
        <line num="358" count="3" type="stmt"/>
        <line num="361" count="3" type="stmt"/>
        <line num="362" count="5" type="stmt"/>
        <line num="374" count="3" type="cond" truecount="1" falsecount="1"/>
        <line num="375" count="0" type="stmt"/>
        <line num="376" count="0" type="stmt"/>
        <line num="379" count="0" type="stmt"/>
        <line num="380" count="0" type="cond" truecount="0" falsecount="2"/>
        <line num="385" count="20" type="stmt"/>
        <line num="386" count="2" type="stmt"/>
        <line num="388" count="2" type="stmt"/>
        <line num="389" count="2" type="cond" truecount="1" falsecount="1"/>
        <line num="390" count="0" type="stmt"/>
        <line num="393" count="2" type="cond" truecount="2" falsecount="0"/>
        <line num="394" count="1" type="stmt"/>
        <line num="401" count="1" type="cond" truecount="1" falsecount="1"/>
        <line num="402" count="0" type="stmt"/>
        <line num="405" count="1" type="stmt"/>
        <line num="406" count="1" type="stmt"/>
        <line num="409" count="1" type="stmt"/>
        <line num="410" count="1" type="stmt"/>
        <line num="411" count="1" type="stmt"/>
        <line num="416" count="20" type="stmt"/>
        <line num="417" count="2" type="stmt"/>
        <line num="419" count="2" type="stmt"/>
        <line num="420" count="2" type="cond" truecount="1" falsecount="1"/>
        <line num="421" count="0" type="stmt"/>
        <line num="424" count="2" type="cond" truecount="1" falsecount="1"/>
        <line num="425" count="0" type="stmt"/>
        <line num="432" count="2" type="stmt"/>
        <line num="433" count="2" type="cond" truecount="2" falsecount="0"/>
        <line num="434" count="1" type="stmt"/>
        <line num="437" count="1" type="stmt"/>
        <line num="440" count="1" type="stmt"/>
        <line num="441" count="2" type="stmt"/>
        <line num="451" count="1" type="stmt"/>
        <line num="452" count="1" type="stmt"/>
        <line num="453" count="2" type="stmt"/>
        <line num="458" count="20" type="stmt"/>
        <line num="459" count="2" type="stmt"/>
        <line num="461" count="2" type="stmt"/>
        <line num="462" count="2" type="cond" truecount="1" falsecount="1"/>
        <line num="463" count="0" type="stmt"/>
        <line num="466" count="2" type="cond" truecount="2" falsecount="0"/>
        <line num="467" count="1" type="stmt"/>
        <line num="474" count="1" type="cond" truecount="3" falsecount="1"/>
        <line num="475" count="0" type="stmt"/>
        <line num="479" count="1" type="stmt"/>
        <line num="480" count="2" type="stmt"/>
        <line num="481" count="2" type="cond" truecount="1" falsecount="1"/>
        <line num="482" count="2" type="stmt"/>
        <line num="483" count="2" type="stmt"/>
        <line num="487" count="1" type="stmt"/>
        <line num="492" count="1" type="stmt"/>
        <line num="495" count="1" type="stmt"/>
        <line num="496" count="2" type="stmt"/>
        <line num="504" count="1" type="stmt"/>
        <line num="505" count="1" type="stmt"/>
        <line num="506" count="2" type="stmt"/>
        <line num="511" count="20" type="stmt"/>
        <line num="512" count="0" type="stmt"/>
        <line num="513" count="0" type="stmt"/>
        <line num="516" count="0" type="cond" truecount="0" falsecount="5"/>
        <line num="517" count="0" type="stmt"/>
        <line num="518" count="0" type="stmt"/>
        <line num="520" count="0" type="cond" truecount="0" falsecount="4"/>
        <line num="521" count="0" type="stmt"/>
        <line num="522" count="0" type="stmt"/>
        <line num="524" count="0" type="cond" truecount="0" falsecount="2"/>
        <line num="525" count="0" type="stmt"/>
        <line num="526" count="0" type="stmt"/>
        <line num="530" count="0" type="stmt"/>
        <line num="533" count="0" type="stmt"/>
        <line num="536" count="0" type="stmt"/>
        <line num="539" count="0" type="stmt"/>
        <line num="542" count="0" type="stmt"/>
        <line num="543" count="0" type="cond" truecount="0" falsecount="2"/>
        <line num="544" count="0" type="stmt"/>
        <line num="548" count="0" type="stmt"/>
        <line num="550" count="0" type="stmt"/>
        <line num="555" count="20" type="stmt"/>
        <line num="556" count="0" type="stmt"/>
        <line num="557" count="0" type="stmt"/>
        <line num="560" count="0" type="stmt"/>
        <line num="561" count="0" type="cond" truecount="0" falsecount="2"/>
        <line num="562" count="0" type="stmt"/>
        <line num="563" count="0" type="stmt"/>
        <line num="564" count="0" type="stmt"/>
        <line num="568" count="0" type="stmt"/>
        <line num="569" count="0" type="cond" truecount="0" falsecount="4"/>
        <line num="570" count="0" type="stmt"/>
        <line num="571" count="0" type="stmt"/>
        <line num="572" count="0" type="stmt"/>
        <line num="576" count="0" type="stmt"/>
        <line num="577" count="0" type="stmt"/>
        <line num="578" count="0" type="cond" truecount="0" falsecount="4"/>
        <line num="579" count="0" type="stmt"/>
        <line num="580" count="0" type="stmt"/>
        <line num="581" count="0" type="stmt"/>
        <line num="585" count="0" type="cond" truecount="0" falsecount="2"/>
        <line num="586" count="0" type="stmt"/>
        <line num="587" count="0" type="stmt"/>
        <line num="588" count="0" type="stmt"/>
        <line num="592" count="0" type="stmt"/>
        <line num="593" count="0" type="cond" truecount="0" falsecount="2"/>
        <line num="594" count="0" type="stmt"/>
        <line num="595" count="0" type="cond" truecount="0" falsecount="2"/>
        <line num="596" count="0" type="stmt"/>
        <line num="597" count="0" type="cond" truecount="0" falsecount="4"/>
        <line num="598" count="0" type="stmt"/>
        <line num="599" count="0" type="stmt"/>
        <line num="600" count="0" type="stmt"/>
        <line num="606" count="0" type="stmt"/>
        <line num="607" count="0" type="stmt"/>
        <line num="614" count="0" type="stmt"/>
        <line num="617" count="0" type="stmt"/>
        <line num="619" count="0" type="stmt"/>
        <line num="621" count="0" type="stmt"/>
        <line num="628" count="1" type="cond" truecount="1" falsecount="1"/>
        <line num="629" count="0" type="cond" truecount="0" falsecount="2"/>
        <line num="630" count="0" type="stmt"/>
        <line num="631" count="0" type="stmt"/>
      </file>
    </package>
    <package name="src.controllers">
      <metrics statements="42" coveredstatements="18" conditionals="22" coveredconditionals="6" methods="4" coveredmethods="2"/>
      <file name="room.controller.ts" path="C:\Users\valen\Documents\Dev_Perso\SkinPicker_Project\SkinPicker_Codebase\SkinPicker-Back\src\controllers\room.controller.ts">
        <metrics statements="42" coveredstatements="18" conditionals="22" coveredconditionals="6" methods="4" coveredmethods="2"/>
        <line num="2" count="1" type="stmt"/>
        <line num="3" count="1" type="stmt"/>
        <line num="5" count="1" type="stmt"/>
        <line num="7" count="1" type="stmt"/>
        <line num="8" count="12" type="stmt"/>
        <line num="9" count="12" type="cond" truecount="2" falsecount="2"/>
        <line num="10" count="12" type="stmt"/>
        <line num="12" count="12" type="stmt"/>
        <line num="20" count="0" type="stmt"/>
        <line num="21" count="0" type="stmt"/>
        <line num="25" count="1" type="stmt"/>
        <line num="26" count="0" type="stmt"/>
        <line num="27" count="0" type="stmt"/>
        <line num="29" count="0" type="stmt"/>
        <line num="37" count="0" type="stmt"/>
        <line num="38" count="0" type="stmt"/>
        <line num="42" count="1" type="stmt"/>
        <line num="43" count="13" type="stmt"/>
        <line num="44" count="13" type="cond" truecount="1" falsecount="1"/>
        <line num="45" count="13" type="cond" truecount="2" falsecount="2"/>
        <line num="47" count="13" type="stmt"/>
        <line num="49" count="13" type="cond" truecount="1" falsecount="1"/>
        <line num="50" count="0" type="stmt"/>
        <line num="51" count="0" type="stmt"/>
        <line num="54" count="13" type="stmt"/>
        <line num="56" count="13" type="stmt"/>
        <line num="64" count="0" type="stmt"/>
        <line num="65" count="0" type="stmt"/>
        <line num="69" count="1" type="stmt"/>
        <line num="70" count="0" type="stmt"/>
        <line num="71" count="0" type="cond" truecount="0" falsecount="2"/>
        <line num="72" count="0" type="stmt"/>
        <line num="74" count="0" type="cond" truecount="0" falsecount="2"/>
        <line num="75" count="0" type="stmt"/>
        <line num="78" count="0" type="cond" truecount="0" falsecount="2"/>
        <line num="79" count="0" type="cond" truecount="0" falsecount="2"/>
        <line num="80" count="0" type="cond" truecount="0" falsecount="2"/>
        <line num="82" count="0" type="stmt"/>
        <line num="84" count="0" type="stmt"/>
        <line num="86" count="0" type="stmt"/>
        <line num="93" count="0" type="stmt"/>
        <line num="94" count="0" type="stmt"/>
      </file>
    </package>
    <package name="src.routes">
      <metrics statements="8" coveredstatements="8" conditionals="0" coveredconditionals="0" methods="0" coveredmethods="0"/>
      <file name="room.routes.ts" path="C:\Users\valen\Documents\Dev_Perso\SkinPicker_Project\SkinPicker_Codebase\SkinPicker-Back\src\routes\room.routes.ts">
        <metrics statements="8" coveredstatements="8" conditionals="0" coveredconditionals="0" methods="0" coveredmethods="0"/>
        <line num="1" count="1" type="stmt"/>
        <line num="2" count="1" type="stmt"/>
        <line num="4" count="1" type="stmt"/>
        <line num="6" count="1" type="stmt"/>
        <line num="7" count="1" type="stmt"/>
        <line num="8" count="1" type="stmt"/>
        <line num="9" count="1" type="stmt"/>
        <line num="11" count="1" type="stmt"/>
      </file>
    </package>
    <package name="src.services">
      <metrics statements="258" coveredstatements="243" conditionals="141" coveredconditionals="124" methods="50" coveredmethods="49"/>
      <file name="presence.service.ts" path="C:\Users\valen\Documents\Dev_Perso\SkinPicker_Project\SkinPicker_Codebase\SkinPicker-Back\src\services\presence.service.ts">
        <metrics statements="30" coveredstatements="29" conditionals="14" coveredconditionals="11" methods="13" coveredmethods="12"/>
        <line num="2" count="2" type="stmt"/>
        <line num="19" count="2" type="stmt"/>
        <line num="22" count="2" type="stmt"/>
        <line num="25" count="2" type="stmt"/>
        <line num="35" count="12" type="stmt"/>
        <line num="36" count="12" type="cond" truecount="2" falsecount="0"/>
        <line num="37" count="1" type="stmt"/>
        <line num="38" count="1" type="stmt"/>
        <line num="41" count="12" type="stmt"/>
        <line num="46" count="12" type="stmt"/>
        <line num="49" count="12" type="stmt"/>
        <line num="51" count="12" type="stmt"/>
        <line num="60" count="4" type="stmt"/>
        <line num="61" count="4" type="cond" truecount="2" falsecount="0"/>
        <line num="62" count="1" type="stmt"/>
        <line num="65" count="3" type="stmt"/>
        <line num="66" count="3" type="stmt"/>
        <line num="67" count="3" type="stmt"/>
        <line num="69" count="3" type="stmt"/>
        <line num="70" count="3" type="stmt"/>
        <line num="78" count="8" type="stmt"/>
        <line num="87" count="5" type="stmt"/>
        <line num="95" count="3" type="cond" truecount="2" falsecount="0"/>
        <line num="103" count="2" type="cond" truecount="1" falsecount="1"/>
        <line num="111" count="24" type="cond" truecount="2" falsecount="0"/>
        <line num="120" count="2" type="stmt"/>
        <line num="128" count="3" type="cond" truecount="2" falsecount="0"/>
        <line num="136" count="0" type="cond" truecount="0" falsecount="2"/>
        <line num="143" count="4" type="stmt"/>
        <line num="148" count="2" type="stmt"/>
      </file>
      <file name="room.service.ts" path="C:\Users\valen\Documents\Dev_Perso\SkinPicker_Project\SkinPicker_Codebase\SkinPicker-Back\src\services\room.service.ts">
        <metrics statements="228" coveredstatements="214" conditionals="127" coveredconditionals="113" methods="37" coveredmethods="37"/>
        <line num="1" count="2" type="stmt"/>
        <line num="3" count="2" type="stmt"/>
        <line num="5" count="2" type="stmt"/>
        <line num="7" count="2" type="stmt"/>
        <line num="9" count="2" type="stmt"/>
        <line num="10" count="2" type="stmt"/>
        <line num="15" count="87" type="cond" truecount="2" falsecount="0"/>
        <line num="16" count="2" type="stmt"/>
        <line num="18" count="87" type="stmt"/>
        <line num="22" count="181" type="stmt"/>
        <line num="23" count="181" type="stmt"/>
        <line num="24" count="181" type="stmt"/>
        <line num="25" count="1086" type="stmt"/>
        <line num="27" count="181" type="stmt"/>
        <line num="31" count="181" type="stmt"/>
        <line num="32" count="181" type="stmt"/>
        <line num="33" count="181" type="stmt"/>
        <line num="35" count="181" type="stmt"/>
        <line num="45" count="181" type="stmt"/>
        <line num="55" count="181" type="stmt"/>
        <line num="56" count="181" type="stmt"/>
        <line num="58" count="181" type="stmt"/>
        <line num="59" count="181" type="stmt"/>
        <line num="63" count="1" type="stmt"/>
        <line num="66" count="1" type="stmt"/>
        <line num="67" count="1" type="stmt"/>
        <line num="68" count="1" type="stmt"/>
        <line num="69" count="1" type="stmt"/>
        <line num="74" count="1" type="stmt"/>
        <line num="78" count="59" type="stmt"/>
        <line num="82" count="5" type="stmt"/>
        <line num="86" count="73" type="stmt"/>
        <line num="87" count="73" type="cond" truecount="2" falsecount="0"/>
        <line num="88" count="1" type="stmt"/>
        <line num="91" count="72" type="cond" truecount="2" falsecount="0"/>
        <line num="92" count="1" type="stmt"/>
        <line num="95" count="71" type="stmt"/>
        <line num="96" count="71" type="stmt"/>
        <line num="106" count="71" type="stmt"/>
        <line num="109" count="71" type="stmt"/>
        <line num="110" count="71" type="stmt"/>
        <line num="114" count="5" type="stmt"/>
        <line num="115" count="5" type="cond" truecount="1" falsecount="1"/>
        <line num="117" count="5" type="stmt"/>
        <line num="119" count="5" type="cond" truecount="2" falsecount="0"/>
        <line num="120" count="2" type="stmt"/>
        <line num="121" count="2" type="stmt"/>
        <line num="124" count="3" type="cond" truecount="1" falsecount="1"/>
        <line num="125" count="0" type="stmt"/>
        <line num="126" count="0" type="stmt"/>
        <line num="129" count="3" type="stmt"/>
        <line num="130" count="3" type="stmt"/>
        <line num="134" count="2" type="stmt"/>
        <line num="135" count="2" type="stmt"/>
        <line num="136" count="2" type="stmt"/>
        <line num="140" count="54" type="stmt"/>
        <line num="142" count="114" type="cond" truecount="2" falsecount="0"/>
        <line num="144" count="54" type="cond" truecount="2" falsecount="0"/>
        <line num="145" count="9" type="stmt"/>
        <line num="146" count="9" type="stmt"/>
        <line num="149" count="45" type="stmt"/>
        <line num="150" count="45" type="stmt"/>
        <line num="151" count="95" type="stmt"/>
        <line num="152" count="386" type="cond" truecount="2" falsecount="0"/>
        <line num="153" count="157" type="stmt"/>
        <line num="158" count="45" type="stmt"/>
        <line num="160" count="45" type="stmt"/>
        <line num="161" count="69" type="stmt"/>
        <line num="162" count="69" type="stmt"/>
        <line num="164" count="69" type="stmt"/>
        <line num="165" count="143" type="cond" truecount="1" falsecount="1"/>
        <line num="166" count="485" type="stmt"/>
        <line num="169" count="143" type="cond" truecount="2" falsecount="0"/>
        <line num="170" count="108" type="stmt"/>
        <line num="171" count="108" type="stmt"/>
        <line num="175" count="69" type="cond" truecount="2" falsecount="0"/>
        <line num="176" count="36" type="stmt"/>
        <line num="186" count="45" type="stmt"/>
        <line num="187" count="1" type="cond" truecount="2" falsecount="0"/>
        <line num="191" count="45" type="stmt"/>
        <line num="193" count="45" type="stmt"/>
        <line num="194" count="95" type="stmt"/>
        <line num="195" count="386" type="cond" truecount="2" falsecount="0"/>
        <line num="196" count="337" type="cond" truecount="2" falsecount="0"/>
        <line num="197" count="76" type="stmt"/>
        <line num="202" count="337" type="stmt"/>
        <line num="203" count="337" type="cond" truecount="2" falsecount="0"/>
        <line num="204" count="183" type="stmt"/>
        <line num="206" count="337" type="stmt"/>
        <line num="211" count="45" type="stmt"/>
        <line num="213" count="45" type="stmt"/>
        <line num="214" count="76" type="cond" truecount="2" falsecount="0"/>
        <line num="215" count="46" type="stmt"/>
        <line num="216" count="46" type="stmt"/>
        <line num="217" count="46" type="stmt"/>
        <line num="218" count="153" type="stmt"/>
        <line num="221" count="46" type="stmt"/>
        <line num="233" count="46" type="stmt"/>
        <line num="234" count="45" type="cond" truecount="2" falsecount="0"/>
        <line num="236" count="45" type="stmt"/>
        <line num="237" count="21" type="cond" truecount="2" falsecount="0"/>
        <line num="240" count="45" type="stmt"/>
        <line num="242" count="45" type="cond" truecount="2" falsecount="0"/>
        <line num="243" count="35" type="stmt"/>
        <line num="245" count="45" type="cond" truecount="2" falsecount="0"/>
        <line num="246" count="24" type="stmt"/>
        <line num="254" count="19" type="cond" truecount="4" falsecount="0"/>
        <line num="255" count="5" type="stmt"/>
        <line num="258" count="14" type="stmt"/>
        <line num="259" count="14" type="stmt"/>
        <line num="260" count="15" type="stmt"/>
        <line num="264" count="14" type="cond" truecount="2" falsecount="0"/>
        <line num="275" count="13" type="stmt"/>
        <line num="281" count="13" type="stmt"/>
        <line num="284" count="13" type="stmt"/>
        <line num="285" count="1" type="stmt"/>
        <line num="288" count="13" type="stmt"/>
        <line num="297" count="26" type="cond" truecount="2" falsecount="0"/>
        <line num="299" count="13" type="cond" truecount="1" falsecount="1"/>
        <line num="300" count="13" type="stmt"/>
        <line num="301" count="14" type="stmt"/>
        <line num="304" count="13" type="cond" truecount="2" falsecount="0"/>
        <line num="316" count="19" type="stmt"/>
        <line num="323" count="19" type="stmt"/>
        <line num="325" count="19" type="stmt"/>
        <line num="326" count="1" type="stmt"/>
        <line num="329" count="19" type="stmt"/>
        <line num="341" count="16" type="stmt"/>
        <line num="342" count="16" type="cond" truecount="2" falsecount="0"/>
        <line num="344" count="8" type="stmt"/>
        <line num="345" count="8" type="stmt"/>
        <line num="347" count="8" type="stmt"/>
        <line num="349" count="8" type="stmt"/>
        <line num="350" count="16" type="cond" truecount="3" falsecount="1"/>
        <line num="351" count="0" type="stmt"/>
        <line num="352" count="0" type="stmt"/>
        <line num="355" count="30" type="stmt"/>
        <line num="356" count="16" type="cond" truecount="1" falsecount="1"/>
        <line num="357" count="0" type="stmt"/>
        <line num="358" count="0" type="stmt"/>
        <line num="361" count="16" type="stmt"/>
        <line num="362" count="16" type="stmt"/>
        <line num="364" count="16" type="stmt"/>
        <line num="365" count="16" type="stmt"/>
        <line num="367" count="16" type="stmt"/>
        <line num="370" count="8" type="stmt"/>
        <line num="372" count="8" type="stmt"/>
        <line num="379" count="8" type="stmt"/>
        <line num="381" count="8" type="stmt"/>
        <line num="391" count="6" type="stmt"/>
        <line num="392" count="6" type="cond" truecount="2" falsecount="0"/>
        <line num="394" count="4" type="stmt"/>
        <line num="396" count="4" type="stmt"/>
        <line num="397" count="8" type="cond" truecount="3" falsecount="1"/>
        <line num="398" count="0" type="stmt"/>
        <line num="399" count="0" type="stmt"/>
        <line num="402" count="14" type="stmt"/>
        <line num="403" count="8" type="cond" truecount="1" falsecount="1"/>
        <line num="404" count="0" type="stmt"/>
        <line num="405" count="0" type="stmt"/>
        <line num="408" count="8" type="stmt"/>
        <line num="409" count="8" type="stmt"/>
        <line num="411" count="8" type="stmt"/>
        <line num="412" count="8" type="stmt"/>
        <line num="414" count="8" type="stmt"/>
        <line num="417" count="4" type="stmt"/>
        <line num="419" count="4" type="stmt"/>
        <line num="426" count="4" type="stmt"/>
        <line num="428" count="4" type="stmt"/>
        <line num="435" count="12" type="stmt"/>
        <line num="438" count="12" type="cond" truecount="2" falsecount="0"/>
        <line num="441" count="22" type="stmt"/>
        <line num="442" count="11" type="cond" truecount="2" falsecount="0"/>
        <line num="445" count="18" type="cond" truecount="2" falsecount="0"/>
        <line num="446" count="9" type="cond" truecount="2" falsecount="0"/>
        <line num="449" count="8" type="cond" truecount="1" falsecount="1"/>
        <line num="450" count="8" type="stmt"/>
        <line num="451" count="8" type="stmt"/>
        <line num="453" count="8" type="cond" truecount="4" falsecount="0"/>
        <line num="454" count="7" type="cond" truecount="4" falsecount="0"/>
        <line num="455" count="6" type="cond" truecount="5" falsecount="0"/>
        <line num="458" count="5" type="cond" truecount="4" falsecount="0"/>
        <line num="459" count="1" type="stmt"/>
        <line num="462" count="4" type="stmt"/>
        <line num="472" count="11" type="cond" truecount="1" falsecount="1"/>
        <line num="474" count="11" type="cond" truecount="2" falsecount="0"/>
        <line num="475" count="2" type="stmt"/>
        <line num="478" count="9" type="cond" truecount="2" falsecount="0"/>
        <line num="480" count="8" type="stmt"/>
        <line num="481" count="8" type="cond" truecount="2" falsecount="0"/>
        <line num="482" count="6" type="stmt"/>
        <line num="486" count="1" type="stmt"/>
        <line num="495" count="7" type="stmt"/>
        <line num="496" count="7" type="cond" truecount="2" falsecount="0"/>
        <line num="498" count="6" type="stmt"/>
        <line num="499" count="6" type="stmt"/>
        <line num="500" count="6" type="stmt"/>
        <line num="502" count="6" type="stmt"/>
        <line num="504" count="6" type="stmt"/>
        <line num="505" count="12" type="cond" truecount="3" falsecount="1"/>
        <line num="506" count="0" type="stmt"/>
        <line num="507" count="0" type="stmt"/>
        <line num="510" count="16" type="stmt"/>
        <line num="511" count="12" type="cond" truecount="1" falsecount="1"/>
        <line num="512" count="0" type="stmt"/>
        <line num="513" count="0" type="stmt"/>
        <line num="516" count="12" type="stmt"/>
        <line num="517" count="12" type="stmt"/>
        <line num="519" count="12" type="stmt"/>
        <line num="520" count="12" type="stmt"/>
        <line num="522" count="12" type="stmt"/>
        <line num="525" count="6" type="stmt"/>
        <line num="527" count="6" type="stmt"/>
        <line num="528" count="6" type="stmt"/>
        <line num="530" count="6" type="stmt"/>
        <line num="532" count="6" type="stmt"/>
        <line num="536" count="55" type="stmt"/>
        <line num="550" count="3" type="stmt"/>
        <line num="551" count="3" type="stmt"/>
        <line num="552" count="3" type="stmt"/>
        <line num="554" count="3" type="cond" truecount="2" falsecount="0"/>
        <line num="556" count="3" type="stmt"/>
        <line num="557" count="7" type="stmt"/>
        <line num="558" count="7" type="stmt"/>
        <line num="568" count="7" type="stmt"/>
        <line num="569" count="7" type="stmt"/>
        <line num="572" count="3" type="stmt"/>
        <line num="573" count="3" type="stmt"/>
      </file>
    </package>
    <package name="src.utils">
      <metrics statements="141" coveredstatements="65" conditionals="92" coveredconditionals="10" methods="27" coveredmethods="14"/>
      <file name="errors.ts" path="C:\Users\valen\Documents\Dev_Perso\SkinPicker_Project\SkinPicker_Codebase\SkinPicker-Back\src\utils\errors.ts">
        <metrics statements="15" coveredstatements="13" conditionals="5" coveredconditionals="2" methods="3" coveredmethods="2"/>
        <line num="4" count="1" type="stmt"/>
        <line num="20" count="1" type="stmt"/>
        <line num="31" count="3" type="stmt"/>
        <line num="32" count="3" type="stmt"/>
        <line num="33" count="3" type="stmt"/>
        <line num="34" count="3" type="stmt"/>
        <line num="35" count="3" type="stmt"/>
        <line num="38" count="3" type="stmt"/>
        <line num="46" count="1" type="stmt"/>
        <line num="59" count="1" type="stmt"/>
        <line num="63" count="3" type="cond" truecount="1" falsecount="1"/>
        <line num="64" count="3" type="stmt"/>
        <line num="71" count="0" type="stmt"/>
        <line num="80" count="1" type="stmt"/>
        <line num="81" count="0" type="stmt"/>
      </file>
      <file name="logger.ts" path="C:\Users\valen\Documents\Dev_Perso\SkinPicker_Project\SkinPicker_Codebase\SkinPicker-Back\src\utils\logger.ts">
        <metrics statements="12" coveredstatements="12" conditionals="2" coveredconditionals="2" methods="1" coveredmethods="1"/>
        <line num="1" count="3" type="stmt"/>
        <line num="3" count="3" type="stmt"/>
        <line num="11" count="3" type="stmt"/>
        <line num="19" count="3" type="stmt"/>
        <line num="25" count="3" type="stmt"/>
        <line num="30" count="453" type="stmt"/>
        <line num="33" count="453" type="stmt"/>
        <line num="36" count="453" type="cond" truecount="2" falsecount="0"/>
        <line num="37" count="3" type="stmt"/>
        <line num="40" count="453" type="stmt"/>
        <line num="44" count="3" type="stmt"/>
        <line num="49" count="3" type="stmt"/>
      </file>
      <file name="socketHelpers.ts" path="C:\Users\valen\Documents\Dev_Perso\SkinPicker_Project\SkinPicker_Codebase\SkinPicker-Back\src\utils\socketHelpers.ts">
        <metrics statements="36" coveredstatements="15" conditionals="14" coveredconditionals="2" methods="8" coveredmethods="4"/>
        <line num="4" count="1" type="stmt"/>
        <line num="5" count="1" type="stmt"/>
        <line num="11" count="1" type="stmt"/>
        <line num="16" count="0" type="stmt"/>
        <line num="17" count="0" type="cond" truecount="0" falsecount="2"/>
        <line num="18" count="0" type="stmt"/>
        <line num="19" count="0" type="stmt"/>
        <line num="21" count="0" type="stmt"/>
        <line num="28" count="1" type="stmt"/>
        <line num="33" count="0" type="stmt"/>
        <line num="34" count="0" type="cond" truecount="0" falsecount="2"/>
        <line num="35" count="0" type="stmt"/>
        <line num="36" count="0" type="stmt"/>
        <line num="38" count="0" type="stmt"/>
        <line num="46" count="1" type="stmt"/>
        <line num="52" count="0" type="stmt"/>
        <line num="53" count="0" type="cond" truecount="0" falsecount="2"/>
        <line num="54" count="0" type="stmt"/>
        <line num="56" count="0" type="stmt"/>
        <line num="57" count="0" type="stmt"/>
        <line num="73" count="1" type="stmt"/>
        <line num="74" count="20" type="stmt"/>
        <line num="78" count="160" type="stmt"/>
        <line num="79" count="31" type="stmt"/>
        <line num="80" count="31" type="stmt"/>
        <line num="83" count="28" type="cond" truecount="1" falsecount="1"/>
        <line num="84" count="0" type="stmt"/>
        <line num="85" count="0" type="stmt"/>
        <line num="89" count="3" type="stmt"/>
        <line num="104" count="3" type="cond" truecount="1" falsecount="1"/>
        <line num="106" count="3" type="stmt"/>
        <line num="113" count="3" type="stmt"/>
        <line num="116" count="0" type="cond" truecount="0" falsecount="2"/>
        <line num="117" count="0" type="cond" truecount="0" falsecount="2"/>
        <line num="119" count="0" type="stmt"/>
        <line num="127" count="0" type="stmt"/>
      </file>
      <file name="validation.ts" path="C:\Users\valen\Documents\Dev_Perso\SkinPicker_Project\SkinPicker_Codebase\SkinPicker-Back\src\utils\validation.ts">
        <metrics statements="50" coveredstatements="0" conditionals="63" coveredconditionals="0" methods="8" coveredmethods="0"/>
        <line num="1" count="0" type="stmt"/>
        <line num="20" count="0" type="cond" truecount="0" falsecount="2"/>
        <line num="27" count="0" type="cond" truecount="0" falsecount="2"/>
        <line num="33" count="0" type="stmt"/>
        <line num="37" count="0" type="cond" truecount="0" falsecount="4"/>
        <line num="38" count="0" type="stmt"/>
        <line num="39" count="0" type="stmt"/>
        <line num="42" count="0" type="stmt"/>
        <line num="44" count="0" type="cond" truecount="0" falsecount="4"/>
        <line num="45" count="0" type="stmt"/>
        <line num="46" count="0" type="stmt"/>
        <line num="49" count="0" type="stmt"/>
        <line num="55" count="0" type="stmt"/>
        <line num="59" count="0" type="stmt"/>
        <line num="65" count="0" type="stmt"/>
        <line num="69" count="0" type="cond" truecount="0" falsecount="4"/>
        <line num="70" count="0" type="stmt"/>
        <line num="71" count="0" type="stmt"/>
        <line num="74" count="0" type="stmt"/>
        <line num="76" count="0" type="cond" truecount="0" falsecount="2"/>
        <line num="83" count="0" type="stmt"/>
        <line num="84" count="0" type="stmt"/>
        <line num="87" count="0" type="stmt"/>
        <line num="103" count="0" type="stmt"/>
        <line num="107" count="0" type="cond" truecount="0" falsecount="4"/>
        <line num="108" count="0" type="stmt"/>
        <line num="109" count="0" type="stmt"/>
        <line num="112" count="0" type="stmt"/>
        <line num="114" count="0" type="cond" truecount="0" falsecount="2"/>
        <line num="120" count="0" type="stmt"/>
        <line num="121" count="0" type="stmt"/>
        <line num="124" count="0" type="stmt"/>
        <line num="139" count="0" type="stmt"/>
        <line num="143" count="0" type="cond" truecount="0" falsecount="4"/>
        <line num="144" count="0" type="stmt"/>
        <line num="145" count="0" type="stmt"/>
        <line num="148" count="0" type="stmt"/>
        <line num="150" count="0" type="cond" truecount="0" falsecount="2"/>
        <line num="156" count="0" type="stmt"/>
        <line num="157" count="0" type="stmt"/>
        <line num="160" count="0" type="stmt"/>
        <line num="174" count="0" type="stmt"/>
        <line num="178" count="0" type="cond" truecount="0" falsecount="4"/>
        <line num="179" count="0" type="stmt"/>
        <line num="180" count="0" type="stmt"/>
        <line num="183" count="0" type="stmt"/>
        <line num="185" count="0" type="cond" truecount="0" falsecount="2"/>
        <line num="191" count="0" type="stmt"/>
        <line num="192" count="0" type="stmt"/>
        <line num="195" count="0" type="stmt"/>
      </file>
      <file name="versionAdapter.ts" path="C:\Users\valen\Documents\Dev_Perso\SkinPicker_Project\SkinPicker_Codebase\SkinPicker-Back\src\utils\versionAdapter.ts">
        <metrics statements="28" coveredstatements="25" conditionals="8" coveredconditionals="4" methods="7" coveredmethods="7"/>
        <line num="20" count="1" type="stmt"/>
        <line num="26" count="1" type="stmt"/>
        <line num="31" count="1" type="stmt"/>
        <line num="32" count="20" type="stmt"/>
        <line num="33" count="20" type="stmt"/>
        <line num="34" count="20" type="stmt"/>
        <line num="40" count="1" type="stmt"/>
        <line num="41" count="55" type="cond" truecount="1" falsecount="1"/>
        <line num="47" count="1" type="stmt"/>
        <line num="48" count="20" type="stmt"/>
        <line num="62" count="1" type="stmt"/>
        <line num="66" count="5" type="cond" truecount="1" falsecount="1"/>
        <line num="67" count="0" type="stmt"/>
        <line num="77" count="5" type="stmt"/>
        <line num="106" count="1" type="stmt"/>
        <line num="110" count="44" type="cond" truecount="1" falsecount="1"/>
        <line num="111" count="0" type="stmt"/>
        <line num="118" count="44" type="stmt"/>
        <line num="135" count="1" type="stmt"/>
        <line num="139" count="6" type="cond" truecount="1" falsecount="1"/>
        <line num="140" count="0" type="stmt"/>
        <line num="147" count="6" type="stmt"/>
        <line num="160" count="1" type="stmt"/>
        <line num="166" count="36" type="stmt"/>
        <line num="168" count="36" type="stmt"/>
        <line num="169" count="55" type="stmt"/>
        <line num="170" count="55" type="stmt"/>
        <line num="171" count="55" type="stmt"/>
      </file>
    </package>
  </project>
</coverage>
