{"C:\\Users\\valen\\Documents\\Dev_Perso\\SkinPicker_Project\\SkinPicker_Codebase\\SkinPicker-Back\\src\\server.ts": {"path":"C:\\Users\\valen\\Documents\\Dev_Perso\\SkinPicker_Project\\SkinPicker_Codebase\\SkinPicker-Back\\src\\server.ts","statementMap":{"0":{"start":{"line":1,"column":0},"end":{"line":1,"column":30}},"1":{"start":{"line":2,"column":0},"end":{"line":2,"column":24}},"2":{"start":{"line":3,"column":0},"end":{"line":3,"column":53}},"3":{"start":{"line":4,"column":0},"end":{"line":4,"column":24}},"4":{"start":{"line":5,"column":0},"end":{"line":5,"column":28}},"5":{"start":{"line":6,"column":0},"end":{"line":6,"column":43}},"6":{"start":{"line":7,"column":0},"end":{"line":7,"column":40}},"7":{"start":{"line":8,"column":0},"end":{"line":8,"column":58}},"8":{"start":{"line":9,"column":0},"end":{"line":9,"column":54}},"9":{"start":{"line":10,"column":0},"end":{"line":10,"column":null}},"10":{"start":{"line":20,"column":0},"end":{"line":20,"column":46}},"11":{"start":{"line":21,"column":0},"end":{"line":21,"column":54}},"12":{"start":{"line":22,"column":0},"end":{"line":22,"column":62}},"13":{"start":{"line":36,"column":0},"end":{"line":36,"column":35}},"14":{"start":{"line":38,"column":12},"end":{"line":38,"column":21}},"15":{"start":{"line":39,"column":20},"end":{"line":39,"column":45}},"16":{"start":{"line":42,"column":0},"end":{"line":42,"column":18}},"17":{"start":{"line":43,"column":0},"end":{"line":43,"column":16}},"18":{"start":{"line":44,"column":0},"end":{"line":44,"column":24}},"19":{"start":{"line":47,"column":16},"end":{"line":52,"column":2}},"20":{"start":{"line":53,"column":0},"end":{"line":53,"column":17}},"21":{"start":{"line":56,"column":0},"end":{"line":56,"column":30}},"22":{"start":{"line":58,"column":0},"end":{"line":60,"column":3}},"23":{"start":{"line":59,"column":2},"end":{"line":59,"column":50}},"24":{"start":{"line":63,"column":13},"end":{"line":63,"column":49}},"25":{"start":{"line":64,"column":13},"end":{"line":66,"column":3}},"26":{"start":{"line":71,"column":23},"end":{"line":71,"column":78}},"27":{"start":{"line":75,"column":25},"end":{"line":75,"column":50}},"28":{"start":{"line":76,"column":29},"end":{"line":76,"column":34}},"29":{"start":{"line":77,"column":35},"end":{"line":77,"column":41}},"30":{"start":{"line":80,"column":0},"end":{"line":87,"column":31}},"31":{"start":{"line":81,"column":14},"end":{"line":81,"column":24}},"32":{"start":{"line":82,"column":2},"end":{"line":86,"column":3}},"33":{"start":{"line":83,"column":4},"end":{"line":85,"column":5}},"34":{"start":{"line":84,"column":6},"end":{"line":84,"column":35}},"35":{"start":{"line":90,"column":15},"end":{"line":90,"column":42}},"36":{"start":{"line":91,"column":2},"end":{"line":91,"column":20}},"37":{"start":{"line":91,"column":13},"end":{"line":91,"column":20}},"38":{"start":{"line":93,"column":17},"end":{"line":93,"column":57}},"39":{"start":{"line":95,"column":2},"end":{"line":106,"column":3}},"40":{"start":{"line":97,"column":4},"end":{"line":97,"column":65}},"41":{"start":{"line":99,"column":4},"end":{"line":99,"column":42}},"42":{"start":{"line":102,"column":27},"end":{"line":102,"column":58}},"43":{"start":{"line":103,"column":4},"end":{"line":105,"column":6}},"44":{"start":{"line":104,"column":6},"end":{"line":104,"column":53}},"45":{"start":{"line":109,"column":0},"end":{"line":624,"column":3}},"46":{"start":{"line":111,"column":21},"end":{"line":111,"column":57}},"47":{"start":{"line":112,"column":24},"end":{"line":114,"column":null}},"48":{"start":{"line":116,"column":2},"end":{"line":116,"column":69}},"49":{"start":{"line":118,"column":22},"end":{"line":118,"column":47}},"50":{"start":{"line":120,"column":2},"end":{"line":141,"column":6}},"51":{"start":{"line":121,"column":17},"end":{"line":121,"column":44}},"52":{"start":{"line":122,"column":4},"end":{"line":124,"column":5}},"53":{"start":{"line":123,"column":6},"end":{"line":123,"column":98}},"54":{"start":{"line":126,"column":19},"end":{"line":126,"column":45}},"55":{"start":{"line":127,"column":4},"end":{"line":129,"column":5}},"56":{"start":{"line":128,"column":6},"end":{"line":128,"column":114}},"57":{"start":{"line":131,"column":4},"end":{"line":131,"column":84}},"58":{"start":{"line":133,"column":4},"end":{"line":133,"column":24}},"59":{"start":{"line":134,"column":4},"end":{"line":134,"column":56}},"60":{"start":{"line":137,"column":27},"end":{"line":137,"column":58}},"61":{"start":{"line":138,"column":4},"end":{"line":140,"column":6}},"62":{"start":{"line":139,"column":6},"end":{"line":139,"column":53}},"63":{"start":{"line":143,"column":2},"end":{"line":166,"column":6}},"64":{"start":{"line":144,"column":78},"end":{"line":144,"column":85}},"65":{"start":{"line":146,"column":17},"end":{"line":146,"column":44}},"66":{"start":{"line":147,"column":4},"end":{"line":149,"column":5}},"67":{"start":{"line":148,"column":6},"end":{"line":148,"column":98}},"68":{"start":{"line":151,"column":19},"end":{"line":151,"column":45}},"69":{"start":{"line":152,"column":4},"end":{"line":154,"column":5}},"70":{"start":{"line":153,"column":6},"end":{"line":153,"column":114}},"71":{"start":{"line":156,"column":4},"end":{"line":156,"column":35}},"72":{"start":{"line":157,"column":4},"end":{"line":157,"column":47}},"73":{"start":{"line":158,"column":4},"end":{"line":158,"column":27}},"74":{"start":{"line":159,"column":4},"end":{"line":159,"column":31}},"75":{"start":{"line":162,"column":27},"end":{"line":162,"column":58}},"76":{"start":{"line":163,"column":4},"end":{"line":165,"column":6}},"77":{"start":{"line":164,"column":6},"end":{"line":164,"column":53}},"78":{"start":{"line":168,"column":2},"end":{"line":223,"column":6}},"79":{"start":{"line":169,"column":69},"end":{"line":169,"column":76}},"80":{"start":{"line":171,"column":17},"end":{"line":171,"column":44}},"81":{"start":{"line":172,"column":4},"end":{"line":174,"column":5}},"82":{"start":{"line":173,"column":6},"end":{"line":173,"column":98}},"83":{"start":{"line":176,"column":19},"end":{"line":176,"column":45}},"84":{"start":{"line":177,"column":4},"end":{"line":179,"column":5}},"85":{"start":{"line":178,"column":6},"end":{"line":178,"column":114}},"86":{"start":{"line":181,"column":4},"end":{"line":181,"column":35}},"87":{"start":{"line":182,"column":4},"end":{"line":182,"column":47}},"88":{"start":{"line":183,"column":4},"end":{"line":183,"column":59}},"89":{"start":{"line":184,"column":4},"end":{"line":184,"column":26}},"90":{"start":{"line":187,"column":4},"end":{"line":194,"column":5}},"91":{"start":{"line":188,"column":6},"end":{"line":192,"column":9}},"92":{"start":{"line":193,"column":6},"end":{"line":193,"column":53}},"93":{"start":{"line":196,"column":4},"end":{"line":196,"column":103}},"94":{"start":{"line":198,"column":4},"end":{"line":198,"column":39}},"95":{"start":{"line":201,"column":4},"end":{"line":216,"column":5}},"96":{"start":{"line":202,"column":21},"end":{"line":202,"column":61}},"97":{"start":{"line":203,"column":6},"end":{"line":215,"column":7}},"98":{"start":{"line":205,"column":8},"end":{"line":214,"column":10}},"99":{"start":{"line":206,"column":10},"end":{"line":213,"column":21}},"100":{"start":{"line":219,"column":27},"end":{"line":219,"column":58}},"101":{"start":{"line":220,"column":4},"end":{"line":222,"column":6}},"102":{"start":{"line":221,"column":6},"end":{"line":221,"column":53}},"103":{"start":{"line":225,"column":2},"end":{"line":232,"column":6}},"104":{"start":{"line":226,"column":4},"end":{"line":226,"column":76}},"105":{"start":{"line":228,"column":4},"end":{"line":228,"column":49}},"106":{"start":{"line":230,"column":4},"end":{"line":230,"column":37}},"107":{"start":{"line":231,"column":4},"end":{"line":231,"column":25}},"108":{"start":{"line":234,"column":2},"end":{"line":264,"column":5}},"109":{"start":{"line":236,"column":17},"end":{"line":236,"column":46}},"110":{"start":{"line":237,"column":4},"end":{"line":237,"column":37}},"111":{"start":{"line":238,"column":4},"end":{"line":238,"column":35}},"112":{"start":{"line":240,"column":4},"end":{"line":243,"column":5}},"113":{"start":{"line":241,"column":6},"end":{"line":241,"column":79}},"114":{"start":{"line":242,"column":6},"end":{"line":242,"column":66}},"115":{"start":{"line":246,"column":18},"end":{"line":246,"column":63}},"116":{"start":{"line":247,"column":4},"end":{"line":263,"column":5}},"117":{"start":{"line":248,"column":22},"end":{"line":248,"column":55}},"118":{"start":{"line":249,"column":27},"end":{"line":249,"column":65}},"119":{"start":{"line":252,"column":6},"end":{"line":258,"column":7}},"120":{"start":{"line":253,"column":8},"end":{"line":257,"column":9}},"121":{"start":{"line":254,"column":10},"end":{"line":256,"column":11}},"122":{"start":{"line":255,"column":12},"end":{"line":255,"column":75}},"123":{"start":{"line":261,"column":6},"end":{"line":261,"column":44}},"124":{"start":{"line":262,"column":6},"end":{"line":262,"column":72}},"125":{"start":{"line":266,"column":2},"end":{"line":336,"column":6}},"126":{"start":{"line":267,"column":62},"end":{"line":267,"column":69}},"127":{"start":{"line":269,"column":17},"end":{"line":269,"column":44}},"128":{"start":{"line":270,"column":4},"end":{"line":272,"column":5}},"129":{"start":{"line":271,"column":6},"end":{"line":271,"column":98}},"130":{"start":{"line":274,"column":4},"end":{"line":280,"column":5}},"131":{"start":{"line":275,"column":6},"end":{"line":279,"column":9}},"132":{"start":{"line":282,"column":20},"end":{"line":282,"column":32}},"133":{"start":{"line":283,"column":4},"end":{"line":286,"column":5}},"134":{"start":{"line":284,"column":6},"end":{"line":284,"column":83}},"135":{"start":{"line":285,"column":6},"end":{"line":285,"column":13}},"136":{"start":{"line":288,"column":18},"end":{"line":288,"column":82}},"137":{"start":{"line":288,"column":45},"end":{"line":288,"column":81}},"138":{"start":{"line":289,"column":4},"end":{"line":292,"column":5}},"139":{"start":{"line":290,"column":6},"end":{"line":290,"column":98}},"140":{"start":{"line":291,"column":6},"end":{"line":291,"column":13}},"141":{"start":{"line":294,"column":76},"end":{"line":294,"column":78}},"142":{"start":{"line":297,"column":4},"end":{"line":314,"column":5}},"143":{"start":{"line":298,"column":6},"end":{"line":298,"column":31}},"144":{"start":{"line":298,"column":22},"end":{"line":298,"column":31}},"145":{"start":{"line":300,"column":19},"end":{"line":300,"column":73}},"146":{"start":{"line":300,"column":51},"end":{"line":300,"column":72}},"147":{"start":{"line":301,"column":6},"end":{"line":305,"column":7}},"148":{"start":{"line":303,"column":8},"end":{"line":303,"column":79}},"149":{"start":{"line":304,"column":8},"end":{"line":304,"column":17}},"150":{"start":{"line":307,"column":18},"end":{"line":307,"column":43}},"151":{"start":{"line":308,"column":18},"end":{"line":308,"column":27}},"152":{"start":{"line":310,"column":6},"end":{"line":310,"column":28}},"153":{"start":{"line":311,"column":6},"end":{"line":311,"column":32}},"154":{"start":{"line":313,"column":6},"end":{"line":313,"column":81}},"155":{"start":{"line":316,"column":4},"end":{"line":316,"column":90}},"156":{"start":{"line":318,"column":4},"end":{"line":318,"column":64}},"157":{"start":{"line":319,"column":4},"end":{"line":321,"column":5}},"158":{"start":{"line":320,"column":6},"end":{"line":320,"column":31}},"159":{"start":{"line":324,"column":4},"end":{"line":324,"column":49}},"160":{"start":{"line":327,"column":4},"end":{"line":329,"column":6}},"161":{"start":{"line":328,"column":6},"end":{"line":328,"column":103}},"162":{"start":{"line":332,"column":27},"end":{"line":332,"column":58}},"163":{"start":{"line":333,"column":4},"end":{"line":335,"column":6}},"164":{"start":{"line":334,"column":6},"end":{"line":334,"column":53}},"165":{"start":{"line":338,"column":2},"end":{"line":382,"column":5}},"166":{"start":{"line":339,"column":4},"end":{"line":381,"column":5}},"167":{"start":{"line":340,"column":53},"end":{"line":340,"column":60}},"168":{"start":{"line":342,"column":6},"end":{"line":342,"column":99}},"169":{"start":{"line":344,"column":19},"end":{"line":344,"column":46}},"170":{"start":{"line":345,"column":6},"end":{"line":349,"column":7}},"171":{"start":{"line":346,"column":8},"end":{"line":346,"column":64}},"172":{"start":{"line":347,"column":8},"end":{"line":347,"column":66}},"173":{"start":{"line":347,"column":17},"end":{"line":347,"column":66}},"174":{"start":{"line":348,"column":8},"end":{"line":348,"column":15}},"175":{"start":{"line":351,"column":21},"end":{"line":351,"column":47}},"176":{"start":{"line":352,"column":6},"end":{"line":356,"column":7}},"177":{"start":{"line":353,"column":8},"end":{"line":353,"column":86}},"178":{"start":{"line":354,"column":8},"end":{"line":354,"column":68}},"179":{"start":{"line":354,"column":17},"end":{"line":354,"column":68}},"180":{"start":{"line":355,"column":8},"end":{"line":355,"column":15}},"181":{"start":{"line":358,"column":6},"end":{"line":358,"column":124}},"182":{"start":{"line":361,"column":6},"end":{"line":371,"column":8}},"183":{"start":{"line":362,"column":8},"end":{"line":369,"column":null}},"184":{"start":{"line":374,"column":6},"end":{"line":377,"column":7}},"185":{"start":{"line":375,"column":8},"end":{"line":375,"column":31}},"186":{"start":{"line":376,"column":8},"end":{"line":376,"column":81}},"187":{"start":{"line":379,"column":6},"end":{"line":379,"column":71}},"188":{"start":{"line":380,"column":6},"end":{"line":380,"column":71}},"189":{"start":{"line":380,"column":15},"end":{"line":380,"column":71}},"190":{"start":{"line":385,"column":2},"end":{"line":413,"column":6}},"191":{"start":{"line":386,"column":39},"end":{"line":386,"column":46}},"192":{"start":{"line":388,"column":17},"end":{"line":388,"column":44}},"193":{"start":{"line":389,"column":4},"end":{"line":391,"column":5}},"194":{"start":{"line":390,"column":6},"end":{"line":390,"column":98}},"195":{"start":{"line":393,"column":4},"end":{"line":399,"column":5}},"196":{"start":{"line":394,"column":6},"end":{"line":398,"column":9}},"197":{"start":{"line":401,"column":4},"end":{"line":403,"column":5}},"198":{"start":{"line":402,"column":6},"end":{"line":402,"column":99}},"199":{"start":{"line":405,"column":4},"end":{"line":405,"column":25}},"200":{"start":{"line":406,"column":4},"end":{"line":406,"column":82}},"201":{"start":{"line":409,"column":27},"end":{"line":409,"column":58}},"202":{"start":{"line":410,"column":4},"end":{"line":412,"column":6}},"203":{"start":{"line":411,"column":6},"end":{"line":411,"column":53}},"204":{"start":{"line":416,"column":2},"end":{"line":455,"column":6}},"205":{"start":{"line":417,"column":45},"end":{"line":417,"column":52}},"206":{"start":{"line":419,"column":17},"end":{"line":419,"column":44}},"207":{"start":{"line":420,"column":4},"end":{"line":422,"column":5}},"208":{"start":{"line":421,"column":6},"end":{"line":421,"column":98}},"209":{"start":{"line":424,"column":4},"end":{"line":430,"column":5}},"210":{"start":{"line":425,"column":6},"end":{"line":429,"column":9}},"211":{"start":{"line":432,"column":19},"end":{"line":432,"column":69}},"212":{"start":{"line":433,"column":4},"end":{"line":435,"column":5}},"213":{"start":{"line":434,"column":6},"end":{"line":434,"column":116}},"214":{"start":{"line":437,"column":4},"end":{"line":437,"column":107}},"215":{"start":{"line":440,"column":4},"end":{"line":448,"column":6}},"216":{"start":{"line":441,"column":6},"end":{"line":447,"column":17}},"217":{"start":{"line":451,"column":27},"end":{"line":451,"column":58}},"218":{"start":{"line":452,"column":4},"end":{"line":454,"column":6}},"219":{"start":{"line":453,"column":6},"end":{"line":453,"column":53}},"220":{"start":{"line":458,"column":2},"end":{"line":508,"column":6}},"221":{"start":{"line":459,"column":40},"end":{"line":459,"column":47}},"222":{"start":{"line":461,"column":17},"end":{"line":461,"column":44}},"223":{"start":{"line":462,"column":4},"end":{"line":464,"column":5}},"224":{"start":{"line":463,"column":6},"end":{"line":463,"column":98}},"225":{"start":{"line":466,"column":4},"end":{"line":472,"column":5}},"226":{"start":{"line":467,"column":6},"end":{"line":471,"column":9}},"227":{"start":{"line":474,"column":4},"end":{"line":476,"column":5}},"228":{"start":{"line":475,"column":6},"end":{"line":475,"column":97}},"229":{"start":{"line":479,"column":4},"end":{"line":485,"column":5}},"230":{"start":{"line":480,"column":21},"end":{"line":480,"column":52}},"231":{"start":{"line":481,"column":6},"end":{"line":484,"column":7}},"232":{"start":{"line":482,"column":8},"end":{"line":482,"column":36}},"233":{"start":{"line":483,"column":8},"end":{"line":483,"column":40}},"234":{"start":{"line":487,"column":4},"end":{"line":490,"column":6}},"235":{"start":{"line":492,"column":4},"end":{"line":492,"column":102}},"236":{"start":{"line":495,"column":4},"end":{"line":501,"column":6}},"237":{"start":{"line":496,"column":6},"end":{"line":500,"column":17}},"238":{"start":{"line":504,"column":27},"end":{"line":504,"column":58}},"239":{"start":{"line":505,"column":4},"end":{"line":507,"column":6}},"240":{"start":{"line":506,"column":6},"end":{"line":506,"column":53}},"241":{"start":{"line":511,"column":2},"end":{"line":552,"column":5}},"242":{"start":{"line":512,"column":4},"end":{"line":551,"column":5}},"243":{"start":{"line":513,"column":47},"end":{"line":513,"column":54}},"244":{"start":{"line":516,"column":6},"end":{"line":519,"column":7}},"245":{"start":{"line":517,"column":8},"end":{"line":517,"column":68}},"246":{"start":{"line":518,"column":8},"end":{"line":518,"column":15}},"247":{"start":{"line":520,"column":6},"end":{"line":523,"column":7}},"248":{"start":{"line":521,"column":8},"end":{"line":521,"column":82}},"249":{"start":{"line":522,"column":8},"end":{"line":522,"column":15}},"250":{"start":{"line":524,"column":6},"end":{"line":527,"column":7}},"251":{"start":{"line":525,"column":8},"end":{"line":525,"column":65}},"252":{"start":{"line":526,"column":8},"end":{"line":526,"column":15}},"253":{"start":{"line":530,"column":6},"end":{"line":530,"column":60}},"254":{"start":{"line":533,"column":6},"end":{"line":533,"column":49}},"255":{"start":{"line":536,"column":28},"end":{"line":536,"column":69}},"256":{"start":{"line":539,"column":6},"end":{"line":539,"column":59}},"257":{"start":{"line":542,"column":6},"end":{"line":546,"column":7}},"258":{"start":{"line":543,"column":8},"end":{"line":545,"column":9}},"259":{"start":{"line":544,"column":10},"end":{"line":544,"column":86}},"260":{"start":{"line":548,"column":6},"end":{"line":548,"column":133}},"261":{"start":{"line":550,"column":6},"end":{"line":550,"column":64}},"262":{"start":{"line":555,"column":2},"end":{"line":623,"column":5}},"263":{"start":{"line":556,"column":4},"end":{"line":622,"column":5}},"264":{"start":{"line":557,"column":40},"end":{"line":557,"column":47}},"265":{"start":{"line":560,"column":26},"end":{"line":560,"column":71}},"266":{"start":{"line":561,"column":6},"end":{"line":565,"column":7}},"267":{"start":{"line":562,"column":8},"end":{"line":562,"column":67}},"268":{"start":{"line":563,"column":8},"end":{"line":563,"column":71}},"269":{"start":{"line":564,"column":8},"end":{"line":564,"column":15}},"270":{"start":{"line":568,"column":28},"end":{"line":568,"column":67}},"271":{"start":{"line":569,"column":6},"end":{"line":573,"column":7}},"272":{"start":{"line":570,"column":8},"end":{"line":570,"column":63}},"273":{"start":{"line":571,"column":8},"end":{"line":571,"column":89}},"274":{"start":{"line":572,"column":8},"end":{"line":572,"column":15}},"275":{"start":{"line":576,"column":27},"end":{"line":576,"column":58}},"276":{"start":{"line":577,"column":25},"end":{"line":577,"column":59}},"277":{"start":{"line":578,"column":6},"end":{"line":582,"column":7}},"278":{"start":{"line":579,"column":8},"end":{"line":579,"column":65}},"279":{"start":{"line":580,"column":8},"end":{"line":580,"column":80}},"280":{"start":{"line":581,"column":8},"end":{"line":581,"column":15}},"281":{"start":{"line":585,"column":6},"end":{"line":589,"column":7}},"282":{"start":{"line":586,"column":8},"end":{"line":586,"column":67}},"283":{"start":{"line":587,"column":8},"end":{"line":587,"column":64}},"284":{"start":{"line":588,"column":8},"end":{"line":588,"column":15}},"285":{"start":{"line":592,"column":19},"end":{"line":592,"column":54}},"286":{"start":{"line":593,"column":6},"end":{"line":603,"column":7}},"287":{"start":{"line":594,"column":31},"end":{"line":594,"column":71}},"288":{"start":{"line":595,"column":8},"end":{"line":602,"column":9}},"289":{"start":{"line":596,"column":35},"end":{"line":596,"column":69}},"290":{"start":{"line":597,"column":10},"end":{"line":601,"column":11}},"291":{"start":{"line":598,"column":12},"end":{"line":598,"column":72}},"292":{"start":{"line":599,"column":12},"end":{"line":599,"column":87}},"293":{"start":{"line":600,"column":12},"end":{"line":600,"column":19}},"294":{"start":{"line":606,"column":25},"end":{"line":606,"column":69}},"295":{"start":{"line":607,"column":6},"end":{"line":611,"column":9}},"296":{"start":{"line":614,"column":6},"end":{"line":614,"column":50}},"297":{"start":{"line":617,"column":6},"end":{"line":617,"column":53}},"298":{"start":{"line":619,"column":6},"end":{"line":619,"column":87}},"299":{"start":{"line":621,"column":6},"end":{"line":621,"column":60}},"300":{"start":{"line":628,"column":0},"end":{"line":633,"column":1}},"301":{"start":{"line":629,"column":15},"end":{"line":629,"column":47}},"302":{"start":{"line":630,"column":2},"end":{"line":632,"column":5}},"303":{"start":{"line":631,"column":4},"end":{"line":631,"column":58}}},"fnMap":{"0":{"name":"(anonymous_1)","decl":{"start":{"line":58,"column":13},"end":{"line":58,"column":14}},"loc":{"start":{"line":58,"column":26},"end":{"line":60,"column":1}}},"1":{"name":"(anonymous_2)","decl":{"start":{"line":80,"column":12},"end":{"line":80,"column":15}},"loc":{"start":{"line":80,"column":17},"end":{"line":87,"column":1}}},"2":{"name":"handleMemberLeave","decl":{"start":{"line":89,"column":9},"end":{"line":89,"column":26}},"loc":{"start":{"line":89,"column":75},"end":{"line":107,"column":1}}},"3":{"name":"(anonymous_4)","decl":{"start":{"line":103,"column":50},"end":{"line":103,"column":51}},"loc":{"start":{"line":104,"column":6},"end":{"line":104,"column":53}}},"4":{"name":"(anonymous_5)","decl":{"start":{"line":109,"column":20},"end":{"line":109,"column":21}},"loc":{"start":{"line":109,"column":31},"end":{"line":624,"column":1}}},"5":{"name":"(anonymous_6)","decl":{"start":{"line":120,"column":67},"end":{"line":120,"column":68}},"loc":{"start":{"line":120,"column":92},"end":{"line":141,"column":3}}},"6":{"name":"(anonymous_7)","decl":{"start":{"line":138,"column":50},"end":{"line":138,"column":51}},"loc":{"start":{"line":139,"column":6},"end":{"line":139,"column":53}}},"7":{"name":"(anonymous_8)","decl":{"start":{"line":143,"column":88},"end":{"line":143,"column":89}},"loc":{"start":{"line":143,"column":100},"end":{"line":166,"column":3}}},"8":{"name":"(anonymous_9)","decl":{"start":{"line":163,"column":50},"end":{"line":163,"column":51}},"loc":{"start":{"line":164,"column":6},"end":{"line":164,"column":53}}},"9":{"name":"(anonymous_10)","decl":{"start":{"line":168,"column":79},"end":{"line":168,"column":80}},"loc":{"start":{"line":168,"column":91},"end":{"line":223,"column":3}}},"10":{"name":"(anonymous_11)","decl":{"start":{"line":205,"column":61},"end":{"line":205,"column":62}},"loc":{"start":{"line":206,"column":10},"end":{"line":213,"column":21}}},"11":{"name":"(anonymous_12)","decl":{"start":{"line":220,"column":50},"end":{"line":220,"column":51}},"loc":{"start":{"line":221,"column":6},"end":{"line":221,"column":53}}},"12":{"name":"(anonymous_13)","decl":{"start":{"line":225,"column":70},"end":{"line":225,"column":71}},"loc":{"start":{"line":225,"column":95},"end":{"line":232,"column":3}}},"13":{"name":"(anonymous_14)","decl":{"start":{"line":234,"column":26},"end":{"line":234,"column":29}},"loc":{"start":{"line":234,"column":31},"end":{"line":264,"column":3}}},"14":{"name":"(anonymous_15)","decl":{"start":{"line":266,"column":99},"end":{"line":266,"column":100}},"loc":{"start":{"line":266,"column":111},"end":{"line":336,"column":3}}},"15":{"name":"(anonymous_16)","decl":{"start":{"line":288,"column":38},"end":{"line":288,"column":39}},"loc":{"start":{"line":288,"column":45},"end":{"line":288,"column":81}}},"16":{"name":"(anonymous_17)","decl":{"start":{"line":300,"column":44},"end":{"line":300,"column":45}},"loc":{"start":{"line":300,"column":51},"end":{"line":300,"column":72}}},"17":{"name":"(anonymous_18)","decl":{"start":{"line":327,"column":57},"end":{"line":327,"column":58}},"loc":{"start":{"line":328,"column":6},"end":{"line":328,"column":103}}},"18":{"name":"(anonymous_19)","decl":{"start":{"line":333,"column":50},"end":{"line":333,"column":51}},"loc":{"start":{"line":334,"column":6},"end":{"line":334,"column":53}}},"19":{"name":"(anonymous_20)","decl":{"start":{"line":338,"column":29},"end":{"line":338,"column":30}},"loc":{"start":{"line":338,"column":126},"end":{"line":382,"column":3}}},"20":{"name":"(anonymous_21)","decl":{"start":{"line":361,"column":67},"end":{"line":361,"column":68}},"loc":{"start":{"line":362,"column":8},"end":{"line":369,"column":null}}},"21":{"name":"(anonymous_22)","decl":{"start":{"line":385,"column":78},"end":{"line":385,"column":79}},"loc":{"start":{"line":385,"column":90},"end":{"line":413,"column":3}}},"22":{"name":"(anonymous_23)","decl":{"start":{"line":410,"column":50},"end":{"line":410,"column":51}},"loc":{"start":{"line":411,"column":6},"end":{"line":411,"column":53}}},"23":{"name":"(anonymous_24)","decl":{"start":{"line":416,"column":107},"end":{"line":416,"column":108}},"loc":{"start":{"line":416,"column":119},"end":{"line":455,"column":3}}},"24":{"name":"(anonymous_25)","decl":{"start":{"line":440,"column":57},"end":{"line":440,"column":58}},"loc":{"start":{"line":441,"column":6},"end":{"line":447,"column":17}}},"25":{"name":"(anonymous_26)","decl":{"start":{"line":452,"column":50},"end":{"line":452,"column":51}},"loc":{"start":{"line":453,"column":6},"end":{"line":453,"column":53}}},"26":{"name":"(anonymous_27)","decl":{"start":{"line":458,"column":93},"end":{"line":458,"column":94}},"loc":{"start":{"line":458,"column":105},"end":{"line":508,"column":3}}},"27":{"name":"(anonymous_28)","decl":{"start":{"line":495,"column":57},"end":{"line":495,"column":58}},"loc":{"start":{"line":496,"column":6},"end":{"line":500,"column":17}}},"28":{"name":"(anonymous_29)","decl":{"start":{"line":505,"column":50},"end":{"line":505,"column":51}},"loc":{"start":{"line":506,"column":6},"end":{"line":506,"column":53}}},"29":{"name":"(anonymous_30)","decl":{"start":{"line":511,"column":24},"end":{"line":511,"column":25}},"loc":{"start":{"line":511,"column":53},"end":{"line":552,"column":3}}},"30":{"name":"(anonymous_31)","decl":{"start":{"line":555,"column":32},"end":{"line":555,"column":33}},"loc":{"start":{"line":555,"column":67},"end":{"line":623,"column":3}}},"31":{"name":"(anonymous_32)","decl":{"start":{"line":630,"column":37},"end":{"line":630,"column":40}},"loc":{"start":{"line":630,"column":42},"end":{"line":632,"column":3}}}},"branchMap":{"0":{"loc":{"start":{"line":83,"column":4},"end":{"line":85,"column":5}},"type":"if","locations":[{"start":{"line":83,"column":4},"end":{"line":85,"column":5}},{"start":{},"end":{}}]},"1":{"loc":{"start":{"line":91,"column":2},"end":{"line":91,"column":20}},"type":"if","locations":[{"start":{"line":91,"column":2},"end":{"line":91,"column":20}},{"start":{},"end":{}}]},"2":{"loc":{"start":{"line":95,"column":2},"end":{"line":106,"column":3}},"type":"if","locations":[{"start":{"line":95,"column":2},"end":{"line":106,"column":3}},{"start":{"line":100,"column":9},"end":{"line":106,"column":3}}]},"3":{"loc":{"start":{"line":114,"column":4},"end":{"line":114,"column":70}},"type":"cond-expr","locations":[{"start":{"line":114,"column":37},"end":{"line":114,"column":66}},{"start":{"line":114,"column":69},"end":{"line":114,"column":70}}]},"4":{"loc":{"start":{"line":114,"column":37},"end":{"line":114,"column":66}},"type":"binary-expr","locations":[{"start":{"line":114,"column":37},"end":{"line":114,"column":61}},{"start":{"line":114,"column":65},"end":{"line":114,"column":66}}]},"5":{"loc":{"start":{"line":122,"column":4},"end":{"line":124,"column":5}},"type":"if","locations":[{"start":{"line":122,"column":4},"end":{"line":124,"column":5}},{"start":{},"end":{}}]},"6":{"loc":{"start":{"line":127,"column":4},"end":{"line":129,"column":5}},"type":"if","locations":[{"start":{"line":127,"column":4},"end":{"line":129,"column":5}},{"start":{},"end":{}}]},"7":{"loc":{"start":{"line":147,"column":4},"end":{"line":149,"column":5}},"type":"if","locations":[{"start":{"line":147,"column":4},"end":{"line":149,"column":5}},{"start":{},"end":{}}]},"8":{"loc":{"start":{"line":152,"column":4},"end":{"line":154,"column":5}},"type":"if","locations":[{"start":{"line":152,"column":4},"end":{"line":154,"column":5}},{"start":{},"end":{}}]},"9":{"loc":{"start":{"line":157,"column":27},"end":{"line":157,"column":46}},"type":"binary-expr","locations":[{"start":{"line":157,"column":27},"end":{"line":157,"column":40}},{"start":{"line":157,"column":44},"end":{"line":157,"column":46}}]},"10":{"loc":{"start":{"line":172,"column":4},"end":{"line":174,"column":5}},"type":"if","locations":[{"start":{"line":172,"column":4},"end":{"line":174,"column":5}},{"start":{},"end":{}}]},"11":{"loc":{"start":{"line":177,"column":4},"end":{"line":179,"column":5}},"type":"if","locations":[{"start":{"line":177,"column":4},"end":{"line":179,"column":5}},{"start":{},"end":{}}]},"12":{"loc":{"start":{"line":182,"column":27},"end":{"line":182,"column":46}},"type":"binary-expr","locations":[{"start":{"line":182,"column":27},"end":{"line":182,"column":40}},{"start":{"line":182,"column":44},"end":{"line":182,"column":46}}]},"13":{"loc":{"start":{"line":183,"column":21},"end":{"line":183,"column":58}},"type":"cond-expr","locations":[{"start":{"line":183,"column":46},"end":{"line":183,"column":53}},{"start":{"line":183,"column":56},"end":{"line":183,"column":58}}]},"14":{"loc":{"start":{"line":187,"column":4},"end":{"line":194,"column":5}},"type":"if","locations":[{"start":{"line":187,"column":4},"end":{"line":194,"column":5}},{"start":{},"end":{}}]},"15":{"loc":{"start":{"line":187,"column":8},"end":{"line":187,"column":54}},"type":"binary-expr","locations":[{"start":{"line":187,"column":8},"end":{"line":187,"column":22}},{"start":{"line":187,"column":26},"end":{"line":187,"column":54}}]},"16":{"loc":{"start":{"line":201,"column":4},"end":{"line":216,"column":5}},"type":"if","locations":[{"start":{"line":201,"column":4},"end":{"line":216,"column":5}},{"start":{},"end":{}}]},"17":{"loc":{"start":{"line":203,"column":6},"end":{"line":215,"column":7}},"type":"if","locations":[{"start":{"line":203,"column":6},"end":{"line":215,"column":7}},{"start":{},"end":{}}]},"18":{"loc":{"start":{"line":207,"column":18},"end":{"line":207,"column":62}},"type":"cond-expr","locations":[{"start":{"line":207,"column":38},"end":{"line":207,"column":48}},{"start":{"line":207,"column":51},"end":{"line":207,"column":62}}]},"19":{"loc":{"start":{"line":240,"column":4},"end":{"line":243,"column":5}},"type":"if","locations":[{"start":{"line":240,"column":4},"end":{"line":243,"column":5}},{"start":{},"end":{}}]},"20":{"loc":{"start":{"line":247,"column":4},"end":{"line":263,"column":5}},"type":"if","locations":[{"start":{"line":247,"column":4},"end":{"line":263,"column":5}},{"start":{},"end":{}}]},"21":{"loc":{"start":{"line":252,"column":6},"end":{"line":258,"column":7}},"type":"if","locations":[{"start":{"line":252,"column":6},"end":{"line":258,"column":7}},{"start":{},"end":{}}]},"22":{"loc":{"start":{"line":254,"column":10},"end":{"line":256,"column":11}},"type":"if","locations":[{"start":{"line":254,"column":10},"end":{"line":256,"column":11}},{"start":{},"end":{}}]},"23":{"loc":{"start":{"line":270,"column":4},"end":{"line":272,"column":5}},"type":"if","locations":[{"start":{"line":270,"column":4},"end":{"line":272,"column":5}},{"start":{},"end":{}}]},"24":{"loc":{"start":{"line":274,"column":4},"end":{"line":280,"column":5}},"type":"if","locations":[{"start":{"line":274,"column":4},"end":{"line":280,"column":5}},{"start":{},"end":{}}]},"25":{"loc":{"start":{"line":283,"column":4},"end":{"line":286,"column":5}},"type":"if","locations":[{"start":{"line":283,"column":4},"end":{"line":286,"column":5}},{"start":{},"end":{}}]},"26":{"loc":{"start":{"line":288,"column":45},"end":{"line":288,"column":81}},"type":"binary-expr","locations":[{"start":{"line":288,"column":45},"end":{"line":288,"column":60}},{"start":{"line":288,"column":64},"end":{"line":288,"column":81}}]},"27":{"loc":{"start":{"line":289,"column":4},"end":{"line":292,"column":5}},"type":"if","locations":[{"start":{"line":289,"column":4},"end":{"line":292,"column":5}},{"start":{},"end":{}}]},"28":{"loc":{"start":{"line":298,"column":6},"end":{"line":298,"column":31}},"type":"if","locations":[{"start":{"line":298,"column":6},"end":{"line":298,"column":31}},{"start":{},"end":{}}]},"29":{"loc":{"start":{"line":300,"column":20},"end":{"line":300,"column":35}},"type":"binary-expr","locations":[{"start":{"line":300,"column":20},"end":{"line":300,"column":29}},{"start":{"line":300,"column":33},"end":{"line":300,"column":35}}]},"30":{"loc":{"start":{"line":301,"column":6},"end":{"line":305,"column":7}},"type":"if","locations":[{"start":{"line":301,"column":6},"end":{"line":305,"column":7}},{"start":{},"end":{}}]},"31":{"loc":{"start":{"line":319,"column":4},"end":{"line":321,"column":5}},"type":"if","locations":[{"start":{"line":319,"column":4},"end":{"line":321,"column":5}},{"start":{},"end":{}}]},"32":{"loc":{"start":{"line":345,"column":6},"end":{"line":349,"column":7}},"type":"if","locations":[{"start":{"line":345,"column":6},"end":{"line":349,"column":7}},{"start":{},"end":{}}]},"33":{"loc":{"start":{"line":347,"column":8},"end":{"line":347,"column":66}},"type":"if","locations":[{"start":{"line":347,"column":8},"end":{"line":347,"column":66}},{"start":{},"end":{}}]},"34":{"loc":{"start":{"line":352,"column":6},"end":{"line":356,"column":7}},"type":"if","locations":[{"start":{"line":352,"column":6},"end":{"line":356,"column":7}},{"start":{},"end":{}}]},"35":{"loc":{"start":{"line":354,"column":8},"end":{"line":354,"column":68}},"type":"if","locations":[{"start":{"line":354,"column":8},"end":{"line":354,"column":68}},{"start":{},"end":{}}]},"36":{"loc":{"start":{"line":374,"column":6},"end":{"line":377,"column":7}},"type":"if","locations":[{"start":{"line":374,"column":6},"end":{"line":377,"column":7}},{"start":{},"end":{}}]},"37":{"loc":{"start":{"line":380,"column":6},"end":{"line":380,"column":71}},"type":"if","locations":[{"start":{"line":380,"column":6},"end":{"line":380,"column":71}},{"start":{},"end":{}}]},"38":{"loc":{"start":{"line":389,"column":4},"end":{"line":391,"column":5}},"type":"if","locations":[{"start":{"line":389,"column":4},"end":{"line":391,"column":5}},{"start":{},"end":{}}]},"39":{"loc":{"start":{"line":393,"column":4},"end":{"line":399,"column":5}},"type":"if","locations":[{"start":{"line":393,"column":4},"end":{"line":399,"column":5}},{"start":{},"end":{}}]},"40":{"loc":{"start":{"line":401,"column":4},"end":{"line":403,"column":5}},"type":"if","locations":[{"start":{"line":401,"column":4},"end":{"line":403,"column":5}},{"start":{},"end":{}}]},"41":{"loc":{"start":{"line":420,"column":4},"end":{"line":422,"column":5}},"type":"if","locations":[{"start":{"line":420,"column":4},"end":{"line":422,"column":5}},{"start":{},"end":{}}]},"42":{"loc":{"start":{"line":424,"column":4},"end":{"line":430,"column":5}},"type":"if","locations":[{"start":{"line":424,"column":4},"end":{"line":430,"column":5}},{"start":{},"end":{}}]},"43":{"loc":{"start":{"line":433,"column":4},"end":{"line":435,"column":5}},"type":"if","locations":[{"start":{"line":433,"column":4},"end":{"line":435,"column":5}},{"start":{},"end":{}}]},"44":{"loc":{"start":{"line":462,"column":4},"end":{"line":464,"column":5}},"type":"if","locations":[{"start":{"line":462,"column":4},"end":{"line":464,"column":5}},{"start":{},"end":{}}]},"45":{"loc":{"start":{"line":466,"column":4},"end":{"line":472,"column":5}},"type":"if","locations":[{"start":{"line":466,"column":4},"end":{"line":472,"column":5}},{"start":{},"end":{}}]},"46":{"loc":{"start":{"line":474,"column":4},"end":{"line":476,"column":5}},"type":"if","locations":[{"start":{"line":474,"column":4},"end":{"line":476,"column":5}},{"start":{},"end":{}}]},"47":{"loc":{"start":{"line":474,"column":8},"end":{"line":474,"column":51}},"type":"binary-expr","locations":[{"start":{"line":474,"column":8},"end":{"line":474,"column":29}},{"start":{"line":474,"column":33},"end":{"line":474,"column":51}}]},"48":{"loc":{"start":{"line":481,"column":6},"end":{"line":484,"column":7}},"type":"if","locations":[{"start":{"line":481,"column":6},"end":{"line":484,"column":7}},{"start":{},"end":{}}]},"49":{"loc":{"start":{"line":516,"column":6},"end":{"line":519,"column":7}},"type":"if","locations":[{"start":{"line":516,"column":6},"end":{"line":519,"column":7}},{"start":{},"end":{}}]},"50":{"loc":{"start":{"line":516,"column":10},"end":{"line":516,"column":66}},"type":"binary-expr","locations":[{"start":{"line":516,"column":10},"end":{"line":516,"column":16}},{"start":{"line":516,"column":20},"end":{"line":516,"column":45}},{"start":{"line":516,"column":49},"end":{"line":516,"column":66}}]},"51":{"loc":{"start":{"line":520,"column":6},"end":{"line":523,"column":7}},"type":"if","locations":[{"start":{"line":520,"column":6},"end":{"line":523,"column":7}},{"start":{},"end":{}}]},"52":{"loc":{"start":{"line":520,"column":10},"end":{"line":520,"column":59}},"type":"binary-expr","locations":[{"start":{"line":520,"column":10},"end":{"line":520,"column":23}},{"start":{"line":520,"column":27},"end":{"line":520,"column":59}}]},"53":{"loc":{"start":{"line":524,"column":6},"end":{"line":527,"column":7}},"type":"if","locations":[{"start":{"line":524,"column":6},"end":{"line":527,"column":7}},{"start":{},"end":{}}]},"54":{"loc":{"start":{"line":543,"column":8},"end":{"line":545,"column":9}},"type":"if","locations":[{"start":{"line":543,"column":8},"end":{"line":545,"column":9}},{"start":{},"end":{}}]},"55":{"loc":{"start":{"line":561,"column":6},"end":{"line":565,"column":7}},"type":"if","locations":[{"start":{"line":561,"column":6},"end":{"line":565,"column":7}},{"start":{},"end":{}}]},"56":{"loc":{"start":{"line":569,"column":6},"end":{"line":573,"column":7}},"type":"if","locations":[{"start":{"line":569,"column":6},"end":{"line":573,"column":7}},{"start":{},"end":{}}]},"57":{"loc":{"start":{"line":569,"column":10},"end":{"line":569,"column":64}},"type":"binary-expr","locations":[{"start":{"line":569,"column":10},"end":{"line":569,"column":24}},{"start":{"line":569,"column":28},"end":{"line":569,"column":64}}]},"58":{"loc":{"start":{"line":578,"column":6},"end":{"line":582,"column":7}},"type":"if","locations":[{"start":{"line":578,"column":6},"end":{"line":582,"column":7}},{"start":{},"end":{}}]},"59":{"loc":{"start":{"line":578,"column":10},"end":{"line":578,"column":70}},"type":"binary-expr","locations":[{"start":{"line":578,"column":10},"end":{"line":578,"column":20}},{"start":{"line":578,"column":24},"end":{"line":578,"column":70}}]},"60":{"loc":{"start":{"line":585,"column":6},"end":{"line":589,"column":7}},"type":"if","locations":[{"start":{"line":585,"column":6},"end":{"line":589,"column":7}},{"start":{},"end":{}}]},"61":{"loc":{"start":{"line":593,"column":6},"end":{"line":603,"column":7}},"type":"if","locations":[{"start":{"line":593,"column":6},"end":{"line":603,"column":7}},{"start":{},"end":{}}]},"62":{"loc":{"start":{"line":595,"column":8},"end":{"line":602,"column":9}},"type":"if","locations":[{"start":{"line":595,"column":8},"end":{"line":602,"column":9}},{"start":{},"end":{}}]},"63":{"loc":{"start":{"line":597,"column":10},"end":{"line":601,"column":11}},"type":"if","locations":[{"start":{"line":597,"column":10},"end":{"line":601,"column":11}},{"start":{},"end":{}}]},"64":{"loc":{"start":{"line":597,"column":14},"end":{"line":597,"column":69}},"type":"binary-expr","locations":[{"start":{"line":597,"column":14},"end":{"line":597,"column":30}},{"start":{"line":597,"column":34},"end":{"line":597,"column":69}}]},"65":{"loc":{"start":{"line":628,"column":0},"end":{"line":633,"column":1}},"type":"if","locations":[{"start":{"line":628,"column":0},"end":{"line":633,"column":1}},{"start":{},"end":{}}]},"66":{"loc":{"start":{"line":629,"column":15},"end":{"line":629,"column":47}},"type":"binary-expr","locations":[{"start":{"line":629,"column":15},"end":{"line":629,"column":39}},{"start":{"line":629,"column":43},"end":{"line":629,"column":47}}]}},"s":{"0":1,"1":1,"2":1,"3":1,"4":1,"5":1,"6":1,"7":1,"8":1,"9":1,"10":1,"11":1,"12":1,"13":1,"14":1,"15":1,"16":1,"17":1,"18":1,"19":1,"20":1,"21":1,"22":1,"23":0,"24":1,"25":1,"26":1,"27":1,"28":1,"29":1,"30":1,"31":0,"32":0,"33":0,"34":0,"35":20,"36":20,"37":18,"38":2,"39":2,"40":0,"41":0,"42":2,"43":2,"44":1,"45":1,"46":20,"47":20,"48":20,"49":20,"50":20,"51":20,"52":20,"53":0,"54":20,"55":20,"56":0,"57":20,"58":20,"59":20,"60":20,"61":20,"62":28,"63":20,"64":3,"65":3,"66":3,"67":0,"68":3,"69":3,"70":0,"71":3,"72":3,"73":3,"74":3,"75":3,"76":3,"77":6,"78":20,"79":2,"80":2,"81":2,"82":0,"83":2,"84":2,"85":0,"86":2,"87":2,"88":2,"89":2,"90":2,"91":0,"92":0,"93":2,"94":2,"95":2,"96":1,"97":1,"98":1,"99":2,"100":2,"101":2,"102":4,"103":20,"104":0,"105":0,"106":0,"107":0,"108":20,"109":20,"110":20,"111":20,"112":20,"113":20,"114":20,"115":20,"116":20,"117":0,"118":0,"119":0,"120":0,"121":0,"122":0,"123":0,"124":0,"125":20,"126":0,"127":0,"128":0,"129":0,"130":0,"131":0,"132":0,"133":0,"134":0,"135":0,"136":0,"137":0,"138":0,"139":0,"140":0,"141":0,"142":0,"143":0,"144":0,"145":0,"146":0,"147":0,"148":0,"149":0,"150":0,"151":0,"152":0,"153":0,"154":0,"155":0,"156":0,"157":0,"158":0,"159":0,"160":0,"161":0,"162":0,"163":0,"164":0,"165":20,"166":3,"167":3,"168":3,"169":3,"170":3,"171":0,"172":0,"173":0,"174":0,"175":3,"176":3,"177":0,"178":0,"179":0,"180":0,"181":3,"182":3,"183":5,"184":3,"185":0,"186":0,"187":0,"188":0,"189":0,"190":20,"191":2,"192":2,"193":2,"194":0,"195":2,"196":1,"197":1,"198":0,"199":1,"200":1,"201":1,"202":1,"203":1,"204":20,"205":2,"206":2,"207":2,"208":0,"209":2,"210":0,"211":2,"212":2,"213":1,"214":1,"215":1,"216":2,"217":1,"218":1,"219":2,"220":20,"221":2,"222":2,"223":2,"224":0,"225":2,"226":1,"227":1,"228":0,"229":1,"230":2,"231":2,"232":2,"233":2,"234":1,"235":1,"236":1,"237":2,"238":1,"239":1,"240":2,"241":20,"242":0,"243":0,"244":0,"245":0,"246":0,"247":0,"248":0,"249":0,"250":0,"251":0,"252":0,"253":0,"254":0,"255":0,"256":0,"257":0,"258":0,"259":0,"260":0,"261":0,"262":20,"263":0,"264":0,"265":0,"266":0,"267":0,"268":0,"269":0,"270":0,"271":0,"272":0,"273":0,"274":0,"275":0,"276":0,"277":0,"278":0,"279":0,"280":0,"281":0,"282":0,"283":0,"284":0,"285":0,"286":0,"287":0,"288":0,"289":0,"290":0,"291":0,"292":0,"293":0,"294":0,"295":0,"296":0,"297":0,"298":0,"299":0,"300":1,"301":0,"302":0,"303":0},"f":{"0":0,"1":0,"2":20,"3":1,"4":20,"5":20,"6":28,"7":3,"8":6,"9":2,"10":2,"11":4,"12":0,"13":20,"14":0,"15":0,"16":0,"17":0,"18":0,"19":3,"20":5,"21":2,"22":1,"23":2,"24":2,"25":2,"26":2,"27":2,"28":2,"29":0,"30":0,"31":0},"b":{"0":[0,0],"1":[18,2],"2":[0,2],"3":[0,20],"4":[0,0],"5":[0,20],"6":[0,20],"7":[0,3],"8":[0,3],"9":[3,3],"10":[0,2],"11":[0,2],"12":[2,0],"13":[2,0],"14":[0,2],"15":[2,2],"16":[1,1],"17":[1,0],"18":[2,0],"19":[20,0],"20":[0,20],"21":[0,0],"22":[0,0],"23":[0,0],"24":[0,0],"25":[0,0],"26":[0,0],"27":[0,0],"28":[0,0],"29":[0,0],"30":[0,0],"31":[0,0],"32":[0,3],"33":[0,0],"34":[0,3],"35":[0,0],"36":[0,3],"37":[0,0],"38":[0,2],"39":[1,1],"40":[0,1],"41":[0,2],"42":[0,2],"43":[1,1],"44":[0,2],"45":[1,1],"46":[0,1],"47":[1,1],"48":[2,0],"49":[0,0],"50":[0,0,0],"51":[0,0],"52":[0,0],"53":[0,0],"54":[0,0],"55":[0,0],"56":[0,0],"57":[0,0],"58":[0,0],"59":[0,0],"60":[0,0],"61":[0,0],"62":[0,0],"63":[0,0],"64":[0,0],"65":[0,1],"66":[0,0]}}
,"C:\\Users\\valen\\Documents\\Dev_Perso\\SkinPicker_Project\\SkinPicker_Codebase\\SkinPicker-Back\\src\\controllers\\room.controller.ts": {"path":"C:\\Users\\valen\\Documents\\Dev_Perso\\SkinPicker_Project\\SkinPicker_Codebase\\SkinPicker-Back\\src\\controllers\\room.controller.ts","statementMap":{"0":{"start":{"line":2,"column":0},"end":{"line":2,"column":55}},"1":{"start":{"line":3,"column":0},"end":{"line":3,"column":41}},"2":{"start":{"line":5,"column":20},"end":{"line":5,"column":45}},"3":{"start":{"line":7,"column":26},"end":{"line":23,"column":1}},"4":{"start":{"line":8,"column":2},"end":{"line":22,"column":3}},"5":{"start":{"line":9,"column":17},"end":{"line":9,"column":64}},"6":{"start":{"line":10,"column":29},"end":{"line":10,"column":57}},"7":{"start":{"line":12,"column":4},"end":{"line":18,"column":7}},"8":{"start":{"line":20,"column":4},"end":{"line":20,"column":48}},"9":{"start":{"line":21,"column":4},"end":{"line":21,"column":61}},"10":{"start":{"line":7,"column":13},"end":{"line":7,"column":26}},"11":{"start":{"line":25,"column":29},"end":{"line":40,"column":1}},"12":{"start":{"line":26,"column":2},"end":{"line":39,"column":3}},"13":{"start":{"line":27,"column":29},"end":{"line":27,"column":56}},"14":{"start":{"line":29,"column":4},"end":{"line":35,"column":7}},"15":{"start":{"line":37,"column":4},"end":{"line":37,"column":52}},"16":{"start":{"line":38,"column":4},"end":{"line":38,"column":61}},"17":{"start":{"line":25,"column":13},"end":{"line":25,"column":29}},"18":{"start":{"line":42,"column":24},"end":{"line":67,"column":1}},"19":{"start":{"line":43,"column":2},"end":{"line":66,"column":3}},"20":{"start":{"line":44,"column":17},"end":{"line":44,"column":66}},"21":{"start":{"line":45,"column":17},"end":{"line":45,"column":64}},"22":{"start":{"line":47,"column":19},"end":{"line":47,"column":51}},"23":{"start":{"line":49,"column":4},"end":{"line":52,"column":5}},"24":{"start":{"line":50,"column":6},"end":{"line":50,"column":62}},"25":{"start":{"line":51,"column":6},"end":{"line":51,"column":13}},"26":{"start":{"line":54,"column":29},"end":{"line":54,"column":35}},"27":{"start":{"line":56,"column":4},"end":{"line":62,"column":7}},"28":{"start":{"line":64,"column":4},"end":{"line":64,"column":47}},"29":{"start":{"line":65,"column":4},"end":{"line":65,"column":61}},"30":{"start":{"line":42,"column":13},"end":{"line":42,"column":24}},"31":{"start":{"line":69,"column":23},"end":{"line":96,"column":1}},"32":{"start":{"line":70,"column":2},"end":{"line":95,"column":3}},"33":{"start":{"line":71,"column":20},"end":{"line":71,"column":70}},"34":{"start":{"line":72,"column":17},"end":{"line":72,"column":51}},"35":{"start":{"line":74,"column":4},"end":{"line":76,"column":5}},"36":{"start":{"line":75,"column":6},"end":{"line":75,"column":63}},"37":{"start":{"line":78,"column":17},"end":{"line":78,"column":31}},"38":{"start":{"line":79,"column":21},"end":{"line":79,"column":44}},"39":{"start":{"line":80,"column":18},"end":{"line":80,"column":83}},"40":{"start":{"line":82,"column":17},"end":{"line":82,"column":55}},"41":{"start":{"line":84,"column":4},"end":{"line":84,"column":66}},"42":{"start":{"line":86,"column":4},"end":{"line":91,"column":7}},"43":{"start":{"line":93,"column":4},"end":{"line":93,"column":46}},"44":{"start":{"line":94,"column":4},"end":{"line":94,"column":61}},"45":{"start":{"line":69,"column":13},"end":{"line":69,"column":23}}},"fnMap":{"0":{"name":"(anonymous_0)","decl":{"start":{"line":7,"column":26},"end":{"line":7,"column":27}},"loc":{"start":{"line":7,"column":58},"end":{"line":23,"column":1}}},"1":{"name":"(anonymous_1)","decl":{"start":{"line":25,"column":29},"end":{"line":25,"column":30}},"loc":{"start":{"line":25,"column":61},"end":{"line":40,"column":1}}},"2":{"name":"(anonymous_2)","decl":{"start":{"line":42,"column":24},"end":{"line":42,"column":25}},"loc":{"start":{"line":42,"column":56},"end":{"line":67,"column":1}}},"3":{"name":"(anonymous_3)","decl":{"start":{"line":69,"column":23},"end":{"line":69,"column":24}},"loc":{"start":{"line":69,"column":55},"end":{"line":96,"column":1}}}},"branchMap":{"0":{"loc":{"start":{"line":9,"column":17},"end":{"line":9,"column":64}},"type":"binary-expr","locations":[{"start":{"line":9,"column":17},"end":{"line":9,"column":52}},{"start":{"line":9,"column":56},"end":{"line":9,"column":64}}]},"1":{"loc":{"start":{"line":9,"column":24},"end":{"line":9,"column":44}},"type":"binary-expr","locations":[{"start":{"line":9,"column":24},"end":{"line":9,"column":38}},{"start":{"line":9,"column":42},"end":{"line":9,"column":44}}]},"2":{"loc":{"start":{"line":44,"column":24},"end":{"line":44,"column":44}},"type":"binary-expr","locations":[{"start":{"line":44,"column":24},"end":{"line":44,"column":38}},{"start":{"line":44,"column":42},"end":{"line":44,"column":44}}]},"3":{"loc":{"start":{"line":45,"column":17},"end":{"line":45,"column":64}},"type":"binary-expr","locations":[{"start":{"line":45,"column":17},"end":{"line":45,"column":52}},{"start":{"line":45,"column":56},"end":{"line":45,"column":64}}]},"4":{"loc":{"start":{"line":45,"column":24},"end":{"line":45,"column":44}},"type":"binary-expr","locations":[{"start":{"line":45,"column":24},"end":{"line":45,"column":38}},{"start":{"line":45,"column":42},"end":{"line":45,"column":44}}]},"5":{"loc":{"start":{"line":49,"column":4},"end":{"line":52,"column":5}},"type":"if","locations":[{"start":{"line":49,"column":4},"end":{"line":52,"column":5}},{"start":{},"end":{}}]},"6":{"loc":{"start":{"line":71,"column":27},"end":{"line":71,"column":48}},"type":"binary-expr","locations":[{"start":{"line":71,"column":27},"end":{"line":71,"column":42}},{"start":{"line":71,"column":46},"end":{"line":71,"column":48}}]},"7":{"loc":{"start":{"line":74,"column":4},"end":{"line":76,"column":5}},"type":"if","locations":[{"start":{"line":74,"column":4},"end":{"line":76,"column":5}},{"start":{},"end":{}}]},"8":{"loc":{"start":{"line":78,"column":17},"end":{"line":78,"column":31}},"type":"binary-expr","locations":[{"start":{"line":78,"column":17},"end":{"line":78,"column":25}},{"start":{"line":78,"column":29},"end":{"line":78,"column":31}}]},"9":{"loc":{"start":{"line":79,"column":28},"end":{"line":79,"column":43}},"type":"binary-expr","locations":[{"start":{"line":79,"column":28},"end":{"line":79,"column":38}},{"start":{"line":79,"column":42},"end":{"line":79,"column":43}}]},"10":{"loc":{"start":{"line":80,"column":18},"end":{"line":80,"column":83}},"type":"cond-expr","locations":[{"start":{"line":80,"column":46},"end":{"line":80,"column":79}},{"start":{"line":80,"column":82},"end":{"line":80,"column":83}}]}},"s":{"0":1,"1":1,"2":1,"3":1,"4":12,"5":12,"6":12,"7":12,"8":0,"9":0,"10":1,"11":1,"12":0,"13":0,"14":0,"15":0,"16":0,"17":1,"18":1,"19":13,"20":13,"21":13,"22":13,"23":13,"24":0,"25":0,"26":13,"27":13,"28":0,"29":0,"30":1,"31":1,"32":0,"33":0,"34":0,"35":0,"36":0,"37":0,"38":0,"39":0,"40":0,"41":0,"42":0,"43":0,"44":0,"45":1},"f":{"0":12,"1":0,"2":13,"3":0},"b":{"0":[12,0],"1":[12,0],"2":[13,0],"3":[13,0],"4":[13,0],"5":[0,13],"6":[0,0],"7":[0,0],"8":[0,0],"9":[0,0],"10":[0,0]}}
,"C:\\Users\\valen\\Documents\\Dev_Perso\\SkinPicker_Project\\SkinPicker_Codebase\\SkinPicker-Back\\src\\routes\\room.routes.ts": {"path":"C:\\Users\\valen\\Documents\\Dev_Perso\\SkinPicker_Project\\SkinPicker_Codebase\\SkinPicker-Back\\src\\routes\\room.routes.ts","statementMap":{"0":{"start":{"line":1,"column":0},"end":{"line":1,"column":33}},"1":{"start":{"line":2,"column":0},"end":{"line":2,"column":65}},"2":{"start":{"line":4,"column":15},"end":{"line":4,"column":23}},"3":{"start":{"line":6,"column":0},"end":{"line":6,"column":44}},"4":{"start":{"line":7,"column":0},"end":{"line":7,"column":50}},"5":{"start":{"line":8,"column":0},"end":{"line":8,"column":46}},"6":{"start":{"line":9,"column":0},"end":{"line":9,"column":51}},"7":{"start":{"line":11,"column":0},"end":{"line":11,"column":22}}},"fnMap":{},"branchMap":{},"s":{"0":1,"1":1,"2":1,"3":1,"4":1,"5":1,"6":1,"7":1},"f":{},"b":{}}
,"C:\\Users\\valen\\Documents\\Dev_Perso\\SkinPicker_Project\\SkinPicker_Codebase\\SkinPicker-Back\\src\\services\\presence.service.ts": {"path":"C:\\Users\\valen\\Documents\\Dev_Perso\\SkinPicker_Project\\SkinPicker_Codebase\\SkinPicker-Back\\src\\services\\presence.service.ts","statementMap":{"0":{"start":{"line":2,"column":0},"end":{"line":2,"column":41}},"1":{"start":{"line":19,"column":10},"end":{"line":19,"column":58}},"2":{"start":{"line":22,"column":10},"end":{"line":22,"column":52}},"3":{"start":{"line":25,"column":10},"end":{"line":25,"column":51}},"4":{"start":{"line":35,"column":25},"end":{"line":35,"column":52}},"5":{"start":{"line":36,"column":4},"end":{"line":39,"column":5}},"6":{"start":{"line":37,"column":6},"end":{"line":37,"column":55}},"7":{"start":{"line":38,"column":6},"end":{"line":38,"column":75}},"8":{"start":{"line":41,"column":4},"end":{"line":45,"column":7}},"9":{"start":{"line":46,"column":4},"end":{"line":46,"column":45}},"10":{"start":{"line":49,"column":4},"end":{"line":49,"column":33}},"11":{"start":{"line":51,"column":4},"end":{"line":51,"column":68}},"12":{"start":{"line":60,"column":18},"end":{"line":60,"column":50}},"13":{"start":{"line":61,"column":4},"end":{"line":63,"column":5}},"14":{"start":{"line":62,"column":6},"end":{"line":62,"column":18}},"15":{"start":{"line":65,"column":4},"end":{"line":65,"column":35}},"16":{"start":{"line":66,"column":4},"end":{"line":66,"column":40}},"17":{"start":{"line":67,"column":4},"end":{"line":67,"column":34}},"18":{"start":{"line":69,"column":4},"end":{"line":69,"column":52}},"19":{"start":{"line":70,"column":4},"end":{"line":70,"column":17}},"20":{"start":{"line":78,"column":4},"end":{"line":78,"column":39}},"21":{"start":{"line":87,"column":4},"end":{"line":87,"column":64}},"22":{"start":{"line":87,"column":42},"end":{"line":87,"column":62}},"23":{"start":{"line":95,"column":4},"end":{"line":95,"column":57}},"24":{"start":{"line":103,"column":4},"end":{"line":103,"column":61}},"25":{"start":{"line":111,"column":4},"end":{"line":111,"column":52}},"26":{"start":{"line":120,"column":4},"end":{"line":120,"column":40}},"27":{"start":{"line":128,"column":4},"end":{"line":128,"column":46}},"28":{"start":{"line":136,"column":4},"end":{"line":136,"column":47}},"29":{"start":{"line":143,"column":4},"end":{"line":143,"column":33}},"30":{"start":{"line":148,"column":13},"end":{"line":148,"column":53}}},"fnMap":{"0":{"name":"(anonymous_0)","decl":{"start":{"line":17,"column":0},"end":{"line":17,"column":6}},"loc":{"start":{"line":17,"column":0},"end":{"line":145,"column":1}}},"1":{"name":"(anonymous_1)","decl":{"start":{"line":33,"column":2},"end":{"line":33,"column":10}},"loc":{"start":{"line":33,"column":62},"end":{"line":52,"column":3}}},"2":{"name":"(anonymous_2)","decl":{"start":{"line":59,"column":2},"end":{"line":59,"column":12}},"loc":{"start":{"line":59,"column":29},"end":{"line":71,"column":3}}},"3":{"name":"(anonymous_3)","decl":{"start":{"line":77,"column":2},"end":{"line":77,"column":10}},"loc":{"start":{"line":77,"column":24},"end":{"line":79,"column":3}}},"4":{"name":"(anonymous_4)","decl":{"start":{"line":86,"column":2},"end":{"line":86,"column":18}},"loc":{"start":{"line":86,"column":41},"end":{"line":88,"column":3}}},"5":{"name":"(anonymous_5)","decl":{"start":{"line":87,"column":31},"end":{"line":87,"column":32}},"loc":{"start":{"line":87,"column":42},"end":{"line":87,"column":62}}},"6":{"name":"(anonymous_6)","decl":{"start":{"line":94,"column":2},"end":{"line":94,"column":13}},"loc":{"start":{"line":94,"column":27},"end":{"line":96,"column":3}}},"7":{"name":"(anonymous_7)","decl":{"start":{"line":102,"column":2},"end":{"line":102,"column":17}},"loc":{"start":{"line":102,"column":31},"end":{"line":104,"column":3}}},"8":{"name":"(anonymous_8)","decl":{"start":{"line":110,"column":2},"end":{"line":110,"column":20}},"loc":{"start":{"line":110,"column":37},"end":{"line":112,"column":3}}},"9":{"name":"(anonymous_9)","decl":{"start":{"line":119,"column":2},"end":{"line":119,"column":12}},"loc":{"start":{"line":119,"column":45},"end":{"line":121,"column":3}}},"10":{"name":"(anonymous_10)","decl":{"start":{"line":127,"column":2},"end":{"line":127,"column":12}},"loc":{"start":{"line":127,"column":26},"end":{"line":129,"column":3}}},"11":{"name":"(anonymous_11)","decl":{"start":{"line":135,"column":2},"end":{"line":135,"column":19}},"loc":{"start":{"line":135,"column":33},"end":{"line":137,"column":3}}},"12":{"name":"(anonymous_12)","decl":{"start":{"line":142,"column":2},"end":{"line":142,"column":20}},"loc":{"start":{"line":142,"column":20},"end":{"line":144,"column":3}}}},"branchMap":{"0":{"loc":{"start":{"line":36,"column":4},"end":{"line":39,"column":5}},"type":"if","locations":[{"start":{"line":36,"column":4},"end":{"line":39,"column":5}},{"start":{},"end":{}}]},"1":{"loc":{"start":{"line":61,"column":4},"end":{"line":63,"column":5}},"type":"if","locations":[{"start":{"line":61,"column":4},"end":{"line":63,"column":5}},{"start":{},"end":{}}]},"2":{"loc":{"start":{"line":95,"column":11},"end":{"line":95,"column":56}},"type":"binary-expr","locations":[{"start":{"line":95,"column":11},"end":{"line":95,"column":48}},{"start":{"line":95,"column":52},"end":{"line":95,"column":56}}]},"3":{"loc":{"start":{"line":103,"column":11},"end":{"line":103,"column":60}},"type":"binary-expr","locations":[{"start":{"line":103,"column":11},"end":{"line":103,"column":52}},{"start":{"line":103,"column":56},"end":{"line":103,"column":60}}]},"4":{"loc":{"start":{"line":111,"column":11},"end":{"line":111,"column":51}},"type":"binary-expr","locations":[{"start":{"line":111,"column":11},"end":{"line":111,"column":43}},{"start":{"line":111,"column":47},"end":{"line":111,"column":51}}]},"5":{"loc":{"start":{"line":128,"column":11},"end":{"line":128,"column":45}},"type":"binary-expr","locations":[{"start":{"line":128,"column":11},"end":{"line":128,"column":37}},{"start":{"line":128,"column":41},"end":{"line":128,"column":45}}]},"6":{"loc":{"start":{"line":136,"column":11},"end":{"line":136,"column":46}},"type":"binary-expr","locations":[{"start":{"line":136,"column":11},"end":{"line":136,"column":38}},{"start":{"line":136,"column":42},"end":{"line":136,"column":46}}]}},"s":{"0":2,"1":2,"2":2,"3":2,"4":12,"5":12,"6":1,"7":1,"8":12,"9":12,"10":12,"11":12,"12":4,"13":4,"14":1,"15":3,"16":3,"17":3,"18":3,"19":3,"20":8,"21":2,"22":5,"23":3,"24":2,"25":24,"26":2,"27":3,"28":0,"29":4,"30":2},"f":{"0":2,"1":12,"2":4,"3":8,"4":2,"5":5,"6":3,"7":2,"8":24,"9":2,"10":3,"11":0,"12":4},"b":{"0":[1,11],"1":[1,3],"2":[3,1],"3":[2,0],"4":[24,23],"5":[3,2],"6":[0,0]}}
,"C:\\Users\\valen\\Documents\\Dev_Perso\\SkinPicker_Project\\SkinPicker_Codebase\\SkinPicker-Back\\src\\services\\room.service.ts": {"path":"C:\\Users\\valen\\Documents\\Dev_Perso\\SkinPicker_Project\\SkinPicker_Codebase\\SkinPicker-Back\\src\\services\\room.service.ts","statementMap":{"0":{"start":{"line":1,"column":0},"end":{"line":1,"column":47}},"1":{"start":{"line":3,"column":0},"end":{"line":3,"column":41}},"2":{"start":{"line":5,"column":28},"end":{"line":5,"column":29}},"3":{"start":{"line":9,"column":9},"end":{"line":9,"column":41}},"4":{"start":{"line":10,"column":9},"end":{"line":10,"column":47}},"5":{"start":{"line":15,"column":4},"end":{"line":17,"column":5}},"6":{"start":{"line":16,"column":6},"end":{"line":16,"column":47}},"7":{"start":{"line":18,"column":4},"end":{"line":18,"column":32}},"8":{"start":{"line":22,"column":21},"end":{"line":22,"column":55}},"9":{"start":{"line":23,"column":15},"end":{"line":23,"column":17}},"10":{"start":{"line":24,"column":4},"end":{"line":26,"column":5}},"11":{"start":{"line":24,"column":17},"end":{"line":24,"column":18}},"12":{"start":{"line":25,"column":6},"end":{"line":25,"column":54}},"13":{"start":{"line":27,"column":4},"end":{"line":27,"column":16}},"14":{"start":{"line":31,"column":19},"end":{"line":31,"column":31}},"15":{"start":{"line":32,"column":17},"end":{"line":32,"column":40}},"16":{"start":{"line":33,"column":20},"end":{"line":33,"column":32}},"17":{"start":{"line":35,"column":26},"end":{"line":43,"column":6}},"18":{"start":{"line":45,"column":23},"end":{"line":53,"column":6}},"19":{"start":{"line":55,"column":4},"end":{"line":55,"column":33}},"20":{"start":{"line":56,"column":4},"end":{"line":56,"column":37}},"21":{"start":{"line":58,"column":4},"end":{"line":58,"column":75}},"22":{"start":{"line":59,"column":4},"end":{"line":59,"column":35}},"23":{"start":{"line":63,"column":29},"end":{"line":63,"column":57}},"24":{"start":{"line":66,"column":4},"end":{"line":66,"column":42}},"25":{"start":{"line":67,"column":4},"end":{"line":67,"column":44}},"26":{"start":{"line":68,"column":4},"end":{"line":68,"column":24}},"27":{"start":{"line":69,"column":4},"end":{"line":69,"column":26}},"28":{"start":{"line":74,"column":4},"end":{"line":74,"column":28}},"29":{"start":{"line":78,"column":4},"end":{"line":78,"column":34}},"30":{"start":{"line":82,"column":4},"end":{"line":82,"column":38}},"31":{"start":{"line":86,"column":17},"end":{"line":86,"column":43}},"32":{"start":{"line":87,"column":4},"end":{"line":89,"column":5}},"33":{"start":{"line":88,"column":6},"end":{"line":88,"column":54}},"34":{"start":{"line":91,"column":4},"end":{"line":93,"column":5}},"35":{"start":{"line":92,"column":6},"end":{"line":92,"column":52}},"36":{"start":{"line":95,"column":21},"end":{"line":95,"column":33}},"37":{"start":{"line":96,"column":27},"end":{"line":104,"column":6}},"38":{"start":{"line":106,"column":4},"end":{"line":106,"column":39}},"39":{"start":{"line":109,"column":4},"end":{"line":109,"column":77}},"40":{"start":{"line":110,"column":4},"end":{"line":110,"column":28}},"41":{"start":{"line":114,"column":19},"end":{"line":114,"column":45}},"42":{"start":{"line":115,"column":4},"end":{"line":115,"column":46}},"43":{"start":{"line":115,"column":17},"end":{"line":115,"column":46}},"44":{"start":{"line":117,"column":4},"end":{"line":117,"column":34}},"45":{"start":{"line":119,"column":4},"end":{"line":122,"column":5}},"46":{"start":{"line":120,"column":6},"end":{"line":120,"column":27}},"47":{"start":{"line":121,"column":6},"end":{"line":121,"column":56}},"48":{"start":{"line":124,"column":4},"end":{"line":127,"column":5}},"49":{"start":{"line":125,"column":6},"end":{"line":125,"column":27}},"50":{"start":{"line":126,"column":6},"end":{"line":126,"column":51}},"51":{"start":{"line":129,"column":4},"end":{"line":129,"column":32}},"52":{"start":{"line":130,"column":4},"end":{"line":130,"column":33}},"53":{"start":{"line":134,"column":4},"end":{"line":134,"column":31}},"54":{"start":{"line":135,"column":4},"end":{"line":135,"column":39}},"55":{"start":{"line":136,"column":4},"end":{"line":136,"column":43}},"56":{"start":{"line":140,"column":23},"end":{"line":140,"column":56}},"57":{"start":{"line":142,"column":25},"end":{"line":142,"column":84}},"58":{"start":{"line":142,"column":50},"end":{"line":142,"column":83}},"59":{"start":{"line":144,"column":4},"end":{"line":147,"column":5}},"60":{"start":{"line":145,"column":6},"end":{"line":145,"column":51}},"61":{"start":{"line":146,"column":6},"end":{"line":146,"column":13}},"62":{"start":{"line":149,"column":22},"end":{"line":149,"column":39}},"63":{"start":{"line":150,"column":4},"end":{"line":156,"column":5}},"64":{"start":{"line":151,"column":6},"end":{"line":155,"column":7}},"65":{"start":{"line":152,"column":8},"end":{"line":154,"column":9}},"66":{"start":{"line":153,"column":10},"end":{"line":153,"column":39}},"67":{"start":{"line":158,"column":38},"end":{"line":158,"column":40}},"68":{"start":{"line":160,"column":4},"end":{"line":184,"column":5}},"69":{"start":{"line":161,"column":37},"end":{"line":161,"column":39}},"70":{"start":{"line":162,"column":29},"end":{"line":162,"column":30}},"71":{"start":{"line":164,"column":6},"end":{"line":173,"column":7}},"72":{"start":{"line":165,"column":39},"end":{"line":166,"column":null}},"73":{"start":{"line":166,"column":17},"end":{"line":166,"column":38}},"74":{"start":{"line":169,"column":8},"end":{"line":172,"column":9}},"75":{"start":{"line":170,"column":10},"end":{"line":170,"column":39}},"76":{"start":{"line":171,"column":10},"end":{"line":171,"column":60}},"77":{"start":{"line":175,"column":6},"end":{"line":183,"column":7}},"78":{"start":{"line":176,"column":8},"end":{"line":182,"column":11}},"79":{"start":{"line":186,"column":4},"end":{"line":188,"column":6}},"80":{"start":{"line":187,"column":16},"end":{"line":187,"column":82}},"81":{"start":{"line":191,"column":25},"end":{"line":191,"column":107}},"82":{"start":{"line":193,"column":4},"end":{"line":209,"column":5}},"83":{"start":{"line":194,"column":6},"end":{"line":208,"column":7}},"84":{"start":{"line":195,"column":8},"end":{"line":207,"column":9}},"85":{"start":{"line":196,"column":10},"end":{"line":201,"column":11}},"86":{"start":{"line":197,"column":12},"end":{"line":200,"column":15}},"87":{"start":{"line":202,"column":27},"end":{"line":202,"column":60}},"88":{"start":{"line":203,"column":10},"end":{"line":205,"column":11}},"89":{"start":{"line":204,"column":12},"end":{"line":204,"column":54}},"90":{"start":{"line":206,"column":10},"end":{"line":206,"column":59}},"91":{"start":{"line":211,"column":49},"end":{"line":211,"column":51}},"92":{"start":{"line":213,"column":4},"end":{"line":230,"column":5}},"93":{"start":{"line":214,"column":6},"end":{"line":229,"column":7}},"94":{"start":{"line":215,"column":29},"end":{"line":215,"column":61}},"95":{"start":{"line":216,"column":31},"end":{"line":216,"column":32}},"96":{"start":{"line":217,"column":8},"end":{"line":219,"column":9}},"97":{"start":{"line":218,"column":10},"end":{"line":218,"column":42}},"98":{"start":{"line":221,"column":8},"end":{"line":228,"column":11}},"99":{"start":{"line":233,"column":29},"end":{"line":233,"column":80}},"100":{"start":{"line":233,"column":61},"end":{"line":233,"column":79}},"101":{"start":{"line":234,"column":35},"end":{"line":234,"column":101}},"102":{"start":{"line":236,"column":4},"end":{"line":238,"column":6}},"103":{"start":{"line":237,"column":16},"end":{"line":237,"column":82}},"104":{"start":{"line":240,"column":4},"end":{"line":240,"column":76}},"105":{"start":{"line":242,"column":4},"end":{"line":244,"column":5}},"106":{"start":{"line":243,"column":6},"end":{"line":243,"column":123}},"107":{"start":{"line":245,"column":4},"end":{"line":247,"column":5}},"108":{"start":{"line":246,"column":6},"end":{"line":246,"column":209}},"109":{"start":{"line":254,"column":4},"end":{"line":256,"column":5}},"110":{"start":{"line":255,"column":6},"end":{"line":255,"column":16}},"111":{"start":{"line":258,"column":25},"end":{"line":258,"column":57}},"112":{"start":{"line":258,"column":49},"end":{"line":258,"column":56}},"113":{"start":{"line":259,"column":21},"end":{"line":260,"column":null}},"114":{"start":{"line":260,"column":13},"end":{"line":260,"column":44}},"115":{"start":{"line":264,"column":4},"end":{"line":264,"column":64}},"116":{"start":{"line":275,"column":43},"end":{"line":279,"column":6}},"117":{"start":{"line":281,"column":4},"end":{"line":281,"column":35}},"118":{"start":{"line":284,"column":4},"end":{"line":286,"column":5}},"119":{"start":{"line":285,"column":6},"end":{"line":285,"column":27}},"120":{"start":{"line":288,"column":4},"end":{"line":290,"column":6}},"121":{"start":{"line":297,"column":4},"end":{"line":297,"column":52}},"122":{"start":{"line":297,"column":42},"end":{"line":297,"column":52}},"123":{"start":{"line":299,"column":28},"end":{"line":299,"column":81}},"124":{"start":{"line":299,"column":68},"end":{"line":299,"column":80}},"125":{"start":{"line":300,"column":21},"end":{"line":301,"column":null}},"126":{"start":{"line":301,"column":13},"end":{"line":301,"column":52}},"127":{"start":{"line":304,"column":4},"end":{"line":304,"column":67}},"128":{"start":{"line":316,"column":45},"end":{"line":321,"column":6}},"129":{"start":{"line":323,"column":4},"end":{"line":323,"column":43}},"130":{"start":{"line":325,"column":4},"end":{"line":327,"column":5}},"131":{"start":{"line":326,"column":6},"end":{"line":326,"column":35}},"132":{"start":{"line":329,"column":4},"end":{"line":331,"column":6}},"133":{"start":{"line":341,"column":31},"end":{"line":341,"column":71}},"134":{"start":{"line":342,"column":4},"end":{"line":342,"column":53}},"135":{"start":{"line":342,"column":41},"end":{"line":342,"column":53}},"136":{"start":{"line":344,"column":16},"end":{"line":344,"column":55}},"137":{"start":{"line":345,"column":20},"end":{"line":345,"column":43}},"138":{"start":{"line":347,"column":81},"end":{"line":347,"column":83}},"139":{"start":{"line":349,"column":4},"end":{"line":368,"column":5}},"140":{"start":{"line":350,"column":6},"end":{"line":353,"column":7}},"141":{"start":{"line":351,"column":8},"end":{"line":351,"column":94}},"142":{"start":{"line":352,"column":8},"end":{"line":352,"column":17}},"143":{"start":{"line":355,"column":19},"end":{"line":355,"column":84}},"144":{"start":{"line":355,"column":48},"end":{"line":355,"column":83}},"145":{"start":{"line":356,"column":6},"end":{"line":359,"column":7}},"146":{"start":{"line":357,"column":8},"end":{"line":357,"column":94}},"147":{"start":{"line":358,"column":8},"end":{"line":358,"column":17}},"148":{"start":{"line":361,"column":21},"end":{"line":361,"column":46}},"149":{"start":{"line":362,"column":18},"end":{"line":362,"column":30}},"150":{"start":{"line":364,"column":6},"end":{"line":364,"column":33}},"151":{"start":{"line":365,"column":6},"end":{"line":365,"column":26}},"152":{"start":{"line":367,"column":6},"end":{"line":367,"column":75}},"153":{"start":{"line":370,"column":4},"end":{"line":370,"column":85}},"154":{"start":{"line":372,"column":4},"end":{"line":377,"column":6}},"155":{"start":{"line":379,"column":4},"end":{"line":379,"column":97}},"156":{"start":{"line":381,"column":4},"end":{"line":381,"column":89}},"157":{"start":{"line":391,"column":20},"end":{"line":391,"column":85}},"158":{"start":{"line":391,"column":57},"end":{"line":391,"column":84}},"159":{"start":{"line":392,"column":4},"end":{"line":392,"column":30}},"160":{"start":{"line":392,"column":18},"end":{"line":392,"column":30}},"161":{"start":{"line":394,"column":81},"end":{"line":394,"column":83}},"162":{"start":{"line":396,"column":4},"end":{"line":415,"column":5}},"163":{"start":{"line":397,"column":6},"end":{"line":400,"column":7}},"164":{"start":{"line":398,"column":8},"end":{"line":398,"column":94}},"165":{"start":{"line":399,"column":8},"end":{"line":399,"column":17}},"166":{"start":{"line":402,"column":19},"end":{"line":402,"column":76}},"167":{"start":{"line":402,"column":48},"end":{"line":402,"column":75}},"168":{"start":{"line":403,"column":6},"end":{"line":406,"column":7}},"169":{"start":{"line":404,"column":8},"end":{"line":404,"column":94}},"170":{"start":{"line":405,"column":8},"end":{"line":405,"column":17}},"171":{"start":{"line":408,"column":21},"end":{"line":408,"column":46}},"172":{"start":{"line":409,"column":18},"end":{"line":409,"column":30}},"173":{"start":{"line":411,"column":6},"end":{"line":411,"column":33}},"174":{"start":{"line":412,"column":6},"end":{"line":412,"column":26}},"175":{"start":{"line":414,"column":6},"end":{"line":414,"column":75}},"176":{"start":{"line":417,"column":4},"end":{"line":417,"column":77}},"177":{"start":{"line":419,"column":4},"end":{"line":424,"column":6}},"178":{"start":{"line":426,"column":4},"end":{"line":426,"column":96}},"179":{"start":{"line":428,"column":4},"end":{"line":428,"column":69}},"180":{"start":{"line":435,"column":23},"end":{"line":435,"column":56}},"181":{"start":{"line":438,"column":4},"end":{"line":438,"column":44}},"182":{"start":{"line":438,"column":31},"end":{"line":438,"column":44}},"183":{"start":{"line":441,"column":28},"end":{"line":441,"column":69}},"184":{"start":{"line":441,"column":52},"end":{"line":441,"column":68}},"185":{"start":{"line":442,"column":4},"end":{"line":442,"column":39}},"186":{"start":{"line":442,"column":26},"end":{"line":442,"column":39}},"187":{"start":{"line":445,"column":27},"end":{"line":445,"column":85}},"188":{"start":{"line":445,"column":51},"end":{"line":445,"column":84}},"189":{"start":{"line":446,"column":4},"end":{"line":446,"column":38}},"190":{"start":{"line":446,"column":25},"end":{"line":446,"column":38}},"191":{"start":{"line":449,"column":17},"end":{"line":449,"column":40}},"192":{"start":{"line":450,"column":30},"end":{"line":450,"column":73}},"193":{"start":{"line":451,"column":33},"end":{"line":451,"column":84}},"194":{"start":{"line":453,"column":4},"end":{"line":453,"column":63}},"195":{"start":{"line":453,"column":50},"end":{"line":453,"column":63}},"196":{"start":{"line":454,"column":4},"end":{"line":454,"column":64}},"197":{"start":{"line":454,"column":51},"end":{"line":454,"column":64}},"198":{"start":{"line":455,"column":4},"end":{"line":455,"column":85}},"199":{"start":{"line":455,"column":72},"end":{"line":455,"column":85}},"200":{"start":{"line":458,"column":4},"end":{"line":460,"column":5}},"201":{"start":{"line":459,"column":6},"end":{"line":459,"column":19}},"202":{"start":{"line":462,"column":4},"end":{"line":462,"column":16}},"203":{"start":{"line":472,"column":17},"end":{"line":472,"column":40}},"204":{"start":{"line":474,"column":4},"end":{"line":476,"column":5}},"205":{"start":{"line":475,"column":6},"end":{"line":475,"column":46}},"206":{"start":{"line":478,"column":4},"end":{"line":483,"column":5}},"207":{"start":{"line":480,"column":29},"end":{"line":480,"column":61}},"208":{"start":{"line":481,"column":6},"end":{"line":481,"column":48}},"209":{"start":{"line":481,"column":26},"end":{"line":481,"column":48}},"210":{"start":{"line":482,"column":6},"end":{"line":482,"column":43}},"211":{"start":{"line":486,"column":4},"end":{"line":486,"column":41}},"212":{"start":{"line":495,"column":31},"end":{"line":495,"column":63}},"213":{"start":{"line":496,"column":4},"end":{"line":496,"column":53}},"214":{"start":{"line":496,"column":41},"end":{"line":496,"column":53}},"215":{"start":{"line":498,"column":16},"end":{"line":498,"column":55}},"216":{"start":{"line":499,"column":20},"end":{"line":499,"column":43}},"217":{"start":{"line":500,"column":18},"end":{"line":500,"column":31}},"218":{"start":{"line":502,"column":81},"end":{"line":502,"column":83}},"219":{"start":{"line":504,"column":4},"end":{"line":523,"column":5}},"220":{"start":{"line":505,"column":6},"end":{"line":508,"column":7}},"221":{"start":{"line":506,"column":8},"end":{"line":506,"column":79}},"222":{"start":{"line":507,"column":8},"end":{"line":507,"column":17}},"223":{"start":{"line":510,"column":19},"end":{"line":510,"column":65}},"224":{"start":{"line":510,"column":43},"end":{"line":510,"column":64}},"225":{"start":{"line":511,"column":6},"end":{"line":514,"column":7}},"226":{"start":{"line":512,"column":8},"end":{"line":512,"column":79}},"227":{"start":{"line":513,"column":8},"end":{"line":513,"column":17}},"228":{"start":{"line":516,"column":21},"end":{"line":516,"column":46}},"229":{"start":{"line":517,"column":18},"end":{"line":517,"column":30}},"230":{"start":{"line":519,"column":6},"end":{"line":519,"column":28}},"231":{"start":{"line":520,"column":6},"end":{"line":520,"column":32}},"232":{"start":{"line":522,"column":6},"end":{"line":522,"column":81}},"233":{"start":{"line":525,"column":4},"end":{"line":525,"column":42}},"234":{"start":{"line":527,"column":4},"end":{"line":527,"column":77}},"235":{"start":{"line":528,"column":4},"end":{"line":528,"column":29}},"236":{"start":{"line":530,"column":4},"end":{"line":530,"column":78}},"237":{"start":{"line":532,"column":4},"end":{"line":532,"column":28}},"238":{"start":{"line":536,"column":4},"end":{"line":545,"column":6}},"239":{"start":{"line":550,"column":22},"end":{"line":550,"column":43}},"240":{"start":{"line":551,"column":18},"end":{"line":551,"column":44}},"241":{"start":{"line":552,"column":34},"end":{"line":552,"column":36}},"242":{"start":{"line":554,"column":23},"end":{"line":554,"column":49}},"243":{"start":{"line":556,"column":4},"end":{"line":570,"column":5}},"244":{"start":{"line":556,"column":17},"end":{"line":556,"column":18}},"245":{"start":{"line":557,"column":25},"end":{"line":557,"column":37}},"246":{"start":{"line":558,"column":28},"end":{"line":567,"column":10}},"247":{"start":{"line":568,"column":8},"end":{"line":568,"column":40}},"248":{"start":{"line":569,"column":8},"end":{"line":569,"column":30}},"249":{"start":{"line":572,"column":4},"end":{"line":572,"column":32}},"250":{"start":{"line":573,"column":4},"end":{"line":573,"column":23}},"251":{"start":{"line":7,"column":0},"end":{"line":7,"column":13}}},"fnMap":{"0":{"name":"(anonymous_0)","decl":{"start":{"line":12,"column":2},"end":{"line":12,"column":25}},"loc":{"start":{"line":12,"column":2},"end":{"line":12,"column":26}}},"1":{"name":"(anonymous_1)","decl":{"start":{"line":14,"column":9},"end":{"line":14,"column":15}},"loc":{"start":{"line":14,"column":27},"end":{"line":19,"column":3}}},"2":{"name":"(anonymous_2)","decl":{"start":{"line":21,"column":10},"end":{"line":21,"column":26}},"loc":{"start":{"line":21,"column":26},"end":{"line":28,"column":3}}},"3":{"name":"(anonymous_3)","decl":{"start":{"line":30,"column":9},"end":{"line":30,"column":19}},"loc":{"start":{"line":30,"column":37},"end":{"line":60,"column":3}}},"4":{"name":"(anonymous_4)","decl":{"start":{"line":62,"column":9},"end":{"line":62,"column":22}},"loc":{"start":{"line":62,"column":22},"end":{"line":75,"column":3}}},"5":{"name":"(anonymous_5)","decl":{"start":{"line":77,"column":9},"end":{"line":77,"column":16}},"loc":{"start":{"line":77,"column":31},"end":{"line":79,"column":3}}},"6":{"name":"(anonymous_6)","decl":{"start":{"line":81,"column":9},"end":{"line":81,"column":22}},"loc":{"start":{"line":81,"column":35},"end":{"line":83,"column":3}}},"7":{"name":"(anonymous_7)","decl":{"start":{"line":85,"column":9},"end":{"line":85,"column":17}},"loc":{"start":{"line":85,"column":50},"end":{"line":111,"column":3}}},"8":{"name":"(anonymous_8)","decl":{"start":{"line":113,"column":9},"end":{"line":113,"column":21}},"loc":{"start":{"line":113,"column":50},"end":{"line":131,"column":3}}},"9":{"name":"(anonymous_9)","decl":{"start":{"line":133,"column":10},"end":{"line":133,"column":19}},"loc":{"start":{"line":133,"column":30},"end":{"line":137,"column":3}}},"10":{"name":"(anonymous_10)","decl":{"start":{"line":139,"column":9},"end":{"line":139,"column":25}},"loc":{"start":{"line":139,"column":36},"end":{"line":248,"column":3}}},"11":{"name":"(anonymous_11)","decl":{"start":{"line":142,"column":43},"end":{"line":142,"column":44}},"loc":{"start":{"line":142,"column":50},"end":{"line":142,"column":83}}},"12":{"name":"(anonymous_12)","decl":{"start":{"line":166,"column":10},"end":{"line":166,"column":11}},"loc":{"start":{"line":166,"column":17},"end":{"line":166,"column":38}}},"13":{"name":"(anonymous_13)","decl":{"start":{"line":187,"column":6},"end":{"line":187,"column":7}},"loc":{"start":{"line":187,"column":16},"end":{"line":187,"column":82}}},"14":{"name":"(anonymous_14)","decl":{"start":{"line":233,"column":54},"end":{"line":233,"column":55}},"loc":{"start":{"line":233,"column":61},"end":{"line":233,"column":79}}},"15":{"name":"(anonymous_15)","decl":{"start":{"line":237,"column":6},"end":{"line":237,"column":7}},"loc":{"start":{"line":237,"column":16},"end":{"line":237,"column":82}}},"16":{"name":"(anonymous_16)","decl":{"start":{"line":253,"column":9},"end":{"line":253,"column":30}},"loc":{"start":{"line":253,"column":41},"end":{"line":265,"column":3}}},"17":{"name":"(anonymous_17)","decl":{"start":{"line":258,"column":42},"end":{"line":258,"column":43}},"loc":{"start":{"line":258,"column":49},"
[...]
:73,"column":33}},"loc":{"start":{"line":73,"column":48},"end":{"line":93,"column":1}}},"4":{"name":"safeHandler","decl":{"start":{"line":74,"column":18},"end":{"line":74,"column":29}},"loc":{"start":{"line":76,"column":49},"end":{"line":92,"column":3}}},"5":{"name":"(anonymous_5)","decl":{"start":{"line":78,"column":11},"end":{"line":78,"column":12}},"loc":{"start":{"line":78,"column":26},"end":{"line":91,"column":5}}},"6":{"name":"(anonymous_6)","decl":{"start":{"line":84,"column":23},"end":{"line":84,"column":24}},"loc":{"start":{"line":84,"column":42},"end":{"line":86,"column":11}}},"7":{"name":"handleError","decl":{"start":{"line":98,"column":9},"end":{"line":98,"column":20}},"loc":{"start":{"line":102,"column":16},"end":{"line":132,"column":1}}}},"branchMap":{"0":{"loc":{"start":{"line":17,"column":2},"end":{"line":20,"column":3}},"type":"if","locations":[{"start":{"line":17,"column":2},"end":{"line":20,"column":3}},{"start":{},"end":{}}]},"1":{"loc":{"start":{"line":34,"column":2},"end":{"line":37,"column":3}},"type":"if","locations":[{"start":{"line":34,"column":2},"end":{"line":37,"column":3}},{"start":{},"end":{}}]},"2":{"loc":{"start":{"line":53,"column":2},"end":{"line":55,"column":3}},"type":"if","locations":[{"start":{"line":53,"column":2},"end":{"line":55,"column":3}},{"start":{},"end":{}}]},"3":{"loc":{"start":{"line":83,"column":8},"end":{"line":87,"column":9}},"type":"if","locations":[{"start":{"line":83,"column":8},"end":{"line":87,"column":9}},{"start":{},"end":{}}]},"4":{"loc":{"start":{"line":104,"column":2},"end":{"line":131,"column":3}},"type":"if","locations":[{"start":{"line":104,"column":2},"end":{"line":131,"column":3}},{"start":{"line":114,"column":9},"end":{"line":131,"column":3}}]},"5":{"loc":{"start":{"line":116,"column":25},"end":{"line":116,"column":79}},"type":"cond-expr","locations":[{"start":{"line":116,"column":50},"end":{"line":116,"column":63}},{"start":{"line":116,"column":66},"end":{"line":116,"column":79}}]},"6":{"loc":{"start":{"line":117,"column":23},"end":{"line":117,"column":71}},"type":"cond-expr","locations":[{"start":{"line":117,"column":48},"end":{"line":117,"column":59}},{"start":{"line":117,"column":62},"end":{"line":117,"column":71}}]}},"s":{"0":1,"1":1,"2":1,"3":1,"4":1,"5":1,"6":0,"7":0,"8":0,"9":0,"10":0,"11":0,"12":0,"13":0,"14":0,"15":0,"16":0,"17":0,"18":0,"19":0,"20":0,"21":20,"22":160,"23":31,"24":31,"25":28,"26":0,"27":0,"28":3,"29":3,"30":3,"31":3,"32":0,"33":0,"34":0,"35":0},"f":{"0":0,"1":0,"2":0,"3":20,"4":160,"5":31,"6":0,"7":3},"b":{"0":[0,0],"1":[0,0],"2":[0,0],"3":[0,28],"4":[3,0],"5":[0,0],"6":[0,0]}}
,"C:\\Users\\valen\\Documents\\Dev_Perso\\SkinPicker_Project\\SkinPicker_Codebase\\SkinPicker-Back\\src\\utils\\validation.ts": {"path":"C:\\Users\\valen\\Documents\\Dev_Perso\\SkinPicker_Project\\SkinPicker_Codebase\\SkinPicker-Back\\src\\utils\\validation.ts","statementMap":{"0":{"start":{"line":33,"column":0},"end":{"line":33,"column":16}},"1":{"start":{"line":55,"column":0},"end":{"line":55,"column":16}},"2":{"start":{"line":65,"column":0},"end":{"line":65,"column":16}},"3":{"start":{"line":103,"column":0},"end":{"line":103,"column":16}},"4":{"start":{"line":139,"column":0},"end":{"line":139,"column":16}},"5":{"start":{"line":174,"column":0},"end":{"line":174,"column":16}},"6":{"start":{"line":1,"column":0},"end":{"line":1,"column":34}},"7":{"start":{"line":20,"column":2},"end":{"line":20,"column":55}},"8":{"start":{"line":27,"column":2},"end":{"line":27,"column":59}},"9":{"start":{"line":37,"column":2},"end":{"line":40,"column":3}},"10":{"start":{"line":38,"column":4},"end":{"line":38,"column":65}},"11":{"start":{"line":39,"column":4},"end":{"line":39,"column":28}},"12":{"start":{"line":42,"column":12},"end":{"line":42,"column":46}},"13":{"start":{"line":44,"column":2},"end":{"line":47,"column":3}},"14":{"start":{"line":45,"column":4},"end":{"line":45,"column":78}},"15":{"start":{"line":46,"column":4},"end":{"line":46,"column":28}},"16":{"start":{"line":49,"column":2},"end":{"line":49,"column":78}},"17":{"start":{"line":59,"column":2},"end":{"line":59,"column":91}},"18":{"start":{"line":69,"column":2},"end":{"line":72,"column":3}},"19":{"start":{"line":70,"column":4},"end":{"line":70,"column":65}},"20":{"start":{"line":71,"column":4},"end":{"line":71,"column":28}},"21":{"start":{"line":74,"column":12},"end":{"line":74,"column":46}},"22":{"start":{"line":76,"column":2},"end":{"line":85,"column":3}},"23":{"start":{"line":83,"column":4},"end":{"line":83,"column":75}},"24":{"start":{"line":84,"column":4},"end":{"line":84,"column":28}},"25":{"start":{"line":87,"column":2},"end":{"line":97,"column":4}},"26":{"start":{"line":107,"column":2},"end":{"line":110,"column":3}},"27":{"start":{"line":108,"column":4},"end":{"line":108,"column":65}},"28":{"start":{"line":109,"column":4},"end":{"line":109,"column":28}},"29":{"start":{"line":112,"column":12},"end":{"line":112,"column":46}},"30":{"start":{"line":114,"column":2},"end":{"line":122,"column":3}},"31":{"start":{"line":120,"column":4},"end":{"line":120,"column":75}},"32":{"start":{"line":121,"column":4},"end":{"line":121,"column":28}},"33":{"start":{"line":124,"column":2},"end":{"line":133,"column":4}},"34":{"start":{"line":143,"column":2},"end":{"line":146,"column":3}},"35":{"start":{"line":144,"column":4},"end":{"line":144,"column":65}},"36":{"start":{"line":145,"column":4},"end":{"line":145,"column":28}},"37":{"start":{"line":148,"column":12},"end":{"line":148,"column":46}},"38":{"start":{"line":150,"column":2},"end":{"line":158,"column":3}},"39":{"start":{"line":156,"column":4},"end":{"line":156,"column":75}},"40":{"start":{"line":157,"column":4},"end":{"line":157,"column":28}},"41":{"start":{"line":160,"column":2},"end":{"line":168,"column":4}},"42":{"start":{"line":178,"column":2},"end":{"line":181,"column":3}},"43":{"start":{"line":179,"column":4},"end":{"line":179,"column":65}},"44":{"start":{"line":180,"column":4},"end":{"line":180,"column":28}},"45":{"start":{"line":183,"column":12},"end":{"line":183,"column":46}},"46":{"start":{"line":185,"column":2},"end":{"line":193,"column":3}},"47":{"start":{"line":191,"column":4},"end":{"line":191,"column":75}},"48":{"start":{"line":192,"column":4},"end":{"line":192,"column":28}},"49":{"start":{"line":195,"column":2},"end":{"line":203,"column":4}}},"fnMap":{"0":{"name":"isNonEmptyString","decl":{"start":{"line":19,"column":9},"end":{"line":19,"column":25}},"loc":{"start":{"line":19,"column":40},"end":{"line":21,"column":1}}},"1":{"name":"isNumber","decl":{"start":{"line":26,"column":9},"end":{"line":26,"column":17}},"loc":{"start":{"line":26,"column":32},"end":{"line":28,"column":1}}},"2":{"name":"validateJoinRoomPayload","decl":{"start":{"line":33,"column":16},"end":{"line":33,"column":39}},"loc":{"start":{"line":35,"column":25},"end":{"line":50,"column":1}}},"3":{"name":"validateLeaveRoomPayload","decl":{"start":{"line":55,"column":16},"end":{"line":55,"column":40}},"loc":{"start":{"line":57,"column":26},"end":{"line":60,"column":1}}},"4":{"name":"validateUpdateSelectionPayload","decl":{"start":{"line":65,"column":16},"end":{"line":65,"column":46}},"loc":{"start":{"line":67,"column":32},"end":{"line":98,"column":1}}},"5":{"name":"validateOwnedOptionsPayload","decl":{"start":{"line":103,"column":16},"end":{"line":103,"column":43}},"loc":{"start":{"line":105,"column":29},"end":{"line":134,"column":1}}},"6":{"name":"validateRequestGroupRerollPayload","decl":{"start":{"line":139,"column":16},"end":{"line":139,"column":49}},"loc":{"start":{"line":141,"column":36},"end":{"line":169,"column":1}}},"7":{"name":"validateSuggestColorPayload","decl":{"start":{"line":174,"column":16},"end":{"line":174,"column":43}},"loc":{"start":{"line":176,"column":29},"end":{"line":204,"column":1}}}},"branchMap":{"0":{"loc":{"start":{"line":20,"column":9},"end":{"line":20,"column":54}},"type":"binary-expr","locations":[{"start":{"line":20,"column":9},"end":{"line":20,"column":34}},{"start":{"line":20,"column":38},"end":{"line":20,"column":54}}]},"1":{"loc":{"start":{"line":27,"column":9},"end":{"line":27,"column":58}},"type":"binary-expr","locations":[{"start":{"line":27,"column":9},"end":{"line":27,"column":34}},{"start":{"line":27,"column":38},"end":{"line":27,"column":58}}]},"2":{"loc":{"start":{"line":35,"column":2},"end":{"line":35,"column":25}},"type":"default-arg","locations":[{"start":{"line":35,"column":14},"end":{"line":35,"column":25}}]},"3":{"loc":{"start":{"line":37,"column":2},"end":{"line":40,"column":3}},"type":"if","locations":[{"start":{"line":37,"column":2},"end":{"line":40,"column":3}},{"start":{},"end":{}}]},"4":{"loc":{"start":{"line":37,"column":6},"end":{"line":37,"column":45}},"type":"binary-expr","locations":[{"start":{"line":37,"column":6},"end":{"line":37,"column":14}},{"start":{"line":37,"column":18},"end":{"line":37,"column":45}}]},"5":{"loc":{"start":{"line":44,"column":2},"end":{"line":47,"column":3}},"type":"if","locations":[{"start":{"line":44,"column":2},"end":{"line":47,"column":3}},{"start":{},"end":{}}]},"6":{"loc":{"start":{"line":44,"column":6},"end":{"line":44,"column":66}},"type":"binary-expr","locations":[{"start":{"line":44,"column":6},"end":{"line":44,"column":33}},{"start":{"line":44,"column":37},"end":{"line":44,"column":66}}]},"7":{"loc":{"start":{"line":57,"column":2},"end":{"line":57,"column":26}},"type":"default-arg","locations":[{"start":{"line":57,"column":14},"end":{"line":57,"column":26}}]},"8":{"loc":{"start":{"line":67,"column":2},"end":{"line":67,"column":32}},"type":"default-arg","locations":[{"start":{"line":67,"column":14},"end":{"line":67,"column":32}}]},"9":{"loc":{"start":{"line":69,"column":2},"end":{"line":72,"column":3}},"type":"if","locations":[{"start":{"line":69,"column":2},"end":{"line":72,"column":3}},{"start":{},"end":{}}]},"10":{"loc":{"start":{"line":69,"column":6},"end":{"line":69,"column":45}},"type":"binary-expr","locations":[{"start":{"line":69,"column":6},"end":{"line":69,"column":14}},{"start":{"line":69,"column":18},"end":{"line":69,"column":45}}]},"11":{"loc":{"start":{"line":76,"column":2},"end":{"line":85,"column":3}},"type":"if","locations":[{"start":{"line":76,"column":2},"end":{"line":85,"column":3}},{"start":{},"end":{}}]},"12":{"loc":{"start":{"line":77,"column":4},"end":{"line":81,"column":25}},"type":"binary-expr","locations":[{"start":{"line":77,"column":4},"end":{"line":77,"column":31}},{"start":{"line":78,"column":4},"end":{"line":78,"column":33}},{"start":{"line":79,"column":4},"end":{"line":79,"column":27}},{"start":{"line":80,"column":4},"end":{"line":80,"column":23}},{"start":{"line":81,"column":4},"end":{"line":81,"column":25}}]},"13":{"loc":{"start":{"line":93,"column":21},"end":{"line":93,"column":86}},"type":"cond-expr","locations":[{"start":{"line":93,"column":59},"end":{"line":93,"column":74}},{"start":{"line":93,"column":77},"end":{"line":93,"column":86}}]},"14":{"loc":{"start":{"line":105,"column":2},"end":{"line":105,"column":29}},"type":"default-arg","locations":[{"start":{"line":105,"column":14},"end":{"line":105,"column":29}}]},"15":{"loc":{"start":{"line":107,"column":2},"end":{"line":110,"column":3}},"type":"if","locations":[{"start":{"line":107,"column":2},"end":{"line":110,"column":3}},{"start":{},"end":{}}]},"16":{"loc":{"start":{"line":107,"column":6},"end":{"line":107,"column":45}},"type":"binary-expr","locations":[{"start":{"line":107,"column":6},"end":{"line":107,"column":14}},{"start":{"line":107,"column":18},"end":{"line":107,"column":45}}]},"17":{"loc":{"start":{"line":114,"column":2},"end":{"line":122,"column":3}},"type":"if","locations":[{"start":{"line":114,"column":2},"end":{"line":122,"column":3}},{"start":{},"end":{}}]},"18":{"loc":{"start":{"line":115,"column":4},"end":{"line":118,"column":29}},"type":"binary-expr","locations":[{"start":{"line":115,"column":4},"end":{"line":115,"column":31}},{"start":{"line":116,"column":4},"end":{"line":116,"column":33}},{"start":{"line":117,"column":4},"end":{"line":117,"column":27}},{"start":{"line":118,"column":4},"end":{"line":118,"column":29}}]},"19":{"loc":{"start":{"line":130,"column":21},"end":{"line":130,"column":86}},"type":"cond-expr","locations":[{"start":{"line":130,"column":59},"end":{"line":130,"column":74}},{"start":{"line":130,"column":77},"end":{"line":130,"column":86}}]},"20":{"loc":{"start":{"line":141,"column":2},"end":{"line":141,"column":36}},"type":"default-arg","locations":[{"start":{"line":141,"column":14},"end":{"line":141,"column":36}}]},"21":{"loc":{"start":{"line":143,"column":2},"end":{"line":146,"column":3}},"type":"if","locations":[{"start":{"line":143,"column":2},"end":{"line":146,"column":3}},{"start":{},"end":{}}]},"22":{"loc":{"start":{"line":143,"column":6},"end":{"line":143,"column":45}},"type":"binary-expr","locations":[{"start":{"line":143,"column":6},"end":{"line":143,"column":14}},{"start":{"line":143,"column":18},"end":{"line":143,"column":45}}]},"23":{"loc":{"start":{"line":150,"column":2},"end":{"line":158,"column":3}},"type":"if","locations":[{"start":{"line":150,"column":2},"end":{"line":158,"column":3}},{"start":{},"end":{}}]},"24":{"loc":{"start":{"line":151,"column":4},"end":{"line":154,"column":30}},"type":"binary-expr","locations":[{"start":{"line":151,"column":4},"end":{"line":151,"column":31}},{"start":{"line":152,"column":4},"end":{"line":152,"column":33}},{"start":{"line":153,"column":4},"end":{"line":153,"column":26}},{"start":{"line":154,"column":4},"end":{"line":154,"column":30}}]},"25":{"loc":{"start":{"line":176,"column":2},"end":{"line":176,"column":29}},"type":"default-arg","locations":[{"start":{"line":176,"column":14},"end":{"line":176,"column":29}}]},"26":{"loc":{"start":{"line":178,"column":2},"end":{"line":181,"column":3}},"type":"if","locations":[{"start":{"line":178,"column":2},"end":{"line":181,"column":3}},{"start":{},"end":{}}]},"27":{"loc":{"start":{"line":178,"column":6},"end":{"line":178,"column":45}},"type":"binary-expr","locations":[{"start":{"line":178,"column":6},"end":{"line":178,"column":14}},{"start":{"line":178,"column":18},"end":{"line":178,"column":45}}]},"28":{"loc":{"start":{"line":185,"column":2},"end":{"line":193,"column":3}},"type":"if","locations":[{"start":{"line":185,"column":2},"end":{"line":193,"column":3}},{"start":{},"end":{}}]},"29":{"loc":{"start":{"line":186,"column":4},"end":{"line":189,"column":25}},"type":"binary-expr","locations":[{"start":{"line":186,"column":4},"end":{"line":186,"column":31}},{"start":{"line":187,"column":4},"end":{"line":187,"column":33}},{"start":{"line":188,"column":4},"end":{"line":188,"column":23}},{"start":{"line":189,"column":4},"end":{"line":189,"column":25}}]}},"s":{"0":0,"1":0,"2":0,"3":0,"4":0,"5":0,"6":0,"7":0,"8":0,"9":0,"10":0,"11":0,"12":0,"13":0,"14":0,"15":0,"16":0,"17":0,"18":0,"19":0,"20":0,"21":0,"22":0,"23":0,"24":0,"25":0,"26":0,"27":0,"28":0,"29":0,"30":0,"31":0,"32":0,"33":0,"34":0,"35":0,"36":0,"37":0,"38":0,"39":0,"40":0,"41":0,"42":0,"43":0,"44":0,"45":0,"46":0,"47":0,"48":0,"49":0},"f":{"0":0,"1":0,"2":0,"3":0,"4":0,"5":0,"6":0,"7":0},"b":{"0":[0,0],"1":[0,0],"2":[0],"3":[0,0],"4":[0,0],"5":[0,0],"6":[0,0],"7":[0],"8":[0],"9":[0,0],"10":[0,0],"11":[0,0],"12":[0,0,0,0,0],"13":[0,0],"14":[0],"15":[0,0],"16":[0,0],"17":[0,0],"18":[0,0,0,0],"19":[0,0],"20":[0],"21":[0,0],"22":[0,0],"23":[0,0],"24":[0,0,0,0],"25":[0],"26":[0,0],"27":[0,0],"28":[0,0],"29":[0,0,0,0]}}
,"C:\\Users\\valen\\Documents\\Dev_Perso\\SkinPicker_Project\\SkinPicker_Codebase\\SkinPicker-Back\\src\\utils\\versionAdapter.ts": {"path":"C:\\Users\\valen\\Documents\\Dev_Perso\\SkinPicker_Project\\SkinPicker_Codebase\\SkinPicker-Back\\src\\utils\\versionAdapter.ts","statementMap":{"0":{"start":{"line":31,"column":0},"end":{"line":31,"column":16}},"1":{"start":{"line":40,"column":0},"end":{"line":40,"column":16}},"2":{"start":{"line":47,"column":0},"end":{"line":47,"column":16}},"3":{"start":{"line":62,"column":0},"end":{"line":62,"column":16}},"4":{"start":{"line":106,"column":0},"end":{"line":106,"column":16}},"5":{"start":{"line":135,"column":0},"end":{"line":135,"column":16}},"6":{"start":{"line":160,"column":0},"end":{"line":160,"column":7}},"7":{"start":{"line":20,"column":0},"end":{"line":20,"column":49}},"8":{"start":{"line":26,"column":23},"end":{"line":26,"column":54}},"9":{"start":{"line":32,"column":22},"end":{"line":32,"column":91}},"10":{"start":{"line":33,"column":2},"end":{"line":33,"column":44}},"11":{"start":{"line":34,"column":2},"end":{"line":34,"column":21}},"12":{"start":{"line":41,"column":2},"end":{"line":41,"column":43}},"13":{"start":{"line":48,"column":2},"end":{"line":48,"column":34}},"14":{"start":{"line":66,"column":2},"end":{"line":74,"column":3}},"15":{"start":{"line":67,"column":4},"end":{"line":73,"column":6}},"16":{"start":{"line":77,"column":2},"end":{"line":82,"column":4}},"17":{"start":{"line":110,"column":2},"end":{"line":115,"column":3}},"18":{"start":{"line":111,"column":4},"end":{"line":114,"column":6}},"19":{"start":{"line":118,"column":2},"end":{"line":118,"column":21}},"20":{"start":{"line":139,"column":2},"end":{"line":144,"column":3}},"21":{"start":{"line":140,"column":4},"end":{"line":143,"column":6}},"22":{"start":{"line":147,"column":2},"end":{"line":147,"column":21}},"23":{"start":{"line":166,"column":18},"end":{"line":166,"column":52}},"24":{"start":{"line":168,"column":2},"end":{"line":172,"column":3}},"25":{"start":{"line":169,"column":20},"end":{"line":169,"column":47}},"26":{"start":{"line":170,"column":20},"end":{"line":170,"column":42}},"27":{"start":{"line":171,"column":4},"end":{"line":171,"column":32}}},"fnMap":{"0":{"name":"registerClientVersion","decl":{"start":{"line":31,"column":16},"end":{"line":31,"column":37}},"loc":{"start":{"line":31,"column":71},"end":{"line":35,"column":1}}},"1":{"name":"getClientVersion","decl":{"start":{"line":40,"column":16},"end":{"line":40,"column":32}},"loc":{"start":{"line":40,"column":49},"end":{"line":42,"column":1}}},"2":{"name":"removeClientVersion","decl":{"start":{"line":47,"column":16},"end":{"line":47,"column":35}},"loc":{"start":{"line":47,"column":52},"end":{"line":49,"column":1}}},"3":{"name":"createColorSuggestionPayload","decl":{"start":{"line":62,"column":16},"end":{"line":62,"column":44}},"loc":{"start":{"line":64,"column":29},"end":{"line":83,"column":1}}},"4":{"name":"createRoomStatePayload","decl":{"start":{"line":106,"column":16},"end":{"line":106,"column":38}},"loc":{"start":{"line":108,"column":29},"end":{"line":119,"column":1}}},"5":{"name":"createGroupApplyComboPayload","decl":{"start":{"line":135,"column":16},"end":{"line":135,"column":44}},"loc":{"start":{"line":137,"column":29},"end":{"line":148,"column":1}}},"6":{"name":"emitVersionedToRoom","decl":{"start":{"line":160,"column":22},"end":{"line":160,"column":41}},"loc":{"start":{"line":164,"column":45},"end":{"line":173,"column":1}}}},"branchMap":{"0":{"loc":{"start":{"line":41,"column":9},"end":{"line":41,"column":42}},"type":"binary-expr","locations":[{"start":{"line":41,"column":9},"end":{"line":41,"column":37}},{"start":{"line":41,"column":41},"end":{"line":41,"column":42}}]},"1":{"loc":{"start":{"line":66,"column":2},"end":{"line":74,"column":3}},"type":"if","locations":[{"start":{"line":66,"column":2},"end":{"line":74,"column":3}},{"start":{},"end":{}}]},"2":{"loc":{"start":{"line":110,"column":2},"end":{"line":115,"column":3}},"type":"if","locations":[{"start":{"line":110,"column":2},"end":{"line":115,"column":3}},{"start":{},"end":{}}]},"3":{"loc":{"start":{"line":139,"column":2},"end":{"line":144,"column":3}},"type":"if","locations":[{"start":{"line":139,"column":2},"end":{"line":144,"column":3}},{"start":{},"end":{}}]}},"s":{"0":1,"1":1,"2":1,"3":1,"4":1,"5":1,"6":1,"7":1,"8":1,"9":20,"10":20,"11":20,"12":55,"13":20,"14":5,"15":0,"16":5,"17":44,"18":0,"19":44,"20":6,"21":0,"22":6,"23":36,"24":36,"25":55,"26":55,"27":55},"f":{"0":20,"1":55,"2":20,"3":5,"4":44,"5":6,"6":36},"b":{"0":[55,0],"1":[0,5],"2":[0,44],"3":[0,6]}}
}
