{"C:\\Users\\valen\\Documents\\Dev_Perso\\SkinPicker_Project\\SkinPicker_Codebase\\SkinPicker-Back\\src\\server.ts": {"path":"C:\\Users\\valen\\Documents\\Dev_Perso\\SkinPicker_Project\\SkinPicker_Codebase\\SkinPicker-Back\\src\\server.ts","statementMap":{"0":{"start":{"line":1,"column":0},"end":{"line":1,"column":30}},"1":{"start":{"line":2,"column":0},"end":{"line":2,"column":24}},"2":{"start":{"line":3,"column":0},"end":{"line":3,"column":53}},"3":{"start":{"line":4,"column":0},"end":{"line":4,"column":24}},"4":{"start":{"line":5,"column":0},"end":{"line":5,"column":28}},"5":{"start":{"line":6,"column":0},"end":{"line":6,"column":43}},"6":{"start":{"line":7,"column":0},"end":{"line":7,"column":40}},"7":{"start":{"line":8,"column":0},"end":{"line":8,"column":58}},"8":{"start":{"line":9,"column":0},"end":{"line":9,"column":54}},"9":{"start":{"line":10,"column":0},"end":{"line":10,"column":46}},"10":{"start":{"line":11,"column":0},"end":{"line":11,"column":54}},"11":{"start":{"line":20,"column":0},"end":{"line":20,"column":35}},"12":{"start":{"line":22,"column":12},"end":{"line":22,"column":21}},"13":{"start":{"line":23,"column":20},"end":{"line":23,"column":45}},"14":{"start":{"line":26,"column":0},"end":{"line":26,"column":18}},"15":{"start":{"line":27,"column":0},"end":{"line":27,"column":16}},"16":{"start":{"line":28,"column":0},"end":{"line":28,"column":24}},"17":{"start":{"line":31,"column":16},"end":{"line":36,"column":2}},"18":{"start":{"line":37,"column":0},"end":{"line":37,"column":17}},"19":{"start":{"line":40,"column":0},"end":{"line":40,"column":30}},"20":{"start":{"line":42,"column":0},"end":{"line":44,"column":3}},"21":{"start":{"line":43,"column":2},"end":{"line":43,"column":50}},"22":{"start":{"line":47,"column":13},"end":{"line":47,"column":49}},"23":{"start":{"line":48,"column":13},"end":{"line":50,"column":3}},"24":{"start":{"line":55,"column":23},"end":{"line":55,"column":78}},"25":{"start":{"line":58,"column":15},"end":{"line":58,"column":42}},"26":{"start":{"line":59,"column":2},"end":{"line":59,"column":20}},"27":{"start":{"line":59,"column":13},"end":{"line":59,"column":20}},"28":{"start":{"line":61,"column":17},"end":{"line":61,"column":57}},"29":{"start":{"line":63,"column":2},"end":{"line":71,"column":3}},"30":{"start":{"line":65,"column":5},"end":{"line":65,"column":66}},"31":{"start":{"line":67,"column":5},"end":{"line":67,"column":43}},"32":{"start":{"line":70,"column":5},"end":{"line":70,"column":71}},"33":{"start":{"line":74,"column":0},"end":{"line":258,"column":3}},"34":{"start":{"line":75,"column":2},"end":{"line":75,"column":49}},"35":{"start":{"line":76,"column":22},"end":{"line":76,"column":47}},"36":{"start":{"line":78,"column":2},"end":{"line":95,"column":6}},"37":{"start":{"line":79,"column":17},"end":{"line":79,"column":44}},"38":{"start":{"line":80,"column":4},"end":{"line":82,"column":5}},"39":{"start":{"line":81,"column":6},"end":{"line":81,"column":98}},"40":{"start":{"line":84,"column":19},"end":{"line":84,"column":45}},"41":{"start":{"line":85,"column":4},"end":{"line":87,"column":5}},"42":{"start":{"line":86,"column":6},"end":{"line":86,"column":114}},"43":{"start":{"line":89,"column":4},"end":{"line":89,"column":84}},"44":{"start":{"line":91,"column":4},"end":{"line":91,"column":24}},"45":{"start":{"line":92,"column":4},"end":{"line":92,"column":56}},"46":{"start":{"line":94,"column":4},"end":{"line":94,"column":70}},"47":{"start":{"line":97,"column":2},"end":{"line":116,"column":6}},"48":{"start":{"line":98,"column":78},"end":{"line":98,"column":85}},"49":{"start":{"line":100,"column":17},"end":{"line":100,"column":44}},"50":{"start":{"line":101,"column":4},"end":{"line":103,"column":5}},"51":{"start":{"line":102,"column":6},"end":{"line":102,"column":98}},"52":{"start":{"line":105,"column":19},"end":{"line":105,"column":45}},"53":{"start":{"line":106,"column":4},"end":{"line":108,"column":5}},"54":{"start":{"line":107,"column":6},"end":{"line":107,"column":114}},"55":{"start":{"line":110,"column":4},"end":{"line":110,"column":35}},"56":{"start":{"line":111,"column":4},"end":{"line":111,"column":47}},"57":{"start":{"line":112,"column":4},"end":{"line":112,"column":27}},"58":{"start":{"line":113,"column":4},"end":{"line":113,"column":31}},"59":{"start":{"line":115,"column":4},"end":{"line":115,"column":70}},"60":{"start":{"line":118,"column":2},"end":{"line":151,"column":6}},"61":{"start":{"line":119,"column":69},"end":{"line":119,"column":76}},"62":{"start":{"line":121,"column":17},"end":{"line":121,"column":44}},"63":{"start":{"line":122,"column":4},"end":{"line":124,"column":5}},"64":{"start":{"line":123,"column":6},"end":{"line":123,"column":98}},"65":{"start":{"line":126,"column":19},"end":{"line":126,"column":45}},"66":{"start":{"line":127,"column":4},"end":{"line":129,"column":5}},"67":{"start":{"line":128,"column":6},"end":{"line":128,"column":114}},"68":{"start":{"line":131,"column":4},"end":{"line":131,"column":35}},"69":{"start":{"line":132,"column":4},"end":{"line":132,"column":47}},"70":{"start":{"line":133,"column":4},"end":{"line":133,"column":59}},"71":{"start":{"line":134,"column":4},"end":{"line":134,"column":26}},"72":{"start":{"line":137,"column":4},"end":{"line":144,"column":5}},"73":{"start":{"line":138,"column":6},"end":{"line":142,"column":9}},"74":{"start":{"line":143,"column":6},"end":{"line":143,"column":53}},"75":{"start":{"line":146,"column":4},"end":{"line":146,"column":103}},"76":{"start":{"line":148,"column":4},"end":{"line":148,"column":39}},"77":{"start":{"line":150,"column":4},"end":{"line":150,"column":70}},"78":{"start":{"line":153,"column":2},"end":{"line":160,"column":6}},"79":{"start":{"line":154,"column":4},"end":{"line":154,"column":76}},"80":{"start":{"line":156,"column":4},"end":{"line":156,"column":49}},"81":{"start":{"line":158,"column":4},"end":{"line":158,"column":37}},"82":{"start":{"line":159,"column":4},"end":{"line":159,"column":25}},"83":{"start":{"line":162,"column":2},"end":{"line":170,"column":5}},"84":{"start":{"line":163,"column":17},"end":{"line":163,"column":46}},"85":{"start":{"line":164,"column":4},"end":{"line":164,"column":37}},"86":{"start":{"line":166,"column":4},"end":{"line":169,"column":5}},"87":{"start":{"line":167,"column":6},"end":{"line":167,"column":79}},"88":{"start":{"line":168,"column":6},"end":{"line":168,"column":66}},"89":{"start":{"line":172,"column":2},"end":{"line":231,"column":6}},"90":{"start":{"line":173,"column":46},"end":{"line":173,"column":53}},"91":{"start":{"line":175,"column":17},"end":{"line":175,"column":44}},"92":{"start":{"line":176,"column":4},"end":{"line":178,"column":5}},"93":{"start":{"line":177,"column":6},"end":{"line":177,"column":98}},"94":{"start":{"line":180,"column":4},"end":{"line":186,"column":5}},"95":{"start":{"line":181,"column":6},"end":{"line":185,"column":9}},"96":{"start":{"line":188,"column":20},"end":{"line":188,"column":32}},"97":{"start":{"line":189,"column":4},"end":{"line":192,"column":5}},"98":{"start":{"line":190,"column":6},"end":{"line":190,"column":83}},"99":{"start":{"line":191,"column":6},"end":{"line":191,"column":13}},"100":{"start":{"line":194,"column":18},"end":{"line":194,"column":82}},"101":{"start":{"line":194,"column":45},"end":{"line":194,"column":81}},"102":{"start":{"line":195,"column":4},"end":{"line":198,"column":5}},"103":{"start":{"line":196,"column":6},"end":{"line":196,"column":98}},"104":{"start":{"line":197,"column":6},"end":{"line":197,"column":13}},"105":{"start":{"line":200,"column":76},"end":{"line":200,"column":78}},"106":{"start":{"line":203,"column":4},"end":{"line":220,"column":5}},"107":{"start":{"line":204,"column":6},"end":{"line":204,"column":31}},"108":{"start":{"line":204,"column":22},"end":{"line":204,"column":31}},"109":{"start":{"line":206,"column":19},"end":{"line":206,"column":73}},"110":{"start":{"line":206,"column":51},"end":{"line":206,"column":72}},"111":{"start":{"line":207,"column":6},"end":{"line":211,"column":7}},"112":{"start":{"line":209,"column":8},"end":{"line":209,"column":79}},"113":{"start":{"line":210,"column":8},"end":{"line":210,"column":17}},"114":{"start":{"line":213,"column":18},"end":{"line":213,"column":43}},"115":{"start":{"line":214,"column":18},"end":{"line":214,"column":27}},"116":{"start":{"line":216,"column":6},"end":{"line":216,"column":28}},"117":{"start":{"line":217,"column":6},"end":{"line":217,"column":32}},"118":{"start":{"line":219,"column":6},"end":{"line":219,"column":81}},"119":{"start":{"line":222,"column":4},"end":{"line":222,"column":90}},"120":{"start":{"line":224,"column":4},"end":{"line":224,"column":64}},"121":{"start":{"line":225,"column":4},"end":{"line":227,"column":5}},"122":{"start":{"line":226,"column":6},"end":{"line":226,"column":31}},"123":{"start":{"line":229,"column":4},"end":{"line":229,"column":68}},"124":{"start":{"line":230,"column":4},"end":{"line":230,"column":70}},"125":{"start":{"line":233,"column":2},"end":{"line":257,"column":6}},"126":{"start":{"line":234,"column":51},"end":{"line":234,"column":58}},"127":{"start":{"line":236,"column":4},"end":{"line":236,"column":97}},"128":{"start":{"line":238,"column":17},"end":{"line":238,"column":44}},"129":{"start":{"line":239,"column":4},"end":{"line":241,"column":5}},"130":{"start":{"line":240,"column":6},"end":{"line":240,"column":98}},"131":{"start":{"line":243,"column":19},"end":{"line":243,"column":45}},"132":{"start":{"line":244,"column":4},"end":{"line":246,"column":5}},"133":{"start":{"line":245,"column":6},"end":{"line":245,"column":114}},"134":{"start":{"line":248,"column":4},"end":{"line":248,"column":122}},"135":{"start":{"line":251,"column":4},"end":{"line":256,"column":7}},"136":{"start":{"line":262,"column":0},"end":{"line":267,"column":1}},"137":{"start":{"line":263,"column":15},"end":{"line":263,"column":47}},"138":{"start":{"line":264,"column":2},"end":{"line":266,"column":5}},"139":{"start":{"line":265,"column":4},"end":{"line":265,"column":58}}},"fnMap":{"0":{"name":"(anonymous_1)","decl":{"start":{"line":42,"column":13},"end":{"line":42,"column":14}},"loc":{"start":{"line":42,"column":26},"end":{"line":44,"column":1}}},"1":{"name":"handleMemberLeave","decl":{"start":{"line":57,"column":9},"end":{"line":57,"column":26}},"loc":{"start":{"line":57,"column":75},"end":{"line":72,"column":1}}},"2":{"name":"(anonymous_3)","decl":{"start":{"line":74,"column":20},"end":{"line":74,"column":21}},"loc":{"start":{"line":74,"column":31},"end":{"line":258,"column":1}}},"3":{"name":"(anonymous_4)","decl":{"start":{"line":78,"column":67},"end":{"line":78,"column":68}},"loc":{"start":{"line":78,"column":92},"end":{"line":95,"column":3}}},"4":{"name":"(anonymous_5)","decl":{"start":{"line":97,"column":88},"end":{"line":97,"column":89}},"loc":{"start":{"line":97,"column":100},"end":{"line":116,"column":3}}},"5":{"name":"(anonymous_6)","decl":{"start":{"line":118,"column":79},"end":{"line":118,"column":80}},"loc":{"start":{"line":118,"column":91},"end":{"line":151,"column":3}}},"6":{"name":"(anonymous_7)","decl":{"start":{"line":153,"column":70},"end":{"line":153,"column":71}},"loc":{"start":{"line":153,"column":95},"end":{"line":160,"column":3}}},"7":{"name":"(anonymous_8)","decl":{"start":{"line":162,"column":26},"end":{"line":162,"column":29}},"loc":{"start":{"line":162,"column":31},"end":{"line":170,"column":3}}},"8":{"name":"(anonymous_9)","decl":{"start":{"line":172,"column":99},"end":{"line":172,"column":100}},"loc":{"start":{"line":172,"column":111},"end":{"line":231,"column":3}}},"9":{"name":"(anonymous_10)","decl":{"start":{"line":194,"column":38},"end":{"line":194,"column":39}},"loc":{"start":{"line":194,"column":45},"end":{"line":194,"column":81}}},"10":{"name":"(anonymous_11)","decl":{"start":{"line":206,"column":44},"end":{"line":206,"column":45}},"loc":{"start":{"line":206,"column":51},"end":{"line":206,"column":72}}},"11":{"name":"(anonymous_12)","decl":{"start":{"line":233,"column":79},"end":{"line":233,"column":80}},"loc":{"start":{"line":233,"column":91},"end":{"line":257,"column":3}}},"12":{"name":"(anonymous_13)","decl":{"start":{"line":264,"column":37},"end":{"line":264,"column":40}},"loc":{"start":{"line":264,"column":42},"end":{"line":266,"column":3}}}},"branchMap":{"0":{"loc":{"start":{"line":59,"column":2},"end":{"line":59,"column":20}},"type":"if","locations":[{"start":{"line":59,"column":2},"end":{"line":59,"column":20}},{"start":{},"end":{}}]},"1":{"loc":{"start":{"line":63,"column":2},"end":{"line":71,"column":3}},"type":"if","locations":[{"start":{"line":63,"column":2},"end":{"line":71,"column":3}},{"start":{"line":68,"column":9},"end":{"line":71,"column":3}}]},"2":{"loc":{"start":{"line":80,"column":4},"end":{"line":82,"column":5}},"type":"if","locations":[{"start":{"line":80,"column":4},"end":{"line":82,"column":5}},{"start":{},"end":{}}]},"3":{"loc":{"start":{"line":85,"column":4},"end":{"line":87,"column":5}},"type":"if","locations":[{"start":{"line":85,"column":4},"end":{"line":87,"column":5}},{"start":{},"end":{}}]},"4":{"loc":{"start":{"line":101,"column":4},"end":{"line":103,"column":5}},"type":"if","locations":[{"start":{"line":101,"column":4},"end":{"line":103,"column":5}},{"start":{},"end":{}}]},"5":{"loc":{"start":{"line":106,"column":4},"end":{"line":108,"column":5}},"type":"if","locations":[{"start":{"line":106,"column":4},"end":{"line":108,"column":5}},{"start":{},"end":{}}]},"6":{"loc":{"start":{"line":111,"column":27},"end":{"line":111,"column":46}},"type":"binary-expr","locations":[{"start":{"line":111,"column":27},"end":{"line":111,"column":40}},{"start":{"line":111,"column":44},"end":{"line":111,"column":46}}]},"7":{"loc":{"start":{"line":122,"column":4},"end":{"line":124,"column":5}},"type":"if","locations":[{"start":{"line":122,"column":4},"end":{"line":124,"column":5}},{"start":{},"end":{}}]},"8":{"loc":{"start":{"line":127,"column":4},"end":{"line":129,"column":5}},"type":"if","locations":[{"start":{"line":127,"column":4},"end":{"line":129,"column":5}},{"start":{},"end":{}}]},"9":{"loc":{"start":{"line":132,"column":27},"end":{"line":132,"column":46}},"type":"binary-expr","locations":[{"start":{"line":132,"column":27},"end":{"line":132,"column":40}},{"start":{"line":132,"column":44},"end":{"line":132,"column":46}}]},"10":{"loc":{"start":{"line":133,"column":21},"end":{"line":133,"column":58}},"type":"cond-expr","locations":[{"start":{"line":133,"column":46},"end":{"line":133,"column":53}},{"start":{"line":133,"column":56},"end":{"line":133,"column":58}}]},"11":{"loc":{"start":{"line":137,"column":4},"end":{"line":144,"column":5}},"type":"if","locations":[{"start":{"line":137,"column":4},"end":{"line":144,"column":5}},{"start":{},"end":{}}]},"12":{"loc":{"start":{"line":137,"column":8},"end":{"line":137,"column":54}},"type":"binary-expr","locations":[{"start":{"line":137,"column":8},"end":{"line":137,"column":22}},{"start":{"line":137,"column":26},"end":{"line":137,"column":54}}]},"13":{"loc":{"start":{"line":166,"column":4},"end":{"line":169,"column":5}},"type":"if","locations":[{"start":{"line":166,"column":4},"end":{"line":169,"column":5}},{"start":{},"end":{}}]},"14":{"loc":{"start":{"line":176,"column":4},"end":{"line":178,"column":5}},"type":"if","locations":[{"start":{"line":176,"column":4},"end":{"line":178,"column":5}},{"start":{},"end":{}}]},"15":{"loc":{"start":{"line":180,"column":4},"end":{"line":186,"column":5}},"type":"if","locations":[{"start":{"line":180,"column":4},"end":{"line":186,"column":5}},{"start":{},"end":{}}]},"16":{"loc":{"start":{"line":189,"column":4},"end":{"line":192,"column":5}},"type":"if","locations":[{"start":{"line":189,"column":4},"end":{"line":192,"column":5}},{"start":{},"end":{}}]},"17":{"loc":{"start":{"line":194,"column":45},"end":{"line":194,"column":81}},"type":"binary-expr","locations":[{"start":{"line":194,"column":45},"end":{"line":194,"column":60}},{"start":{"line":194,"column":64},"end":{"line":194,"column":81}}]},"18":{"loc":{"start":{"line":195,"column":4},"end":{"line":198,"column":5}},"type":"if","locations":[{"start":{"line":195,"column":4},"end":{"line":198,"column":5}},{"start":{},"end":{}}]},"19":{"loc":{"start":{"line":204,"column":6},"end":{"line":204,"column":31}},"type":"if","locations":[{"start":{"line":204,"column":6},"end":{"line":204,"column":31}},{"start":{},"end":{}}]},"20":{"loc":{"start":{"line":206,"column":20},"end":{"line":206,"column":35}},"type":"binary-expr","locations":[{"start":{"line":206,"column":20},"end":{"line":206,"column":29}},{"start":{"line":206,"column":33},"end":{"line":206,"column":35}}]},"21":{"loc":{"start":{"line":207,"column":6},"end":{"line":211,"column":7}},"type":"if","locations":[{"start":{"line":207,"column":6},"end":{"line":211,"column":7}},{"start":{},"end":{}}]},"22":{"loc":{"start":{"line":225,"column":4},"end":{"line":227,"column":5}},"type":"if","locations":[{"start":{"line":225,"column":4},"end":{"line":227,"column":5}},{"start":{},"end":{}}]},"23":{"loc":{"start":{"line":239,"column":4},"end":{"line":241,"column":5}},"type":"if","locations":[{"start":{"line":239,"column":4},"end":{"line":241,"column":5}},{"start":{},"end":{}}]},"24":{"loc":{"start":{"line":244,"column":4},"end":{"line":246,"column":5}},"type":"if","locations":[{"start":{"line":244,"column":4},"end":{"line":246,"column":5}},{"start":{},"end":{}}]},"25":{"loc":{"start":{"line":262,"column":0},"end":{"line":267,"column":1}},"type":"if","locations":[{"start":{"line":262,"column":0},"end":{"line":267,"column":1}},{"start":{},"end":{}}]},"26":{"loc":{"start":{"line":263,"column":15},"end":{"line":263,"column":47}},"type":"binary-expr","locations":[{"start":{"line":263,"column":15},"end":{"line":263,"column":39}},{"start":{"line":263,"column":43},"end":{"line":263,"column":47}}]}},"s":{"0":1,"1":1,"2":1,"3":1,"4":1,"5":1,"6":1,"7":1,"8":1,"9":1,"10":1,"11":1,"12":1,"13":1,"14":1,"15":1,"16":1,"17":1,"18":1,"19":1,"20":1,"21":0,"22":1,"23":1,"24":1,"25":12,"26":12,"27":10,"28":2,"29":2,"30":1,"31":1,"32":1,"33":1,"34":12,"35":12,"36":12,"37":12,"38":12,"39":0,"40":12,"41":12,"42":0,"43":12,"44":12,"45":12,"46":12,"47":12,"48":3,"49":3,"50":3,"51":0,"52":3,"53":3,"54":0,"55":3,"56":3,"57":3,"58":3,"59":3,"60":12,"61":0,"62":0,"63":0,"64":0,"65":0,"66":0,"67":0,"68":0,"69":0,"70":0,"71":0,"72":0,"73":0,"74":0,"75":0,"76":0,"77":0,"78":12,"79":0,"80":0,"81":0,"82":0,"83":12,"84":12,"85":12,"86":12,"87":12,"88":12,"89":12,"90":0,"91":0,"92":0,"93":0,"94":0,"95":0,"96":0,"97":0,"98":0,"99":0,"100":0,"101":0,"102":0,"103":0,"104":0,"105":0,"106":0,"107":0,"108":0,"109":0,"110":0,"111":0,"112":0,"113":0,"114":0,"115":0,"116":0,"117":0,"118":0,"119":0,"120":0,"121":0,"122":0,"123":0,"124":0,"125":12,"126":3,"127":3,"128":3,"129":3,"130":0,"131":3,"132":3,"133":0,"134":3,"135":3,"136":1,"137":0,"138":0,"139":0},"f":{"0":0,"1":12,"2":12,"3":12,"4":3,"5":0,"6":0,"7":12,"8":0,"9":0,"10":0,"11":3,"12":0},"b":{"0":[10,2],"1":[1,1],"2":[0,12],"3":[0,12],"4":[0,3],"5":[0,3],"6":[3,3],"7":[0,0],"8":[0,0],"9":[0,0],"10":[0,0],"11":[0,0],"12":[0,0],"13":[12,0],"14":[0,0],"15":[0,0],"16":[0,0],"17":[0,0],"18":[0,0],"19":[0,0],"20":[0,0],"21":[0,0],"22":[0,0],"23":[0,3],"24":[0,3],"25":[0,1],"26":[0,0]}}
,"C:\\Users\\valen\\Documents\\Dev_Perso\\SkinPicker_Project\\SkinPicker_Codebase\\SkinPicker-Back\\src\\controllers\\room.controller.ts": {"path":"C:\\Users\\valen\\Documents\\Dev_Perso\\SkinPicker_Project\\SkinPicker_Codebase\\SkinPicker-Back\\src\\controllers\\room.controller.ts","statementMap":{"0":{"start":{"line":2,"column":0},"end":{"line":2,"column":55}},"1":{"start":{"line":3,"column":0},"end":{"line":3,"column":41}},"2":{"start":{"line":5,"column":20},"end":{"line":5,"column":45}},"3":{"start":{"line":7,"column":26},"end":{"line":23,"column":1}},"4":{"start":{"line":8,"column":2},"end":{"line":22,"column":3}},"5":{"start":{"line":9,"column":17},"end":{"line":9,"column":64}},"6":{"start":{"line":10,"column":29},"end":{"line":10,"column":57}},"7":{"start":{"line":12,"column":4},"end":{"line":18,"column":7}},"8":{"start":{"line":20,"column":4},"end":{"line":20,"column":48}},"9":{"start":{"line":21,"column":4},"end":{"line":21,"column":61}},"10":{"start":{"line":7,"column":13},"end":{"line":7,"column":26}},"11":{"start":{"line":25,"column":29},"end":{"line":40,"column":1}},"12":{"start":{"line":26,"column":2},"end":{"line":39,"column":3}},"13":{"start":{"line":27,"column":29},"end":{"line":27,"column":56}},"14":{"start":{"line":29,"column":4},"end":{"line":35,"column":7}},"15":{"start":{"line":37,"column":4},"end":{"line":37,"column":52}},"16":{"start":{"line":38,"column":4},"end":{"line":38,"column":61}},"17":{"start":{"line":25,"column":13},"end":{"line":25,"column":29}},"18":{"start":{"line":42,"column":24},"end":{"line":67,"column":1}},"19":{"start":{"line":43,"column":2},"end":{"line":66,"column":3}},"20":{"start":{"line":44,"column":17},"end":{"line":44,"column":66}},"21":{"start":{"line":45,"column":17},"end":{"line":45,"column":64}},"22":{"start":{"line":47,"column":19},"end":{"line":47,"column":51}},"23":{"start":{"line":49,"column":4},"end":{"line":52,"column":5}},"24":{"start":{"line":50,"column":6},"end":{"line":50,"column":62}},"25":{"start":{"line":51,"column":6},"end":{"line":51,"column":13}},"26":{"start":{"line":54,"column":29},"end":{"line":54,"column":35}},"27":{"start":{"line":56,"column":4},"end":{"line":62,"column":7}},"28":{"start":{"line":64,"column":4},"end":{"line":64,"column":47}},"29":{"start":{"line":65,"column":4},"end":{"line":65,"column":61}},"30":{"start":{"line":42,"column":13},"end":{"line":42,"column":24}},"31":{"start":{"line":69,"column":23},"end":{"line":96,"column":1}},"32":{"start":{"line":70,"column":2},"end":{"line":95,"column":3}},"33":{"start":{"line":71,"column":20},"end":{"line":71,"column":70}},"34":{"start":{"line":72,"column":17},"end":{"line":72,"column":51}},"35":{"start":{"line":74,"column":4},"end":{"line":76,"column":5}},"36":{"start":{"line":75,"column":6},"end":{"line":75,"column":63}},"37":{"start":{"line":78,"column":17},"end":{"line":78,"column":31}},"38":{"start":{"line":79,"column":21},"end":{"line":79,"column":44}},"39":{"start":{"line":80,"column":18},"end":{"line":80,"column":83}},"40":{"start":{"line":82,"column":17},"end":{"line":82,"column":55}},"41":{"start":{"line":84,"column":4},"end":{"line":84,"column":66}},"42":{"start":{"line":86,"column":4},"end":{"line":91,"column":7}},"43":{"start":{"line":93,"column":4},"end":{"line":93,"column":46}},"44":{"start":{"line":94,"column":4},"end":{"line":94,"column":61}},"45":{"start":{"line":69,"column":13},"end":{"line":69,"column":23}}},"fnMap":{"0":{"name":"(anonymous_0)","decl":{"start":{"line":7,"column":26},"end":{"line":7,"column":27}},"loc":{"start":{"line":7,"column":58},"end":{"line":23,"column":1}}},"1":{"name":"(anonymous_1)","decl":{"start":{"line":25,"column":29},"end":{"line":25,"column":30}},"loc":{"start":{"line":25,"column":61},"end":{"line":40,"column":1}}},"2":{"name":"(anonymous_2)","decl":{"start":{"line":42,"column":24},"end":{"line":42,"column":25}},"loc":{"start":{"line":42,"column":56},"end":{"line":67,"column":1}}},"3":{"name":"(anonymous_3)","decl":{"start":{"line":69,"column":23},"end":{"line":69,"column":24}},"loc":{"start":{"line":69,"column":55},"end":{"line":96,"column":1}}}},"branchMap":{"0":{"loc":{"start":{"line":9,"column":17},"end":{"line":9,"column":64}},"type":"binary-expr","locations":[{"start":{"line":9,"column":17},"end":{"line":9,"column":52}},{"start":{"line":9,"column":56},"end":{"line":9,"column":64}}]},"1":{"loc":{"start":{"line":9,"column":24},"end":{"line":9,"column":44}},"type":"binary-expr","locations":[{"start":{"line":9,"column":24},"end":{"line":9,"column":38}},{"start":{"line":9,"column":42},"end":{"line":9,"column":44}}]},"2":{"loc":{"start":{"line":44,"column":24},"end":{"line":44,"column":44}},"type":"binary-expr","locations":[{"start":{"line":44,"column":24},"end":{"line":44,"column":38}},{"start":{"line":44,"column":42},"end":{"line":44,"column":44}}]},"3":{"loc":{"start":{"line":45,"column":17},"end":{"line":45,"column":64}},"type":"binary-expr","locations":[{"start":{"line":45,"column":17},"end":{"line":45,"column":52}},{"start":{"line":45,"column":56},"end":{"line":45,"column":64}}]},"4":{"loc":{"start":{"line":45,"column":24},"end":{"line":45,"column":44}},"type":"binary-expr","locations":[{"start":{"line":45,"column":24},"end":{"line":45,"column":38}},{"start":{"line":45,"column":42},"end":{"line":45,"column":44}}]},"5":{"loc":{"start":{"line":49,"column":4},"end":{"line":52,"column":5}},"type":"if","locations":[{"start":{"line":49,"column":4},"end":{"line":52,"column":5}},{"start":{},"end":{}}]},"6":{"loc":{"start":{"line":71,"column":27},"end":{"line":71,"column":48}},"type":"binary-expr","locations":[{"start":{"line":71,"column":27},"end":{"line":71,"column":42}},{"start":{"line":71,"column":46},"end":{"line":71,"column":48}}]},"7":{"loc":{"start":{"line":74,"column":4},"end":{"line":76,"column":5}},"type":"if","locations":[{"start":{"line":74,"column":4},"end":{"line":76,"column":5}},{"start":{},"end":{}}]},"8":{"loc":{"start":{"line":78,"column":17},"end":{"line":78,"column":31}},"type":"binary-expr","locations":[{"start":{"line":78,"column":17},"end":{"line":78,"column":25}},{"start":{"line":78,"column":29},"end":{"line":78,"column":31}}]},"9":{"loc":{"start":{"line":79,"column":28},"end":{"line":79,"column":43}},"type":"binary-expr","locations":[{"start":{"line":79,"column":28},"end":{"line":79,"column":38}},{"start":{"line":79,"column":42},"end":{"line":79,"column":43}}]},"10":{"loc":{"start":{"line":80,"column":18},"end":{"line":80,"column":83}},"type":"cond-expr","locations":[{"start":{"line":80,"column":46},"end":{"line":80,"column":79}},{"start":{"line":80,"column":82},"end":{"line":80,"column":83}}]}},"s":{"0":1,"1":1,"2":1,"3":1,"4":6,"5":6,"6":6,"7":6,"8":0,"9":0,"10":1,"11":1,"12":0,"13":0,"14":0,"15":0,"16":0,"17":1,"18":1,"19":7,"20":7,"21":7,"22":7,"23":7,"24":0,"25":0,"26":7,"27":7,"28":0,"29":0,"30":1,"31":1,"32":0,"33":0,"34":0,"35":0,"36":0,"37":0,"38":0,"39":0,"40":0,"41":0,"42":0,"43":0,"44":0,"45":1},"f":{"0":6,"1":0,"2":7,"3":0},"b":{"0":[6,0],"1":[6,0],"2":[7,0],"3":[7,0],"4":[7,0],"5":[0,7],"6":[0,0],"7":[0,0],"8":[0,0],"9":[0,0],"10":[0,0]}}
,"C:\\Users\\valen\\Documents\\Dev_Perso\\SkinPicker_Project\\SkinPicker_Codebase\\SkinPicker-Back\\src\\routes\\room.routes.ts": {"path":"C:\\Users\\valen\\Documents\\Dev_Perso\\SkinPicker_Project\\SkinPicker_Codebase\\SkinPicker-Back\\src\\routes\\room.routes.ts","statementMap":{"0":{"start":{"line":1,"column":0},"end":{"line":1,"column":33}},"1":{"start":{"line":2,"column":0},"end":{"line":2,"column":65}},"2":{"start":{"line":4,"column":15},"end":{"line":4,"column":23}},"3":{"start":{"line":6,"column":0},"end":{"line":6,"column":44}},"4":{"start":{"line":7,"column":0},"end":{"line":7,"column":50}},"5":{"start":{"line":8,"column":0},"end":{"line":8,"column":46}},"6":{"start":{"line":9,"column":0},"end":{"line":9,"column":51}},"7":{"start":{"line":11,"column":0},"end":{"line":11,"column":22}}},"fnMap":{},"branchMap":{},"s":{"0":1,"1":1,"2":1,"3":1,"4":1,"5":1,"6":1,"7":1},"f":{},"b":{}}
,"C:\\Users\\valen\\Documents\\Dev_Perso\\SkinPicker_Project\\SkinPicker_Codebase\\SkinPicker-Back\\src\\services\\room.service.ts": {"path":"C:\\Users\\valen\\Documents\\Dev_Perso\\SkinPicker_Project\\SkinPicker_Codebase\\SkinPicker-Back\\src\\services\\room.service.ts","statementMap":{"0":{"start":{"line":1,"column":0},"end":{"line":1,"column":47}},"1":{"start":{"line":3,"column":0},"end":{"line":3,"column":41}},"2":{"start":{"line":7,"column":9},"end":{"line":7,"column":41}},"3":{"start":{"line":8,"column":9},"end":{"line":8,"column":47}},"4":{"start":{"line":13,"column":4},"end":{"line":15,"column":5}},"5":{"start":{"line":14,"column":6},"end":{"line":14,"column":47}},"6":{"start":{"line":16,"column":4},"end":{"line":16,"column":32}},"7":{"start":{"line":20,"column":21},"end":{"line":20,"column":55}},"8":{"start":{"line":21,"column":15},"end":{"line":21,"column":17}},"9":{"start":{"line":22,"column":4},"end":{"line":24,"column":5}},"10":{"start":{"line":22,"column":17},"end":{"line":22,"column":18}},"11":{"start":{"line":23,"column":6},"end":{"line":23,"column":54}},"12":{"start":{"line":25,"column":4},"end":{"line":25,"column":16}},"13":{"start":{"line":29,"column":19},"end":{"line":29,"column":31}},"14":{"start":{"line":30,"column":17},"end":{"line":30,"column":40}},"15":{"start":{"line":31,"column":20},"end":{"line":31,"column":32}},"16":{"start":{"line":33,"column":26},"end":{"line":41,"column":6}},"17":{"start":{"line":43,"column":23},"end":{"line":48,"column":6}},"18":{"start":{"line":50,"column":4},"end":{"line":50,"column":33}},"19":{"start":{"line":51,"column":4},"end":{"line":51,"column":37}},"20":{"start":{"line":53,"column":4},"end":{"line":53,"column":75}},"21":{"start":{"line":54,"column":4},"end":{"line":54,"column":35}},"22":{"start":{"line":58,"column":29},"end":{"line":58,"column":57}},"23":{"start":{"line":61,"column":4},"end":{"line":61,"column":42}},"24":{"start":{"line":62,"column":4},"end":{"line":62,"column":44}},"25":{"start":{"line":63,"column":4},"end":{"line":63,"column":24}},"26":{"start":{"line":64,"column":4},"end":{"line":64,"column":26}},"27":{"start":{"line":69,"column":4},"end":{"line":69,"column":28}},"28":{"start":{"line":73,"column":4},"end":{"line":73,"column":34}},"29":{"start":{"line":77,"column":4},"end":{"line":77,"column":38}},"30":{"start":{"line":81,"column":17},"end":{"line":81,"column":43}},"31":{"start":{"line":82,"column":4},"end":{"line":84,"column":5}},"32":{"start":{"line":83,"column":6},"end":{"line":83,"column":54}},"33":{"start":{"line":86,"column":4},"end":{"line":88,"column":5}},"34":{"start":{"line":87,"column":6},"end":{"line":87,"column":52}},"35":{"start":{"line":90,"column":21},"end":{"line":90,"column":33}},"36":{"start":{"line":91,"column":27},"end":{"line":99,"column":6}},"37":{"start":{"line":101,"column":4},"end":{"line":101,"column":39}},"38":{"start":{"line":104,"column":4},"end":{"line":104,"column":77}},"39":{"start":{"line":105,"column":4},"end":{"line":105,"column":28}},"40":{"start":{"line":109,"column":19},"end":{"line":109,"column":45}},"41":{"start":{"line":110,"column":4},"end":{"line":110,"column":46}},"42":{"start":{"line":110,"column":17},"end":{"line":110,"column":46}},"43":{"start":{"line":112,"column":4},"end":{"line":112,"column":34}},"44":{"start":{"line":114,"column":4},"end":{"line":117,"column":5}},"45":{"start":{"line":115,"column":6},"end":{"line":115,"column":27}},"46":{"start":{"line":116,"column":6},"end":{"line":116,"column":56}},"47":{"start":{"line":119,"column":4},"end":{"line":122,"column":5}},"48":{"start":{"line":120,"column":6},"end":{"line":120,"column":27}},"49":{"start":{"line":121,"column":6},"end":{"line":121,"column":51}},"50":{"start":{"line":124,"column":4},"end":{"line":124,"column":32}},"51":{"start":{"line":125,"column":4},"end":{"line":125,"column":33}},"52":{"start":{"line":129,"column":4},"end":{"line":129,"column":31}},"53":{"start":{"line":130,"column":4},"end":{"line":130,"column":39}},"54":{"start":{"line":131,"column":4},"end":{"line":131,"column":43}},"55":{"start":{"line":135,"column":23},"end":{"line":135,"column":56}},"56":{"start":{"line":137,"column":25},"end":{"line":137,"column":84}},"57":{"start":{"line":137,"column":50},"end":{"line":137,"column":83}},"58":{"start":{"line":139,"column":4},"end":{"line":142,"column":5}},"59":{"start":{"line":140,"column":6},"end":{"line":140,"column":36}},"60":{"start":{"line":141,"column":6},"end":{"line":141,"column":13}},"61":{"start":{"line":144,"column":22},"end":{"line":144,"column":39}},"62":{"start":{"line":145,"column":4},"end":{"line":151,"column":5}},"63":{"start":{"line":146,"column":6},"end":{"line":150,"column":7}},"64":{"start":{"line":147,"column":8},"end":{"line":149,"column":9}},"65":{"start":{"line":148,"column":10},"end":{"line":148,"column":39}},"66":{"start":{"line":153,"column":38},"end":{"line":153,"column":40}},"67":{"start":{"line":155,"column":4},"end":{"line":179,"column":5}},"68":{"start":{"line":156,"column":37},"end":{"line":156,"column":39}},"69":{"start":{"line":157,"column":29},"end":{"line":157,"column":30}},"70":{"start":{"line":159,"column":6},"end":{"line":168,"column":7}},"71":{"start":{"line":160,"column":39},"end":{"line":161,"column":null}},"72":{"start":{"line":161,"column":17},"end":{"line":161,"column":38}},"73":{"start":{"line":164,"column":8},"end":{"line":167,"column":9}},"74":{"start":{"line":165,"column":10},"end":{"line":165,"column":39}},"75":{"start":{"line":166,"column":10},"end":{"line":166,"column":60}},"76":{"start":{"line":170,"column":6},"end":{"line":178,"column":7}},"77":{"start":{"line":171,"column":8},"end":{"line":177,"column":11}},"78":{"start":{"line":181,"column":4},"end":{"line":183,"column":6}},"79":{"start":{"line":182,"column":16},"end":{"line":182,"column":82}},"80":{"start":{"line":185,"column":4},"end":{"line":185,"column":41}},"81":{"start":{"line":187,"column":4},"end":{"line":190,"column":5}},"82":{"start":{"line":189,"column":8},"end":{"line":189,"column":119}},"83":{"start":{"line":194,"column":4},"end":{"line":202,"column":6}},"84":{"start":{"line":207,"column":22},"end":{"line":207,"column":43}},"85":{"start":{"line":208,"column":18},"end":{"line":208,"column":44}},"86":{"start":{"line":209,"column":34},"end":{"line":209,"column":36}},"87":{"start":{"line":211,"column":23},"end":{"line":211,"column":49}},"88":{"start":{"line":213,"column":4},"end":{"line":227,"column":5}},"89":{"start":{"line":213,"column":17},"end":{"line":213,"column":18}},"90":{"start":{"line":214,"column":25},"end":{"line":214,"column":37}},"91":{"start":{"line":215,"column":28},"end":{"line":224,"column":10}},"92":{"start":{"line":225,"column":8},"end":{"line":225,"column":40}},"93":{"start":{"line":226,"column":8},"end":{"line":226,"column":30}},"94":{"start":{"line":229,"column":4},"end":{"line":229,"column":32}},"95":{"start":{"line":230,"column":4},"end":{"line":230,"column":23}},"96":{"start":{"line":5,"column":0},"end":{"line":5,"column":13}}},"fnMap":{"0":{"name":"(anonymous_0)","decl":{"start":{"line":10,"column":2},"end":{"line":10,"column":25}},"loc":{"start":{"line":10,"column":2},"end":{"line":10,"column":26}}},"1":{"name":"(anonymous_1)","decl":{"start":{"line":12,"column":9},"end":{"line":12,"column":15}},"loc":{"start":{"line":12,"column":27},"end":{"line":17,"column":3}}},"2":{"name":"(anonymous_2)","decl":{"start":{"line":19,"column":10},"end":{"line":19,"column":26}},"loc":{"start":{"line":19,"column":26},"end":{"line":26,"column":3}}},"3":{"name":"(anonymous_3)","decl":{"start":{"line":28,"column":9},"end":{"line":28,"column":19}},"loc":{"start":{"line":28,"column":37},"end":{"line":55,"column":3}}},"4":{"name":"(anonymous_4)","decl":{"start":{"line":57,"column":9},"end":{"line":57,"column":22}},"loc":{"start":{"line":57,"column":22},"end":{"line":70,"column":3}}},"5":{"name":"(anonymous_5)","decl":{"start":{"line":72,"column":9},"end":{"line":72,"column":16}},"loc":{"start":{"line":72,"column":31},"end":{"line":74,"column":3}}},"6":{"name":"(anonymous_6)","decl":{"start":{"line":76,"column":9},"end":{"line":76,"column":22}},"loc":{"start":{"line":76,"column":35},"end":{"line":78,"column":3}}},"7":{"name":"(anonymous_7)","decl":{"start":{"line":80,"column":9},"end":{"line":80,"column":17}},"loc":{"start":{"line":80,"column":50},"end":{"line":106,"column":3}}},"8":{"name":"(anonymous_8)","decl":{"start":{"line":108,"column":9},"end":{"line":108,"column":21}},"loc":{"start":{"line":108,"column":50},"end":{"line":126,"column":3}}},"9":{"name":"(anonymous_9)","decl":{"start":{"line":128,"column":10},"end":{"line":128,"column":19}},"loc":{"start":{"line":128,"column":30},"end":{"line":132,"column":3}}},"10":{"name":"(anonymous_10)","decl":{"start":{"line":134,"column":9},"end":{"line":134,"column":25}},"loc":{"start":{"line":134,"column":36},"end":{"line":191,"column":3}}},"11":{"name":"(anonymous_11)","decl":{"start":{"line":137,"column":43},"end":{"line":137,"column":44}},"loc":{"start":{"line":137,"column":50},"end":{"line":137,"column":83}}},"12":{"name":"(anonymous_12)","decl":{"start":{"line":161,"column":10},"end":{"line":161,"column":11}},"loc":{"start":{"line":161,"column":17},"end":{"line":161,"column":38}}},"13":{"name":"(anonymous_13)","decl":{"start":{"line":182,"column":6},"end":{"line":182,"column":7}},"loc":{"start":{"line":182,"column":16},"end":{"line":182,"column":82}}},"14":{"name":"(anonymous_14)","decl":{"start":{"line":193,"column":9},"end":{"line":193,"column":22}},"loc":{"start":{"line":193,"column":33},"end":{"line":203,"column":3}}},"15":{"name":"(anonymous_15)","decl":{"start":{"line":206,"column":9},"end":{"line":206,"column":16}},"loc":{"start":{"line":206,"column":55},"end":{"line":231,"column":3}}}},"branchMap":{"0":{"loc":{"start":{"line":13,"column":4},"end":{"line":15,"column":5}},"type":"if","locations":[{"start":{"line":13,"column":4},"end":{"line":15,"column":5}},{"start":{},"end":{}}]},"1":{"loc":{"start":{"line":82,"column":4},"end":{"line":84,"column":5}},"type":"if","locations":[{"start":{"line":82,"column":4},"end":{"line":84,"column":5}},{"start":{},"end":{}}]},"2":{"loc":{"start":{"line":86,"column":4},"end":{"line":88,"column":5}},"type":"if","locations":[{"start":{"line":86,"column":4},"end":{"line":88,"column":5}},{"start":{},"end":{}}]},"3":{"loc":{"start":{"line":110,"column":4},"end":{"line":110,"column":46}},"type":"if","locations":[{"start":{"line":110,"column":4},"end":{"line":110,"column":46}},{"start":{},"end":{}}]},"4":{"loc":{"start":{"line":114,"column":4},"end":{"line":117,"column":5}},"type":"if","locations":[{"start":{"line":114,"column":4},"end":{"line":117,"column":5}},{"start":{},"end":{}}]},"5":{"loc":{"start":{"line":119,"column":4},"end":{"line":122,"column":5}},"type":"if","locations":[{"start":{"line":119,"column":4},"end":{"line":122,"column":5}},{"start":{},"end":{}}]},"6":{"loc":{"start":{"line":137,"column":50},"end":{"line":137,"column":83}},"type":"binary-expr","locations":[{"start":{"line":137,"column":50},"end":{"line":137,"column":59}},{"start":{"line":137,"column":63},"end":{"line":137,"column":83}}]},"7":{"loc":{"start":{"line":139,"column":4},"end":{"line":142,"column":5}},"type":"if","locations":[{"start":{"line":139,"column":4},"end":{"line":142,"column":5}},{"start":{},"end":{}}]},"8":{"loc":{"start":{"line":147,"column":8},"end":{"line":149,"column":9}},"type":"if","locations":[{"start":{"line":147,"column":8},"end":{"line":149,"column":9}},{"start":{},"end":{}}]},"9":{"loc":{"start":{"line":160,"column":40},"end":{"line":160,"column":60}},"type":"binary-expr","locations":[{"start":{"line":160,"column":40},"end":{"line":160,"column":54}},{"start":{"line":160,"column":58},"end":{"line":160,"column":60}}]},"10":{"loc":{"start":{"line":164,"column":8},"end":{"line":167,"column":9}},"type":"if","locations":[{"start":{"line":164,"column":8},"end":{"line":167,"column":9}},{"start":{},"end":{}}]},"11":{"loc":{"start":{"line":170,"column":6},"end":{"line":178,"column":7}},"type":"if","locations":[{"start":{"line":170,"column":6},"end":{"line":178,"column":7}},{"start":{},"end":{}}]},"12":{"loc":{"start":{"line":182,"column":16},"end":{"line":182,"column":82}},"type":"binary-expr","locations":[{"start":{"line":182,"column":16},"end":{"line":182,"column":39}},{"start":{"line":182,"column":43},"end":{"line":182,"column":82}}]},"13":{"loc":{"start":{"line":187,"column":4},"end":{"line":190,"column":5}},"type":"if","locations":[{"start":{"line":187,"column":4},"end":{"line":190,"column":5}},{"start":{},"end":{}}]},"14":{"loc":{"start":{"line":199,"column":15},"end":{"line":199,"column":40}},"type":"binary-expr","locations":[{"start":{"line":199,"column":15},"end":{"line":199,"column":27}},{"start":{"line":199,"column":31},"end":{"line":199,"column":40}}]},"15":{"loc":{"start":{"line":211,"column":23},"end":{"line":211,"column":49}},"type":"binary-expr","locations":[{"start":{"line":211,"column":23},"end":{"line":211,"column":40}},{"start":{"line":211,"column":44},"end":{"line":211,"column":49}}]},"16":{"loc":{"start":{"line":218,"column":24},"end":{"line":218,"column":62}},"type":"binary-expr","locations":[{"start":{"line":218,"column":24},"end":{"line":218,"column":41}},{"start":{"line":218,"column":45},"end":{"line":218,"column":62}}]},"17":{"loc":{"start":{"line":220,"column":20},"end":{"line":220,"column":60}},"type":"binary-expr","locations":[{"start":{"line":220,"column":20},"end":{"line":220,"column":33}},{"start":{"line":220,"column":37},"end":{"line":220,"column":60}}]},"18":{"loc":{"start":{"line":221,"column":22},"end":{"line":221,"column":42}},"type":"binary-expr","locations":[{"start":{"line":221,"column":22},"end":{"line":221,"column":37}},{"start":{"line":221,"column":41},"end":{"line":221,"column":42}}]}},"s":{"0":2,"1":2,"2":2,"3":2,"4":30,"5":2,"6":30,"7":124,"8":124,"9":124,"10":124,"11":744,"12":124,"13":124,"14":124,"15":124,"16":124,"17":124,"18":124,"19":124,"20":124,"21":124,"22":1,"23":1,"24":1,"25":1,"26":1,"27":1,"28":35,"29":5,"30":21,"31":21,"32":1,"33":20,"34":1,"35":19,"36":19,"37":19,"38":19,"39":19,"40":5,"41":5,"42":0,"43":5,"44":5,"45":3,"46":3,"47":2,"48":0,"49":0,"50":2,"51":2,"52":3,"53":3,"54":3,"55":9,"56":9,"57":21,"58":9,"59":6,"60":6,"61":3,"62":3,"63":7,"64":11,"65":11,"66":3,"67":3,"68":5,"69":5,"70":5,"71":12,"72":17,"73":12,"74":8,"75":8,"76":5,"77":3,"78":3,"79":0,"80":3,"81":3,"82":3,"83":29,"84":3,"85":3,"86":3,"87":3,"88":3,"89":3,"90":7,"91":7,"92":7,"93":7,"94":3,"95":3,"96":2},"f":{"0":2,"1":30,"2":124,"3":124,"4":1,"5":35,"6":5,"7":21,"8":5,"9":3,"10":9,"11":21,"12":17,"13":0,"14":29,"15":3},"b":{"0":[2,28],"1":[1,20],"2":[1,19],"3":[0,5],"4":[3,2],"5":[0,2],"6":[21,14],"7":[6,3],"8":[11,0],"9":[12,0],"10":[8,4],"11":[3,2],"12":[0,0],"13":[3,0],"14":[29,26],"15":[3,2],"16":[7,6],"17":[7,6],"18":[7,6]}}
,"C:\\Users\\valen\\Documents\\Dev_Perso\\SkinPicker_Project\\SkinPicker_Codebase\\SkinPicker-Back\\src\\utils\\errors.ts": {"path":"C:\\Users\\valen\\Documents\\Dev_Perso\\SkinPicker_Project\\SkinPicker_Codebase\\SkinPicker-Back\\src\\utils\\errors.ts","statementMap":{"0":{"start":{"line":59,"column":0},"end":{"line":59,"column":16}},"1":{"start":{"line":80,"column":0},"end":{"line":80,"column":16}},"2":{"start":{"line":4,"column":13},"end":{"line":11,"column":11}},"3":{"start":{"line":31,"column":4},"end":{"line":31,"column":19}},"4":{"start":{"line":32,"column":4},"end":{"line":32,"column":21}},"5":{"start":{"line":33,"column":4},"end":{"line":33,"column":39}},"6":{"start":{"line":34,"column":4},"end":{"line":34,"column":27}},"7":{"start":{"line":35,"column":4},"end":{"line":35,"column":27}},"8":{"start":{"line":38,"column":4},"end":{"line":38,"column":52}},"9":{"start":{"line":20,"column":0},"end":{"line":20,"column":13}},"10":{"start":{"line":46,"column":13},"end":{"line":53,"column":2}},"11":{"start":{"line":63,"column":2},"end":{"line":68,"column":3}},"12":{"start":{"line":64,"column":4},"end":{"line":67,"column":6}},"13":{"start":{"line":71,"column":2},"end":{"line":74,"column":4}},"14":{"start":{"line":81,"column":2},"end":{"line":81,"column":35}}},"fnMap":{"0":{"name":"(anonymous_0)","decl":{"start":{"line":25,"column":2},"end":{"line":25,"column":null}},"loc":{"start":{"line":29,"column":37},"end":{"line":39,"column":3}}},"1":{"name":"formatErrorResponse","decl":{"start":{"line":59,"column":16},"end":{"line":59,"column":35}},"loc":{"start":{"line":59,"column":50},"end":{"line":75,"column":1}}},"2":{"name":"isAppError","decl":{"start":{"line":80,"column":16},"end":{"line":80,"column":26}},"loc":{"start":{"line":80,"column":41},"end":{"line":82,"column":1}}}},"branchMap":{"0":{"loc":{"start":{"line":28,"column":4},"end":{"line":28,"column":33}},"type":"default-arg","locations":[{"start":{"line":28,"column":29},"end":{"line":28,"column":33}}]},"1":{"loc":{"start":{"line":63,"column":2},"end":{"line":68,"column":3}},"type":"if","locations":[{"start":{"line":63,"column":2},"end":{"line":68,"column":3}},{"start":{},"end":{}}]},"2":{"loc":{"start":{"line":66,"column":15},"end":{"line":66,"column":64}},"type":"binary-expr","locations":[{"start":{"line":66,"column":15},"end":{"line":66,"column":47}},{"start":{"line":66,"column":51},"end":{"line":66,"column":64}}]}},"s":{"0":1,"1":1,"2":1,"3":0,"4":0,"5":0,"6":0,"7":0,"8":0,"9":1,"10":1,"11":0,"12":0,"13":0,"14":0},"f":{"0":0,"1":0,"2":0},"b":{"0":[0],"1":[0,0],"2":[0,0]}}
,"C:\\Users\\valen\\Documents\\Dev_Perso\\SkinPicker_Project\\SkinPicker_Codebase\\SkinPicker-Back\\src\\utils\\logger.ts": {"path":"C:\\Users\\valen\\Documents\\Dev_Perso\\SkinPicker_Project\\SkinPicker_Codebase\\SkinPicker-Back\\src\\utils\\logger.ts","statementMap":{"0":{"start":{"line":1,"column":0},"end":{"line":1,"column":30}},"1":{"start":{"line":3,"column":15},"end":{"line":9,"column":2}},"2":{"start":{"line":11,"column":15},"end":{"line":17,"column":2}},"3":{"start":{"line":19,"column":0},"end":{"line":19,"column":26}},"4":{"start":{"line":25,"column":15},"end":{"line":41,"column":null}},"5":{"start":{"line":30,"column":51},"end":{"line":30,"column":55}},"6":{"start":{"line":33,"column":14},"end":{"line":33,"column":53}},"7":{"start":{"line":36,"column":4},"end":{"line":38,"column":5}},"8":{"start":{"line":37,"column":6},"end":{"line":37,"column":40}},"9":{"start":{"line":40,"column":4},"end":{"line":40,"column":15}},"10":{"start":{"line":44,"column":19},"end":{"line":47,"column":2}},"11":{"start":{"line":49,"column":13},"end":{"line":54,"column":3}}},"fnMap":{"0":{"name":"(anonymous_1)","decl":{"start":{"line":28,"column":24},"end":{"line":28,"column":25}},"loc":{"start":{"line":28,"column":33},"end":{"line":41,"column":3}}}},"branchMap":{"0":{"loc":{"start":{"line":36,"column":4},"end":{"line":38,"column":5}},"type":"if","locations":[{"start":{"line":36,"column":4},"end":{"line":38,"column":5}},{"start":{},"end":{}}]}},"s":{"0":2,"1":2,"2":2,"3":2,"4":2,"5":191,"6":191,"7":191,"8":0,"9":191,"10":2,"11":2},"f":{"0":191},"b":{"0":[0,191]}}
,"C:\\Users\\valen\\Documents\\Dev_Perso\\SkinPicker_Project\\SkinPicker_Codebase\\SkinPicker-Back\\src\\utils\\socketHelpers.ts": {"path":"C:\\Users\\valen\\Documents\\Dev_Perso\\SkinPicker_Project\\SkinPicker_Codebase\\SkinPicker-Back\\src\\utils\\socketHelpers.ts","statementMap":{"0":{"start":{"line":11,"column":0},"end":{"line":11,"column":16}},"1":{"start":{"line":28,"column":0},"end":{"line":28,"column":16}},"2":{"start":{"line":46,"column":0},"end":{"line":46,"column":16}},"3":{"start":{"line":73,"column":0},"end":{"line":73,"column":16}},"4":{"start":{"line":4,"column":0},"end":{"line":4,"column":34}},"5":{"start":{"line":5,"column":0},"end":{"line":5,"column":69}},"6":{"start":{"line":16,"column":15},"end":{"line":16,"column":42}},"7":{"start":{"line":17,"column":2},"end":{"line":20,"column":3}},"8":{"start":{"line":18,"column":4},"end":{"line":18,"column":59}},"9":{"start":{"line":19,"column":4},"end":{"line":19,"column":16}},"10":{"start":{"line":21,"column":2},"end":{"line":21,"column":14}},"11":{"start":{"line":33,"column":17},"end":{"line":33,"column":43}},"12":{"start":{"line":34,"column":2},"end":{"line":37,"column":3}},"13":{"start":{"line":35,"column":4},"end":{"line":35,"column":82}},"14":{"start":{"line":36,"column":4},"end":{"line":36,"column":16}},"15":{"start":{"line":38,"column":2},"end":{"line":38,"column":16}},"16":{"start":{"line":52,"column":15},"end":{"line":52,"column":60}},"17":{"start":{"line":53,"column":2},"end":{"line":55,"column":3}},"18":{"start":{"line":54,"column":4},"end":{"line":54,"column":40}},"19":{"start":{"line":56,"column":17},"end":{"line":56,"column":59}},"20":{"start":{"line":57,"column":2},"end":{"line":57,"column":26}},"21":{"start":{"line":74,"column":2},"end":{"line":92,"column":4}},"22":{"start":{"line":78,"column":4},"end":{"line":91,"column":6}},"23":{"start":{"line":79,"column":6},"end":{"line":90,"column":7}},"24":{"start":{"line":80,"column":23},"end":{"line":80,"column":39}},"25":{"start":{"line":83,"column":8},"end":{"line":87,"column":9}},"26":{"start":{"line":84,"column":10},"end":{"line":86,"column":13}},"27":{"start":{"line":85,"column":12},"end":{"line":85,"column":59}},"28":{"start":{"line":89,"column":8},"end":{"line":89,"column":55}},"29":{"start":{"line":104,"column":2},"end":{"line":131,"column":3}},"30":{"start":{"line":106,"column":4},"end":{"line":110,"column":7}},"31":{"start":{"line":113,"column":4},"end":{"line":113,"column":53}},"32":{"start":{"line":116,"column":25},"end":{"line":116,"column":79}},"33":{"start":{"line":117,"column":23},"end":{"line":117,"column":71}},"34":{"start":{"line":119,"column":4},"end":{"line":124,"column":7}},"35":{"start":{"line":127,"column":4},"end":{"line":130,"column":7}}},"fnMap":{"0":{"name":"getRoomOrWarn","decl":{"start":{"line":11,"column":16},"end":{"line":11,"column":29}},"loc":{"start":{"line":14,"column":19},"end":{"line":22,"column":1}}},"1":{"name":"getMemberOrWarn","decl":{"start":{"line":28,"column":16},"end":{"line":28,"column":31}},"loc":{"start":{"line":31,"column":19},"end":{"line":39,"column":1}}},"2":{"name":"getRoomAndMemberOrWarn","decl":{"start":{"line":46,"column":16},"end":{"line":46,"column":38}},"loc":{"start":{"line":50,"column":19},"end":{"line":58,"column":1}}},"3":{"name":"createSafeHandler","decl":{"start":{"line":73,"column":16},"end":{"line":73,"column":33}},"loc":{"start":{"line":73,"column":48},"end":{"line":93,"column":1}}},"4":{"name":"safeHandler","decl":{"start":{"line":74,"column":18},"end":{"line":74,"column":29}},"loc":{"start":{"line":76,"column":49},"end":{"line":92,"column":3}}},"5":{"name":"(anonymous_5)","decl":{"start":{"line":78,"column":11},"end":{"line":78,"column":12}},"loc":{"start":{"line":78,"column":26},"end":{"line":91,"column":5}}},"6":{"name":"(anonymous_6)","decl":{"start":{"line":84,"column":23},"end":{"line":84,"column":24}},"loc":{"start":{"line":84,"column":42},"end":{"line":86,"column":11}}},"7":{"name":"handleError","decl":{"start":{"line":98,"column":9},"end":{"line":98,"column":20}},"loc":{"start":{"line":102,"column":16},"end":{"line":132,"column":1}}}},"branchMap":{"0":{"loc":{"start":{"line":17,"column":2},"end":{"line":20,"column":3}},"type":"if","locations":[{"start":{"line":17,"column":2},"end":{"line":20,"column":3}},{"start":{},"end":{}}]},"1":{"loc":{"start":{"line":34,"column":2},"end":{"line":37,"column":3}},"type":"if","locations":[{"start":{"line":34,"column":2},"end":{"line":37,"column":3}},{"start":{},"end":{}}]},"2":{"loc":{"start":{"line":53,"column":2},"end":{"line":55,"column":3}},"type":"if","locations":[{"start":{"line":53,"column":2},"end":{"line":55,"column":3}},{"start":{},"end":{}}]},"3":{"loc":{"start":{"line":83,"column":8},"end":{"line":87,"column":9}},"type":"if","locations":[{"start":{"line":83,"column":8},"end":{"line":87,"column":9}},{"start":{},"end":{}}]},"4":{"loc":{"start":{"line":104,"column":2},"end":{"line":131,"column":3}},"type":"if","locations":[{"start":{"line":104,"column":2},"end":{"line":131,"column":3}},{"start":{"line":114,"column":9},"end":{"line":131,"column":3}}]},"5":{"loc":{"start":{"line":116,"column":25},"end":{"line":116,"column":79}},"type":"cond-expr","locations":[{"start":{"line":116,"column":50},"end":{"line":116,"column":63}},{"start":{"line":116,"column":66},"end":{"line":116,"column":79}}]},"6":{"loc":{"start":{"line":117,"column":23},"end":{"line":117,"column":71}},"type":"cond-expr","locations":[{"start":{"line":117,"column":48},"end":{"line":117,"column":59}},{"start":{"line":117,"column":62},"end":{"line":117,"column":71}}]}},"s":{"0":1,"1":1,"2":1,"3":1,"4":1,"5":1,"6":0,"7":0,"8":0,"9":0,"10":0,"11":0,"12":0,"13":0,"14":0,"15":0,"16":0,"17":0,"18":0,"19":0,"20":0,"21":12,"22":72,"23":18,"24":18,"25":18,"26":0,"27":0,"28":0,"29":0,"30":0,"31":0,"32":0,"33":0,"34":0,"35":0},"f":{"0":0,"1":0,"2":0,"3":12,"4":72,"5":18,"6":0,"7":0},"b":{"0":[0,0],"1":[0,0],"2":[0,0],"3":[0,18],"4":[0,0],"5":[0,0],"6":[0,0]}}
,"C:\\Users\\valen\\Documents\\Dev_Perso\\SkinPicker_Project\\SkinPicker_Codebase\\SkinPicker-Back\\src\\utils\\validation.ts": {"path":"C:\\Users\\valen\\Documents\\Dev_Perso\\SkinPicker_Project\\SkinPicker_Codebase\\SkinPicker-Back\\src\\utils\\validation.ts","statementMap":{"0":{"start":{"line":33,"column":0},"end":{"line":33,"column":16}},"1":{"start":{"line":55,"column":0},"end":{"line":55,"column":16}},"2":{"start":{"line":65,"column":0},"end":{"line":65,"column":16}},"3":{"start":{"line":103,"column":0},"end":{"line":103,"column":16}},"4":{"start":{"line":139,"column":0},"end":{"line":139,"column":16}},"5":{"start":{"line":174,"column":0},"end":{"line":174,"column":16}},"6":{"start":{"line":1,"column":0},"end":{"line":1,"column":34}},"7":{"start":{"line":20,"column":2},"end":{"line":20,"column":55}},"8":{"start":{"line":27,"column":2},"end":{"line":27,"column":59}},"9":{"start":{"line":37,"column":2},"end":{"line":40,"column":3}},"10":{"start":{"line":38,"column":4},"end":{"line":38,"column":65}},"11":{"start":{"line":39,"column":4},"end":{"line":39,"column":28}},"12":{"start":{"line":42,"column":12},"end":{"line":42,"column":46}},"13":{"start":{"line":44,"column":2},"end":{"line":47,"column":3}},"14":{"start":{"line":45,"column":4},"end":{"line":45,"column":78}},"15":{"start":{"line":46,"column":4},"end":{"line":46,"column":28}},"16":{"start":{"line":49,"column":2},"end":{"line":49,"column":78}},"17":{"start":{"line":59,"column":2},"end":{"line":59,"column":91}},"18":{"start":{"line":69,"column":2},"end":{"line":72,"column":3}},"19":{"start":{"line":70,"column":4},"end":{"line":70,"column":65}},"20":{"start":{"line":71,"column":4},"end":{"line":71,"column":28}},"21":{"start":{"line":74,"column":12},"end":{"line":74,"column":46}},"22":{"start":{"line":76,"column":2},"end":{"line":85,"column":3}},"23":{"start":{"line":83,"column":4},"end":{"line":83,"column":75}},"24":{"start":{"line":84,"column":4},"end":{"line":84,"column":28}},"25":{"start":{"line":87,"column":2},"end":{"line":97,"column":4}},"26":{"start":{"line":107,"column":2},"end":{"line":110,"column":3}},"27":{"start":{"line":108,"column":4},"end":{"line":108,"column":65}},"28":{"start":{"line":109,"column":4},"end":{"line":109,"column":28}},"29":{"start":{"line":112,"column":12},"end":{"line":112,"column":46}},"30":{"start":{"line":114,"column":2},"end":{"line":122,"column":3}},"31":{"start":{"line":120,"column":4},"end":{"line":120,"column":75}},"32":{"start":{"line":121,"column":4},"end":{"line":121,"column":28}},"33":{"start":{"line":124,"column":2},"end":{"line":133,"column":4}},"34":{"start":{"line":143,"column":2},"end":{"line":146,"column":3}},"35":{"start":{"line":144,"column":4},"end":{"line":144,"column":65}},"36":{"start":{"line":145,"column":4},"end":{"line":145,"column":28}},"37":{"start":{"line":148,"column":12},"end":{"line":148,"column":46}},"38":{"start":{"line":150,"column":2},"end":{"line":158,"column":3}},"39":{"start":{"line":156,"column":4},"end":{"line":156,"column":75}},"40":{"start":{"line":157,"column":4},"end":{"line":157,"column":28}},"41":{"start":{"line":160,"column":2},"end":{"line":168,"column":4}},"42":{"start":{"line":178,"column":2},"end":{"line":181,"column":3}},"43":{"start":{"line":179,"column":4},"end":{"line":179,"column":65}},"44":{"start":{"line":180,"column":4},"end":{"line":180,"column":28}},"45":{"start":{"line":183,"column":12},"end":{"line":183,"column":46}},"46":{"start":{"line":185,"column":2},"end":{"line":193,"column":3}},"47":{"start":{"line":191,"column":4},"end":{"line":191,"column":75}},"48":{"start":{"line":192,"column":4},"end":{"line":192,"column":28}},"49":{"start":{"line":195,"column":2},"end":{"line":203,"column":4}}},"fnMap":{"0":{"name":"isNonEmptyString","decl":{"start":{"line":19,"column":9},"end":{"line":19,"column":25}},"loc":{"start":{"line":19,"column":40},"end":{"line":21,"column":1}}},"1":{"name":"isNumber","decl":{"start":{"line":26,"column":9},"end":{"line":26,"column":17}},"loc":{"start":{"line":26,"column":32},"end":{"line":28,"column":1}}},"2":{"name":"validateJoinRoomPayload","decl":{"start":{"line":33,"column":16},"end":{"line":33,"column":39}},"loc":{"start":{"line":35,"column":25},"end":{"line":50,"column":1}}},"3":{"name":"validateLeaveRoomPayload","decl":{"start":{"line":55,"column":16},"end":{"line":55,"column":40}},"loc":{"start":{"line":57,"column":26},"end":{"line":60,"column":1}}},"4":{"name":"validateUpdateSelectionPayload","decl":{"start":{"line":65,"column":16},"end":{"line":65,"column":46}},"loc":{"start":{"line":67,"column":32},"end":{"line":98,"column":1}}},"5":{"name":"validateOwnedOptionsPayload","decl":{"start":{"line":103,"column":16},"end":{"line":103,"column":43}},"loc":{"start":{"line":105,"column":29},"end":{"line":134,"column":1}}},"6":{"name":"validateRequestGroupRerollPayload","decl":{"start":{"line":139,"column":16},"end":{"line":139,"column":49}},"loc":{"start":{"line":141,"column":36},"end":{"line":169,"column":1}}},"7":{"name":"validateSuggestColorPayload","decl":{"start":{"line":174,"column":16},"end":{"line":174,"column":43}},"loc":{"start":{"line":176,"column":29},"end":{"line":204,"column":1}}}},"branchMap":{"0":{"loc":{"start":{"line":20,"column":9},"end":{"line":20,"column":54}},"type":"binary-expr","locations":[{"start":{"line":20,"column":9},"end":{"line":20,"column":34}},{"start":{"line":20,"column":38},"end":{"line":20,"column":54}}]},"1":{"loc":{"start":{"line":27,"column":9},"end":{"line":27,"column":58}},"type":"binary-expr","locations":[{"start":{"line":27,"column":9},"end":{"line":27,"column":34}},{"start":{"line":27,"column":38},"end":{"line":27,"column":58}}]},"2":{"loc":{"start":{"line":35,"column":2},"end":{"line":35,"column":25}},"type":"default-arg","locations":[{"start":{"line":35,"column":14},"end":{"line":35,"column":25}}]},"3":{"loc":{"start":{"line":37,"column":2},"end":{"line":40,"column":3}},"type":"if","locations":[{"start":{"line":37,"column":2},"end":{"line":40,"column":3}},{"start":{},"end":{}}]},"4":{"loc":{"start":{"line":37,"column":6},"end":{"line":37,"column":45}},"type":"binary-expr","locations":[{"start":{"line":37,"column":6},"end":{"line":37,"column":14}},{"start":{"line":37,"column":18},"end":{"line":37,"column":45}}]},"5":{"loc":{"start":{"line":44,"column":2},"end":{"line":47,"column":3}},"type":"if","locations":[{"start":{"line":44,"column":2},"end":{"line":47,"column":3}},{"start":{},"end":{}}]},"6":{"loc":{"start":{"line":44,"column":6},"end":{"line":44,"column":66}},"type":"binary-expr","locations":[{"start":{"line":44,"column":6},"end":{"line":44,"column":33}},{"start":{"line":44,"column":37},"end":{"line":44,"column":66}}]},"7":{"loc":{"start":{"line":57,"column":2},"end":{"line":57,"column":26}},"type":"default-arg","locations":[{"start":{"line":57,"column":14},"end":{"line":57,"column":26}}]},"8":{"loc":{"start":{"line":67,"column":2},"end":{"line":67,"column":32}},"type":"default-arg","locations":[{"start":{"line":67,"column":14},"end":{"line":67,"column":32}}]},"9":{"loc":{"start":{"line":69,"column":2},"end":{"line":72,"column":3}},"type":"if","locations":[{"start":{"line":69,"column":2},"end":{"line":72,"column":3}},{"start":{},"end":{}}]},"10":{"loc":{"start":{"line":69,"column":6},"end":{"line":69,"column":45}},"type":"binary-expr","locations":[{"start":{"line":69,"column":6},"end":{"line":69,"column":14}},{"start":{"line":69,"column":18},"end":{"line":69,"column":45}}]},"11":{"loc":{"start":{"line":76,"column":2},"end":{"line":85,"column":3}},"type":"if","locations":[{"start":{"line":76,"column":2},"end":{"line":85,"column":3}},{"start":{},"end":{}}]},"12":{"loc":{"start":{"line":77,"column":4},"end":{"line":81,"column":25}},"type":"binary-expr","locations":[{"start":{"line":77,"column":4},"end":{"line":77,"column":31}},{"start":{"line":78,"column":4},"end":{"line":78,"column":33}},{"start":{"line":79,"column":4},"end":{"line":79,"column":27}},{"start":{"line":80,"column":4},"end":{"line":80,"column":23}},{"start":{"line":81,"column":4},"end":{"line":81,"column":25}}]},"13":{"loc":{"start":{"line":93,"column":21},"end":{"line":93,"column":86}},"type":"cond-expr","locations":[{"start":{"line":93,"column":59},"end":{"line":93,"column":74}},{"start":{"line":93,"column":77},"end":{"line":93,"column":86}}]},"14":{"loc":{"start":{"line":105,"column":2},"end":{"line":105,"column":29}},"type":"default-arg","locations":[{"start":{"line":105,"column":14},"end":{"line":105,"column":29}}]},"15":{"loc":{"start":{"line":107,"column":2},"end":{"line":110,"column":3}},"type":"if","locations":[{"start":{"line":107,"column":2},"end":{"line":110,"column":3}},{"start":{},"end":{}}]},"16":{"loc":{"start":{"line":107,"column":6},"end":{"line":107,"column":45}},"type":"binary-expr","locations":[{"start":{"line":107,"column":6},"end":{"line":107,"column":14}},{"start":{"line":107,"column":18},"end":{"line":107,"column":45}}]},"17":{"loc":{"start":{"line":114,"column":2},"end":{"line":122,"column":3}},"type":"if","locations":[{"start":{"line":114,"column":2},"end":{"line":122,"column":3}},{"start":{},"end":{}}]},"18":{"loc":{"start":{"line":115,"column":4},"end":{"line":118,"column":29}},"type":"binary-expr","locations":[{"start":{"line":115,"column":4},"end":{"line":115,"column":31}},{"start":{"line":116,"column":4},"end":{"line":116,"column":33}},{"start":{"line":117,"column":4},"end":{"line":117,"column":27}},{"start":{"line":118,"column":4},"end":{"line":118,"column":29}}]},"19":{"loc":{"start":{"line":130,"column":21},"end":{"line":130,"column":86}},"type":"cond-expr","locations":[{"start":{"line":130,"column":59},"end":{"line":130,"column":74}},{"start":{"line":130,"column":77},"end":{"line":130,"column":86}}]},"20":{"loc":{"start":{"line":141,"column":2},"end":{"line":141,"column":36}},"type":"default-arg","locations":[{"start":{"line":141,"column":14},"end":{"line":141,"column":36}}]},"21":{"loc":{"start":{"line":143,"column":2},"end":{"line":146,"column":3}},"type":"if","locations":[{"start":{"line":143,"column":2},"end":{"line":146,"column":3}},{"start":{},"end":{}}]},"22":{"loc":{"start":{"line":143,"column":6},"end":{"line":143,"column":45}},"type":"binary-expr","locations":[{"start":{"line":143,"column":6},"end":{"line":143,"column":14}},{"start":{"line":143,"column":18},"end":{"line":143,"column":45}}]},"23":{"loc":{"start":{"line":150,"column":2},"end":{"line":158,"column":3}},"type":"if","locations":[{"start":{"line":150,"column":2},"end":{"line":158,"column":3}},{"start":{},"end":{}}]},"24":{"loc":{"start":{"line":151,"column":4},"end":{"line":154,"column":30}},"type":"binary-expr","locations":[{"start":{"line":151,"column":4},"end":{"line":151,"column":31}},{"start":{"line":152,"column":4},"end":{"line":152,"column":33}},{"start":{"line":153,"column":4},"end":{"line":153,"column":26}},{"start":{"line":154,"column":4},"end":{"line":154,"column":30}}]},"25":{"loc":{"start":{"line":176,"column":2},"end":{"line":176,"column":29}},"type":"default-arg","locations":[{"start":{"line":176,"column":14},"end":{"line":176,"column":29}}]},"26":{"loc":{"start":{"line":178,"column":2},"end":{"line":181,"column":3}},"type":"if","locations":[{"start":{"line":178,"column":2},"end":{"line":181,"column":3}},{"start":{},"end":{}}]},"27":{"loc":{"start":{"line":178,"column":6},"end":{"line":178,"column":45}},"type":"binary-expr","locations":[{"start":{"line":178,"column":6},"end":{"line":178,"column":14}},{"start":{"line":178,"column":18},"end":{"line":178,"column":45}}]},"28":{"loc":{"start":{"line":185,"column":2},"end":{"line":193,"column":3}},"type":"if","locations":[{"start":{"line":185,"column":2},"end":{"line":193,"column":3}},{"start":{},"end":{}}]},"29":{"loc":{"start":{"line":186,"column":4},"end":{"line":189,"column":25}},"type":"binary-expr","locations":[{"start":{"line":186,"column":4},"end":{"line":186,"column":31}},{"start":{"line":187,"column":4},"end":{"line":187,"column":33}},{"start":{"line":188,"column":4},"end":{"line":188,"column":23}},{"start":{"line":189,"column":4},"end":{"line":189,"column":25}}]}},"s":{"0":0,"1":0,"2":0,"3":0,"4":0,"5":0,"6":0,"7":0,"8":0,"9":0,"10":0,"11":0,"12":0,"13":0,"14":0,"15":0,"16":0,"17":0,"18":0,"19":0,"20":0,"21":0,"22":0,"23":0,"24":0,"25":0,"26":0,"27":0,"28":0,"29":0,"30":0,"31":0,"32":0,"33":0,"34":0,"35":0,"36":0,"37":0,"38":0,"39":0,"40":0,"41":0,"42":0,"43":0,"44":0,"45":0,"46":0,"47":0,"48":0,"49":0},"f":{"0":0,"1":0,"2":0,"3":0,"4":0,"5":0,"6":0,"7":0},"b":{"0":[0,0],"1":[0,0],"2":[0],"3":[0,0],"4":[0,0],"5":[0,0],"6":[0,0],"7":[0],"8":[0],"9":[0,0],"10":[0,0],"11":[0,0],"12":[0,0,0,0,0],"13":[0,0],"14":[0],"15":[0,0],"16":[0,0],"17":[0,0],"18":[0,0,0,0],"19":[0,0],"20":[0],"21":[0,0],"22":[0,0],"23":[0,0],"24":[0,0,0,0],"25":[0],"26":[0,0],"27":[0,0],"28":[0,0],"29":[0,0,0,0]}}
}
