TN:
SF:src\server.ts
FN:42,(anonymous_1)
FN:57,handleMemberLeave
FN:74,(anonymous_3)
FN:78,(anonymous_4)
FN:97,(anonymous_5)
FN:118,(anonymous_6)
FN:153,(anonymous_7)
FN:162,(anonymous_8)
FN:172,(anonymous_9)
FN:194,(anonymous_10)
FN:206,(anonymous_11)
FN:233,(anonymous_12)
FN:264,(anonymous_13)
FNF:13
FNH:6
FNDA:0,(anonymous_1)
FNDA:12,handleMemberLeave
FNDA:12,(anonymous_3)
FNDA:12,(anonymous_4)
FNDA:3,(anonymous_5)
FNDA:0,(anonymous_6)
FNDA:0,(anonymous_7)
FNDA:12,(anonymous_8)
FNDA:0,(anonymous_9)
FNDA:0,(anonymous_10)
FNDA:0,(anonymous_11)
FNDA:3,(anonymous_12)
FNDA:0,(anonymous_13)
DA:1,1
DA:2,1
DA:3,1
DA:4,1
DA:5,1
DA:6,1
DA:7,1
DA:8,1
DA:9,1
DA:10,1
DA:11,1
DA:20,1
DA:22,1
DA:23,1
DA:26,1
DA:27,1
DA:28,1
DA:31,1
DA:37,1
DA:40,1
DA:42,1
DA:43,0
DA:47,1
DA:48,1
DA:55,1
DA:58,12
DA:59,12
DA:61,2
DA:63,2
DA:65,1
DA:67,1
DA:70,1
DA:74,1
DA:75,12
DA:76,12
DA:78,12
DA:79,12
DA:80,12
DA:81,0
DA:84,12
DA:85,12
DA:86,0
DA:89,12
DA:91,12
DA:92,12
DA:94,12
DA:97,12
DA:98,3
DA:100,3
DA:101,3
DA:102,0
DA:105,3
DA:106,3
DA:107,0
DA:110,3
DA:111,3
DA:112,3
DA:113,3
DA:115,3
DA:118,12
DA:119,0
DA:121,0
DA:122,0
DA:123,0
DA:126,0
DA:127,0
DA:128,0
DA:131,0
DA:132,0
DA:133,0
DA:134,0
DA:137,0
DA:138,0
DA:143,0
DA:146,0
DA:148,0
DA:150,0
DA:153,12
DA:154,0
DA:156,0
DA:158,0
DA:159,0
DA:162,12
DA:163,12
DA:164,12
DA:166,12
DA:167,12
DA:168,12
DA:172,12
DA:173,0
DA:175,0
DA:176,0
DA:177,0
DA:180,0
DA:181,0
DA:188,0
DA:189,0
DA:190,0
DA:191,0
DA:194,0
DA:195,0
DA:196,0
DA:197,0
DA:200,0
DA:203,0
DA:204,0
DA:206,0
DA:207,0
DA:209,0
DA:210,0
DA:213,0
DA:214,0
DA:216,0
DA:217,0
DA:219,0
DA:222,0
DA:224,0
DA:225,0
DA:226,0
DA:229,0
DA:230,0
DA:233,12
DA:234,3
DA:236,3
DA:238,3
DA:239,3
DA:240,0
DA:243,3
DA:244,3
DA:245,0
DA:248,3
DA:251,3
DA:262,1
DA:263,0
DA:264,0
DA:265,0
LF:136
LH:73
BRDA:59,0,0,10
BRDA:59,0,1,2
BRDA:63,1,0,1
BRDA:63,1,1,1
BRDA:80,2,0,0
BRDA:80,2,1,12
BRDA:85,3,0,0
BRDA:85,3,1,12
BRDA:101,4,0,0
BRDA:101,4,1,3
BRDA:106,5,0,0
BRDA:106,5,1,3
BRDA:111,6,0,3
BRDA:111,6,1,3
BRDA:122,7,0,0
BRDA:122,7,1,0
BRDA:127,8,0,0
BRDA:127,8,1,0
BRDA:132,9,0,0
BRDA:132,9,1,0
BRDA:133,10,0,0
BRDA:133,10,1,0
BRDA:137,11,0,0
BRDA:137,11,1,0
BRDA:137,12,0,0
BRDA:137,12,1,0
BRDA:166,13,0,12
BRDA:166,13,1,0
BRDA:176,14,0,0
BRDA:176,14,1,0
BRDA:180,15,0,0
BRDA:180,15,1,0
BRDA:189,16,0,0
BRDA:189,16,1,0
BRDA:194,17,0,0
BRDA:194,17,1,0
BRDA:195,18,0,0
BRDA:195,18,1,0
BRDA:204,19,0,0
BRDA:204,19,1,0
BRDA:206,20,0,0
BRDA:206,20,1,0
BRDA:207,21,0,0
BRDA:207,21,1,0
BRDA:225,22,0,0
BRDA:225,22,1,0
BRDA:239,23,0,0
BRDA:239,23,1,3
BRDA:244,24,0,0
BRDA:244,24,1,3
BRDA:262,25,0,0
BRDA:262,25,1,1
BRDA:263,26,0,0
BRDA:263,26,1,0
BRF:54
BRH:14
end_of_record
TN:
SF:src\controllers\room.controller.ts
FN:7,(anonymous_0)
FN:25,(anonymous_1)
FN:42,(anonymous_2)
FN:69,(anonymous_3)
FNF:4
FNH:2
FNDA:6,(anonymous_0)
FNDA:0,(anonymous_1)
FNDA:7,(anonymous_2)
FNDA:0,(anonymous_3)
DA:2,1
DA:3,1
DA:5,1
DA:7,1
DA:8,6
DA:9,6
DA:10,6
DA:12,6
DA:20,0
DA:21,0
DA:25,1
DA:26,0
DA:27,0
DA:29,0
DA:37,0
DA:38,0
DA:42,1
DA:43,7
DA:44,7
DA:45,7
DA:47,7
DA:49,7
DA:50,0
DA:51,0
DA:54,7
DA:56,7
DA:64,0
DA:65,0
DA:69,1
DA:70,0
DA:71,0
DA:72,0
DA:74,0
DA:75,0
DA:78,0
DA:79,0
DA:80,0
DA:82,0
DA:84,0
DA:86,0
DA:93,0
DA:94,0
LF:42
LH:18
BRDA:9,0,0,6
BRDA:9,0,1,0
BRDA:9,1,0,6
BRDA:9,1,1,0
BRDA:44,2,0,7
BRDA:44,2,1,0
BRDA:45,3,0,7
BRDA:45,3,1,0
BRDA:45,4,0,7
BRDA:45,4,1,0
BRDA:49,5,0,0
BRDA:49,5,1,7
BRDA:71,6,0,0
BRDA:71,6,1,0
BRDA:74,7,0,0
BRDA:74,7,1,0
BRDA:78,8,0,0
BRDA:78,8,1,0
BRDA:79,9,0,0
BRDA:79,9,1,0
BRDA:80,10,0,0
BRDA:80,10,1,0
BRF:22
BRH:6
end_of_record
TN:
SF:src\routes\room.routes.ts
FNF:0
FNH:0
DA:1,1
DA:2,1
DA:4,1
DA:6,1
DA:7,1
DA:8,1
DA:9,1
DA:11,1
LF:8
LH:8
BRF:0
BRH:0
end_of_record
TN:
SF:src\services\room.service.ts
FN:10,(anonymous_0)
FN:12,(anonymous_1)
FN:19,(anonymous_2)
FN:28,(anonymous_3)
FN:57,(anonymous_4)
FN:72,(anonymous_5)
FN:76,(anonymous_6)
FN:80,(anonymous_7)
FN:108,(anonymous_8)
FN:128,(anonymous_9)
FN:134,(anonymous_10)
FN:137,(anonymous_11)
FN:161,(anonymous_12)
FN:182,(anonymous_13)
FN:193,(anonymous_14)
FN:206,(anonymous_15)
FNF:16
FNH:15
FNDA:2,(anonymous_0)
FNDA:30,(anonymous_1)
FNDA:124,(anonymous_2)
FNDA:124,(anonymous_3)
FNDA:1,(anonymous_4)
FNDA:35,(anonymous_5)
FNDA:5,(anonymous_6)
FNDA:21,(anonymous_7)
FNDA:5,(anonymous_8)
FNDA:3,(anonymous_9)
FNDA:9,(anonymous_10)
FNDA:21,(anonymous_11)
FNDA:17,(anonymous_12)
FNDA:0,(anonymous_13)
FNDA:29,(anonymous_14)
FNDA:3,(anonymous_15)
DA:1,2
DA:3,2
DA:5,2
DA:7,2
DA:8,2
DA:13,30
DA:14,2
DA:16,30
DA:20,124
DA:21,124
DA:22,124
DA:23,744
DA:25,124
DA:29,124
DA:30,124
DA:31,124
DA:33,124
DA:43,124
DA:50,124
DA:51,124
DA:53,124
DA:54,124
DA:58,1
DA:61,1
DA:62,1
DA:63,1
DA:64,1
DA:69,1
DA:73,35
DA:77,5
DA:81,21
DA:82,21
DA:83,1
DA:86,20
DA:87,1
DA:90,19
DA:91,19
DA:101,19
DA:104,19
DA:105,19
DA:109,5
DA:110,5
DA:112,5
DA:114,5
DA:115,3
DA:116,3
DA:119,2
DA:120,0
DA:121,0
DA:124,2
DA:125,2
DA:129,3
DA:130,3
DA:131,3
DA:135,9
DA:137,21
DA:139,9
DA:140,6
DA:141,6
DA:144,3
DA:145,3
DA:146,7
DA:147,11
DA:148,11
DA:153,3
DA:155,3
DA:156,5
DA:157,5
DA:159,5
DA:160,12
DA:161,17
DA:164,12
DA:165,8
DA:166,8
DA:170,5
DA:171,3
DA:181,3
DA:182,0
DA:185,3
DA:187,3
DA:189,3
DA:194,29
DA:207,3
DA:208,3
DA:209,3
DA:211,3
DA:213,3
DA:214,7
DA:215,7
DA:225,7
DA:226,7
DA:229,3
DA:230,3
LF:93
LH:90
BRDA:13,0,0,2
BRDA:13,0,1,28
BRDA:82,1,0,1
BRDA:82,1,1,20
BRDA:86,2,0,1
BRDA:86,2,1,19
BRDA:110,3,0,0
BRDA:110,3,1,5
BRDA:114,4,0,3
BRDA:114,4,1,2
BRDA:119,5,0,0
BRDA:119,5,1,2
BRDA:137,6,0,21
BRDA:137,6,1,14
BRDA:139,7,0,6
BRDA:139,7,1,3
BRDA:147,8,0,11
BRDA:147,8,1,0
BRDA:160,9,0,12
BRDA:160,9,1,0
BRDA:164,10,0,8
BRDA:164,10,1,4
BRDA:170,11,0,3
BRDA:170,11,1,2
BRDA:182,12,0,0
BRDA:182,12,1,0
BRDA:187,13,0,3
BRDA:187,13,1,0
BRDA:199,14,0,29
BRDA:199,14,1,26
BRDA:211,15,0,3
BRDA:211,15,1,2
BRDA:218,16,0,7
BRDA:218,16,1,6
BRDA:220,17,0,7
BRDA:220,17,1,6
BRDA:221,18,0,7
BRDA:221,18,1,6
BRF:38
BRH:31
end_of_record
TN:
SF:src\utils\errors.ts
FN:25,(anonymous_0)
FN:59,formatErrorResponse
FN:80,isAppError
FNF:3
FNH:0
FNDA:0,(anonymous_0)
FNDA:0,formatErrorResponse
FNDA:0,isAppError
DA:4,1
DA:20,1
DA:31,0
DA:32,0
DA:33,0
DA:34,0
DA:35,0
DA:38,0
DA:46,1
DA:59,1
DA:63,0
DA:64,0
DA:71,0
DA:80,1
DA:81,0
LF:15
LH:5
BRDA:28,0,0,0
BRDA:63,1,0,0
BRDA:63,1,1,0
BRDA:66,2,0,0
BRDA:66,2,1,0
BRF:5
BRH:0
end_of_record
TN:
SF:src\utils\logger.ts
FN:28,(anonymous_1)
FNF:1
FNH:1
FNDA:191,(anonymous_1)
DA:1,2
DA:3,2
DA:11,2
DA:19,2
DA:25,2
DA:30,191
DA:33,191
DA:36,191
DA:37,0
DA:40,191
DA:44,2
DA:49,2
LF:12
LH:11
BRDA:36,0,0,0
BRDA:36,0,1,191
BRF:2
BRH:1
end_of_record
TN:
SF:src\utils\socketHelpers.ts
FN:11,getRoomOrWarn
FN:28,getMemberOrWarn
FN:46,getRoomAndMemberOrWarn
FN:73,createSafeHandler
FN:74,safeHandler
FN:78,(anonymous_5)
FN:84,(anonymous_6)
FN:98,handleError
FNF:8
FNH:3
FNDA:0,getRoomOrWarn
FNDA:0,getMemberOrWarn
FNDA:0,getRoomAndMemberOrWarn
FNDA:12,createSafeHandler
FNDA:72,safeHandler
FNDA:18,(anonymous_5)
FNDA:0,(anonymous_6)
FNDA:0,handleError
DA:4,1
DA:5,1
DA:11,1
DA:16,0
DA:17,0
DA:18,0
DA:19,0
DA:21,0
DA:28,1
DA:33,0
DA:34,0
DA:35,0
DA:36,0
DA:38,0
DA:46,1
DA:52,0
DA:53,0
DA:54,0
DA:56,0
DA:57,0
DA:73,1
DA:74,12
DA:78,72
DA:79,18
DA:80,18
DA:83,18
DA:84,0
DA:85,0
DA:89,0
DA:104,0
DA:106,0
DA:113,0
DA:116,0
DA:117,0
DA:119,0
DA:127,0
LF:36
LH:11
BRDA:17,0,0,0
BRDA:17,0,1,0
BRDA:34,1,0,0
BRDA:34,1,1,0
BRDA:53,2,0,0
BRDA:53,2,1,0
BRDA:83,3,0,0
BRDA:83,3,1,18
BRDA:104,4,0,0
BRDA:104,4,1,0
BRDA:116,5,0,0
BRDA:116,5,1,0
BRDA:117,6,0,0
BRDA:117,6,1,0
BRF:14
BRH:1
end_of_record
TN:
SF:src\utils\validation.ts
FN:19,isNonEmptyString
FN:26,isNumber
FN:33,validateJoinRoomPayload
FN:55,validateLeaveRoomPayload
FN:65,validateUpdateSelectionPayload
FN:103,validateOwnedOptionsPayload
FN:139,validateRequestGroupRerollPayload
FN:174,validateSuggestColorPayload
FNF:8
FNH:0
FNDA:0,isNonEmptyString
FNDA:0,isNumber
FNDA:0,validateJoinRoomPayload
FNDA:0,validateLeaveRoomPayload
FNDA:0,validateUpdateSelectionPayload
FNDA:0,validateOwnedOptionsPayload
FNDA:0,validateRequestGroupRerollPayload
FNDA:0,validateSuggestColorPayload
DA:1,0
DA:20,0
DA:27,0
DA:33,0
DA:37,0
DA:38,0
DA:39,0
DA:42,0
DA:44,0
DA:45,0
DA:46,0
DA:49,0
DA:55,0
DA:59,0
DA:65,0
DA:69,0
DA:70,0
DA:71,0
DA:74,0
DA:76,0
DA:83,0
DA:84,0
DA:87,0
DA:103,0
DA:107,0
DA:108,0
DA:109,0
DA:112,0
DA:114,0
DA:120,0
DA:121,0
DA:124,0
DA:139,0
DA:143,0
DA:144,0
DA:145,0
DA:148,0
DA:150,0
DA:156,0
DA:157,0
DA:160,0
DA:174,0
DA:178,0
DA:179,0
DA:180,0
DA:183,0
DA:185,0
DA:191,0
DA:192,0
DA:195,0
LF:50
LH:0
BRDA:20,0,0,0
BRDA:20,0,1,0
BRDA:27,1,0,0
BRDA:27,1,1,0
BRDA:35,2,0,0
BRDA:37,3,0,0
BRDA:37,3,1,0
BRDA:37,4,0,0
BRDA:37,4,1,0
BRDA:44,5,0,0
BRDA:44,5,1,0
BRDA:44,6,0,0
BRDA:44,6,1,0
BRDA:57,7,0,0
BRDA:67,8,0,0
BRDA:69,9,0,0
BRDA:69,9,1,0
BRDA:69,10,0,0
BRDA:69,10,1,0
BRDA:76,11,0,0
BRDA:76,11,1,0
BRDA:77,12,0,0
BRDA:77,12,1,0
BRDA:77,12,2,0
BRDA:77,12,3,0
BRDA:77,12,4,0
BRDA:93,13,0,0
BRDA:93,13,1,0
BRDA:105,14,0,0
BRDA:107,15,0,0
BRDA:107,15,1,0
BRDA:107,16,0,0
BRDA:107,16,1,0
BRDA:114,17,0,0
BRDA:114,17,1,0
BRDA:115,18,0,0
BRDA:115,18,1,0
BRDA:115,18,2,0
BRDA:115,18,3,0
BRDA:130,19,0,0
BRDA:130,19,1,0
BRDA:141,20,0,0
BRDA:143,21,0,0
BRDA:143,21,1,0
BRDA:143,22,0,0
BRDA:143,22,1,0
BRDA:150,23,0,0
BRDA:150,23,1,0
BRDA:151,24,0,0
BRDA:151,24,1,0
BRDA:151,24,2,0
BRDA:151,24,3,0
BRDA:176,25,0,0
BRDA:178,26,0,0
BRDA:178,26,1,0
BRDA:178,27,0,0
BRDA:178,27,1,0
BRDA:185,28,0,0
BRDA:185,28,1,0
BRDA:186,29,0,0
BRDA:186,29,1,0
BRDA:186,29,2,0
BRDA:186,29,3,0
BRF:63
BRH:0
end_of_record
