TN:
SF:src\server.ts
FN:58,(anonymous_1)
FN:80,(anonymous_2)
FN:89,handleMemberLeave
FN:103,(anonymous_4)
FN:109,(anonymous_5)
FN:120,(anonymous_6)
FN:138,(anonymous_7)
FN:143,(anonymous_8)
FN:163,(anonymous_9)
FN:168,(anonymous_10)
FN:205,(anonymous_11)
FN:220,(anonymous_12)
FN:225,(anonymous_13)
FN:234,(anonymous_14)
FN:266,(anonymous_15)
FN:288,(anonymous_16)
FN:300,(anonymous_17)
FN:327,(anonymous_18)
FN:333,(anonymous_19)
FN:338,(anonymous_20)
FN:361,(anonymous_21)
FN:385,(anonymous_22)
FN:410,(anonymous_23)
FN:416,(anonymous_24)
FN:440,(anonymous_25)
FN:452,(anonymous_26)
FN:458,(anonymous_27)
FN:495,(anonymous_28)
FN:505,(anonymous_29)
FN:511,(anonymous_30)
FN:555,(anonymous_31)
FN:630,(anonymous_32)
FNF:32
FNH:21
FNDA:0,(anonymous_1)
FNDA:0,(anonymous_2)
FNDA:20,handleMemberLeave
FNDA:1,(anonymous_4)
FNDA:20,(anonymous_5)
FNDA:20,(anonymous_6)
FNDA:28,(anonymous_7)
FNDA:3,(anonymous_8)
FNDA:6,(anonymous_9)
FNDA:2,(anonymous_10)
FNDA:2,(anonymous_11)
FNDA:4,(anonymous_12)
FNDA:0,(anonymous_13)
FNDA:20,(anonymous_14)
FNDA:0,(anonymous_15)
FNDA:0,(anonymous_16)
FNDA:0,(anonymous_17)
FNDA:0,(anonymous_18)
FNDA:0,(anonymous_19)
FNDA:3,(anonymous_20)
FNDA:5,(anonymous_21)
FNDA:2,(anonymous_22)
FNDA:1,(anonymous_23)
FNDA:2,(anonymous_24)
FNDA:2,(anonymous_25)
FNDA:2,(anonymous_26)
FNDA:2,(anonymous_27)
FNDA:2,(anonymous_28)
FNDA:2,(anonymous_29)
FNDA:0,(anonymous_30)
FNDA:0,(anonymous_31)
FNDA:0,(anonymous_32)
DA:1,1
DA:2,1
DA:3,1
DA:4,1
DA:5,1
DA:6,1
DA:7,1
DA:8,1
DA:9,1
DA:10,1
DA:20,1
DA:21,1
DA:22,1
DA:36,1
DA:38,1
DA:39,1
DA:42,1
DA:43,1
DA:44,1
DA:47,1
DA:53,1
DA:56,1
DA:58,1
DA:59,0
DA:63,1
DA:64,1
DA:71,1
DA:75,1
DA:76,1
DA:77,1
DA:80,1
DA:81,0
DA:82,0
DA:83,0
DA:84,0
DA:90,20
DA:91,20
DA:93,2
DA:95,2
DA:97,0
DA:99,0
DA:102,2
DA:103,2
DA:104,1
DA:109,1
DA:111,20
DA:112,20
DA:116,20
DA:118,20
DA:120,20
DA:121,20
DA:122,20
DA:123,0
DA:126,20
DA:127,20
DA:128,0
DA:131,20
DA:133,20
DA:134,20
DA:137,20
DA:138,20
DA:139,28
DA:143,20
DA:144,3
DA:146,3
DA:147,3
DA:148,0
DA:151,3
DA:152,3
DA:153,0
DA:156,3
DA:157,3
DA:158,3
DA:159,3
DA:162,3
DA:163,3
DA:164,6
DA:168,20
DA:169,2
DA:171,2
DA:172,2
DA:173,0
DA:176,2
DA:177,2
DA:178,0
DA:181,2
DA:182,2
DA:183,2
DA:184,2
DA:187,2
DA:188,0
DA:193,0
DA:196,2
DA:198,2
DA:201,2
DA:202,1
DA:203,1
DA:205,1
DA:206,2
DA:219,2
DA:220,2
DA:221,4
DA:225,20
DA:226,0
DA:228,0
DA:230,0
DA:231,0
DA:234,20
DA:236,20
DA:237,20
DA:238,20
DA:240,20
DA:241,20
DA:242,20
DA:246,20
DA:247,20
DA:248,0
DA:249,0
DA:252,0
DA:253,0
DA:254,0
DA:255,0
DA:261,0
DA:262,0
DA:266,20
DA:267,0
DA:269,0
DA:270,0
DA:271,0
DA:274,0
DA:275,0
DA:282,0
DA:283,0
DA:284,0
DA:285,0
DA:288,0
DA:289,0
DA:290,0
DA:291,0
DA:294,0
DA:297,0
DA:298,0
DA:300,0
DA:301,0
DA:303,0
DA:304,0
DA:307,0
DA:308,0
DA:310,0
DA:311,0
DA:313,0
DA:316,0
DA:318,0
DA:319,0
DA:320,0
DA:324,0
DA:327,0
DA:328,0
DA:332,0
DA:333,0
DA:334,0
DA:338,20
DA:339,3
DA:340,3
DA:342,3
DA:344,3
DA:345,3
DA:346,0
DA:347,0
DA:348,0
DA:351,3
DA:352,3
DA:353,0
DA:354,0
DA:355,0
DA:358,3
DA:361,3
DA:362,5
DA:374,3
DA:375,0
DA:376,0
DA:379,0
DA:380,0
DA:385,20
DA:386,2
DA:388,2
DA:389,2
DA:390,0
DA:393,2
DA:394,1
DA:401,1
DA:402,0
DA:405,1
DA:406,1
DA:409,1
DA:410,1
DA:411,1
DA:416,20
DA:417,2
DA:419,2
DA:420,2
DA:421,0
DA:424,2
DA:425,0
DA:432,2
DA:433,2
DA:434,1
DA:437,1
DA:440,1
DA:441,2
DA:451,1
DA:452,1
DA:453,2
DA:458,20
DA:459,2
DA:461,2
DA:462,2
DA:463,0
DA:466,2
DA:467,1
DA:474,1
DA:475,0
DA:479,1
DA:480,2
DA:481,2
DA:482,2
DA:483,2
DA:487,1
DA:492,1
DA:495,1
DA:496,2
DA:504,1
DA:505,1
DA:506,2
DA:511,20
DA:512,0
DA:513,0
DA:516,0
DA:517,0
DA:518,0
DA:520,0
DA:521,0
DA:522,0
DA:524,0
DA:525,0
DA:526,0
DA:530,0
DA:533,0
DA:536,0
DA:539,0
DA:542,0
DA:543,0
DA:544,0
DA:548,0
DA:550,0
DA:555,20
DA:556,0
DA:557,0
DA:560,0
DA:561,0
DA:562,0
DA:563,0
DA:564,0
DA:568,0
DA:569,0
DA:570,0
DA:571,0
DA:572,0
DA:576,0
DA:577,0
DA:578,0
DA:579,0
DA:580,0
DA:581,0
DA:585,0
DA:586,0
DA:587,0
DA:588,0
DA:592,0
DA:593,0
DA:594,0
DA:595,0
DA:596,0
DA:597,0
DA:598,0
DA:599,0
DA:600,0
DA:606,0
DA:607,0
DA:614,0
DA:617,0
DA:619,0
DA:621,0
DA:628,1
DA:629,0
DA:630,0
DA:631,0
LF:297
LH:158
BRDA:83,0,0,0
BRDA:83,0,1,0
BRDA:91,1,0,18
BRDA:91,1,1,2
BRDA:95,2,0,0
BRDA:95,2,1,2
BRDA:114,3,0,0
BRDA:114,3,1,20
BRDA:114,4,0,0
BRDA:114,4,1,0
BRDA:122,5,0,0
BRDA:122,5,1,20
BRDA:127,6,0,0
BRDA:127,6,1,20
BRDA:147,7,0,0
BRDA:147,7,1,3
BRDA:152,8,0,0
BRDA:152,8,1,3
BRDA:157,9,0,3
BRDA:157,9,1,3
BRDA:172,10,0,0
BRDA:172,10,1,2
BRDA:177,11,0,0
BRDA:177,11,1,2
BRDA:182,12,0,2
BRDA:182,12,1,0
BRDA:183,13,0,2
BRDA:183,13,1,0
BRDA:187,14,0,0
BRDA:187,14,1,2
BRDA:187,15,0,2
BRDA:187,15,1,2
BRDA:201,16,0,1
BRDA:201,16,1,1
BRDA:203,17,0,1
BRDA:203,17,1,0
BRDA:207,18,0,2
BRDA:207,18,1,0
BRDA:240,19,0,20
BRDA:240,19,1,0
BRDA:247,20,0,0
BRDA:247,20,1,20
BRDA:252,21,0,0
BRDA:252,21,1,0
BRDA:254,22,0,0
BRDA:254,22,1,0
BRDA:270,23,0,0
BRDA:270,23,1,0
BRDA:274,24,0,0
BRDA:274,24,1,0
BRDA:283,25,0,0
BRDA:283,25,1,0
BRDA:288,26,0,0
BRDA:288,26,1,0
BRDA:289,27,0,0
BRDA:289,27,1,0
BRDA:298,28,0,0
BRDA:298,28,1,0
BRDA:300,29,0,0
BRDA:300,29,1,0
BRDA:301,30,0,0
BRDA:301,30,1,0
BRDA:319,31,0,0
BRDA:319,31,1,0
BRDA:345,32,0,0
BRDA:345,32,1,3
BRDA:347,33,0,0
BRDA:347,33,1,0
BRDA:352,34,0,0
BRDA:352,34,1,3
BRDA:354,35,0,0
BRDA:354,35,1,0
BRDA:374,36,0,0
BRDA:374,36,1,3
BRDA:380,37,0,0
BRDA:380,37,1,0
BRDA:389,38,0,0
BRDA:389,38,1,2
BRDA:393,39,0,1
BRDA:393,39,1,1
BRDA:401,40,0,0
BRDA:401,40,1,1
BRDA:420,41,0,0
BRDA:420,41,1,2
BRDA:424,42,0,0
BRDA:424,42,1,2
BRDA:433,43,0,1
BRDA:433,43,1,1
BRDA:462,44,0,0
BRDA:462,44,1,2
BRDA:466,45,0,1
BRDA:466,45,1,1
BRDA:474,46,0,0
BRDA:474,46,1,1
BRDA:474,47,0,1
BRDA:474,47,1,1
BRDA:481,48,0,2
BRDA:481,48,1,0
BRDA:516,49,0,0
BRDA:516,49,1,0
BRDA:516,50,0,0
BRDA:516,50,1,0
BRDA:516,50,2,0
BRDA:520,51,0,0
BRDA:520,51,1,0
BRDA:520,52,0,0
BRDA:520,52,1,0
BRDA:524,53,0,0
BRDA:524,53,1,0
BRDA:543,54,0,0
BRDA:543,54,1,0
BRDA:561,55,0,0
BRDA:561,55,1,0
BRDA:569,56,0,0
BRDA:569,56,1,0
BRDA:569,57,0,0
BRDA:569,57,1,0
BRDA:578,58,0,0
BRDA:578,58,1,0
BRDA:578,59,0,0
BRDA:578,59,1,0
BRDA:585,60,0,0
BRDA:585,60,1,0
BRDA:593,61,0,0
BRDA:593,61,1,0
BRDA:595,62,0,0
BRDA:595,62,1,0
BRDA:597,63,0,0
BRDA:597,63,1,0
BRDA:597,64,0,0
BRDA:597,64,1,0
BRDA:628,65,0,0
BRDA:628,65,1,1
BRDA:629,66,0,0
BRDA:629,66,1,0
BRF:135
BRH:42
end_of_record
TN:
SF:src\controllers\room.controller.ts
FN:7,(anonymous_0)
FN:25,(anonymous_1)
FN:42,(anonymous_2)
FN:69,(anonymous_3)
FNF:4
FNH:2
FNDA:12,(anonymous_0)
FNDA:0,(anonymous_1)
FNDA:13,(anonymous_2)
FNDA:0,(anonymous_3)
DA:2,1
DA:3,1
DA:5,1
DA:7,1
DA:8,12
DA:9,12
DA:10,12
DA:12,12
DA:20,0
DA:21,0
DA:25,1
DA:26,0
DA:27,0
DA:29,0
DA:37,0
DA:38,0
DA:42,1
DA:43,13
DA:44,13
DA:45,13
DA:47,13
DA:49,13
DA:50,0
DA:51,0
DA:54,13
DA:56,13
DA:64,0
DA:65,0
DA:69,1
DA:70,0
DA:71,0
DA:72,0
DA:74,0
DA:75,0
DA:78,0
DA:79,0
DA:80,0
DA:82,0
DA:84,0
DA:86,0
DA:93,0
DA:94,0
LF:42
LH:18
BRDA:9,0,0,12
BRDA:9,0,1,0
BRDA:9,1,0,12
BRDA:9,1,1,0
BRDA:44,2,0,13
BRDA:44,2,1,0
BRDA:45,3,0,13
BRDA:45,3,1,0
BRDA:45,4,0,13
BRDA:45,4,1,0
BRDA:49,5,0,0
BRDA:49,5,1,13
BRDA:71,6,0,0
BRDA:71,6,1,0
BRDA:74,7,0,0
BRDA:74,7,1,0
BRDA:78,8,0,0
BRDA:78,8,1,0
BRDA:79,9,0,0
BRDA:79,9,1,0
BRDA:80,10,0,0
BRDA:80,10,1,0
BRF:22
BRH:6
end_of_record
TN:
SF:src\routes\room.routes.ts
FNF:0
FNH:0
DA:1,1
DA:2,1
DA:4,1
DA:6,1
DA:7,1
DA:8,1
DA:9,1
DA:11,1
LF:8
LH:8
BRF:0
BRH:0
end_of_record
TN:
SF:src\services\presence.service.ts
FN:17,(anonymous_0)
FN:33,(anonymous_1)
FN:59,(anonymous_2)
FN:77,(anonymous_3)
FN:86,(anonymous_4)
FN:87,(anonymous_5)
FN:94,(anonymous_6)
FN:102,(anonymous_7)
FN:110,(anonymous_8)
FN:119,(anonymous_9)
FN:127,(anonymous_10)
FN:135,(anonymous_11)
FN:142,(anonymous_12)
FNF:13
FNH:12
FNDA:2,(anonymous_0)
FNDA:12,(anonymous_1)
FNDA:4,(anonymous_2)
FNDA:8,(anonymous_3)
FNDA:2,(anonymous_4)
FNDA:5,(anonymous_5)
FNDA:3,(anonymous_6)
FNDA:2,(anonymous_7)
FNDA:24,(anonymous_8)
FNDA:2,(anonymous_9)
FNDA:3,(anonymous_10)
FNDA:0,(anonymous_11)
FNDA:4,(anonymous_12)
DA:2,2
DA:19,2
DA:22,2
DA:25,2
DA:35,12
DA:36,12
DA:37,1
DA:38,1
DA:41,12
DA:46,12
DA:49,12
DA:51,12
DA:60,4
DA:61,4
DA:62,1
DA:65,3
DA:66,3
DA:67,3
DA:69,3
DA:70,3
DA:78,8
DA:87,5
DA:95,3
DA:103,2
DA:111,24
DA:120,2
DA:128,3
DA:136,0
DA:143,4
DA:148,2
LF:30
LH:29
BRDA:36,0,0,1
BRDA:36,0,1,11
BRDA:61,1,0,1
BRDA:61,1,1,3
BRDA:95,2,0,3
BRDA:95,2,1,1
BRDA:103,3,0,2
BRDA:103,3,1,0
BRDA:111,4,0,24
BRDA:111,4,1,23
BRDA:128,5,0,3
BRDA:128,5,1,2
BRDA:136,6,0,0
BRDA:136,6,1,0
BRF:14
BRH:11
end_of_record
TN:
SF:src\services\room.service.ts
FN:12,(anonymous_0)
FN:14,(anonymous_1)
FN:21,(anonymous_2)
FN:30,(anonymous_3)
FN:62,(anonymous_4)
FN:77,(anonymous_5)
FN:81,(anonymous_6)
FN:85,(anonymous_7)
FN:113,(anonymous_8)
FN:133,(anonymous_9)
FN:139,(anonymous_10)
FN:142,(anonymous_11)
FN:166,(anonymous_12)
FN:187,(anonymous_13)
FN:233,(anonymous_14)
FN:237,(anonymous_15)
FN:253,(anonymous_16)
FN:258,(anonymous_17)
FN:260,(anonymous_18)
FN:270,(anonymous_19)
FN:296,(anonymous_20)
FN:299,(anonymous_21)
FN:301,(anonymous_22)
FN:310,(anonymous_23)
FN:338,(anonymous_24)
FN:355,(anonymous_25)
FN:387,(anonymous_26)
FN:391,(anonymous_27)
FN:402,(anonymous_28)
FN:434,(anonymous_29)
FN:441,(anonymous_30)
FN:445,(anonymous_31)
FN:469,(anonymous_32)
FN:492,(anonymous_33)
FN:510,(anonymous_34)
FN:535,(anonymous_35)
FN:549,(anonymous_36)
FNF:37
FNH:37
FNDA:2,(anonymous_0)
FNDA:87,(anonymous_1)
FNDA:181,(anonymous_2)
FNDA:181,(anonymous_3)
FNDA:1,(anonymous_4)
FNDA:59,(anonymous_5)
FNDA:5,(anonymous_6)
FNDA:73,(anonymous_7)
FNDA:5,(anonymous_8)
FNDA:2,(anonymous_9)
FNDA:54,(anonymous_10)
FNDA:114,(anonymous_11)
FNDA:485,(anonymous_12)
FNDA:1,(anonymous_13)
FNDA:46,(anonymous_14)
FNDA:21,(anonymous_15)
FNDA:19,(anonymous_16)
FNDA:2,(anonymous_17)
FNDA:15,(anonymous_18)
FNDA:13,(anonymous_19)
FNDA:26,(anonymous_20)
FNDA:2,(anonymous_21)
FNDA:14,(anonymous_22)
FNDA:19,(anonymous_23)
FNDA:16,(anonymous_24)
FNDA:30,(anonymous_25)
FNDA:6,(anonymous_26)
FNDA:5,(anonymous_27)
FNDA:14,(anonymous_28)
FNDA:12,(anonymous_29)
FNDA:22,(anonymous_30)
FNDA:18,(anonymous_31)
FNDA:11,(anonymous_32)
FNDA:7,(anonymous_33)
FNDA:16,(anonymous_34)
FNDA:55,(anonymous_35)
FNDA:3,(anonymous_36)
DA:1,2
DA:3,2
DA:5,2
DA:7,2
DA:9,2
DA:10,2
DA:15,87
DA:16,2
DA:18,87
DA:22,181
DA:23,181
DA:24,181
DA:25,1086
DA:27,181
DA:31,181
DA:32,181
DA:33,181
DA:35,181
DA:45,181
DA:55,181
DA:56,181
DA:58,181
DA:59,181
DA:63,1
DA:66,1
DA:67,1
DA:68,1
DA:69,1
DA:74,1
DA:78,59
DA:82,5
DA:86,73
DA:87,73
DA:88,1
DA:91,72
DA:92,1
DA:95,71
DA:96,71
DA:106,71
DA:109,71
DA:110,71
DA:114,5
DA:115,5
DA:117,5
DA:119,5
DA:120,2
DA:121,2
DA:124,3
DA:125,0
DA:126,0
DA:129,3
DA:130,3
DA:134,2
DA:135,2
DA:136,2
DA:140,54
DA:142,114
DA:144,54
DA:145,9
DA:146,9
DA:149,45
DA:150,45
DA:151,95
DA:152,386
DA:153,157
DA:158,45
DA:160,45
DA:161,69
DA:162,69
DA:164,69
DA:165,143
DA:166,485
DA:169,143
DA:170,108
DA:171,108
DA:175,69
DA:176,36
DA:186,45
DA:187,1
DA:191,45
DA:193,45
DA:194,95
DA:195,386
DA:196,337
DA:197,76
DA:202,337
DA:203,337
DA:204,183
DA:206,337
DA:211,45
DA:213,45
DA:214,76
DA:215,46
DA:216,46
DA:217,46
DA:218,153
DA:221,46
DA:233,46
DA:234,45
DA:236,45
DA:237,21
DA:240,45
DA:242,45
DA:243,35
DA:245,45
DA:246,24
DA:254,19
DA:255,5
DA:258,14
DA:259,14
DA:260,15
DA:264,14
DA:275,13
DA:281,13
DA:284,13
DA:285,1
DA:288,13
DA:297,26
DA:299,13
DA:300,13
DA:301,14
DA:304,13
DA:316,19
DA:323,19
DA:325,19
DA:326,1
DA:329,19
DA:341,16
DA:342,16
DA:344,8
DA:345,8
DA:347,8
DA:349,8
DA:350,16
DA:351,0
DA:352,0
DA:355,30
DA:356,16
DA:357,0
DA:358,0
DA:361,16
DA:362,16
DA:364,16
DA:365,16
DA:367,16
DA:370,8
DA:372,8
DA:379,8
DA:381,8
DA:391,6
DA:392,6
DA:394,4
DA:396,4
DA:397,8
DA:398,0
DA:399,0
DA:402,14
DA:403,8
DA:404,0
DA:405,0
DA:408,8
DA:409,8
DA:411,8
DA:412,8
DA:414,8
DA:417,4
DA:419,4
DA:426,4
DA:428,4
DA:435,12
DA:438,12
DA:441,22
DA:442,11
DA:445,18
DA:446,9
DA:449,8
DA:450,8
DA:451,8
DA:453,8
DA:454,7
DA:455,6
DA:458,5
DA:459,1
DA:462,4
DA:472,11
DA:474,11
DA:475,2
DA:478,9
DA:480,8
DA:481,8
DA:482,6
DA:486,1
DA:495,7
DA:496,7
DA:498,6
DA:499,6
DA:500,6
DA:502,6
DA:504,6
DA:505,12
DA:506,0
DA:507,0
DA:510,16
DA:511,12
DA:512,0
DA:513,0
DA:516,12
DA:517,12
DA:519,12
DA:520,12
DA:522,12
DA:525,6
DA:527,6
DA:528,6
DA:530,6
DA:532,6
DA:536,55
DA:550,3
DA:551,3
DA:552,3
DA:554,3
DA:556,3
DA:557,7
DA:558,7
DA:568,7
DA:569,7
DA:572,3
DA:573,3
LF:228
LH:214
BRDA:15,0,0,2
BRDA:15,0,1,85
BRDA:87,1,0,1
BRDA:87,1,1,72
BRDA:91,2,0,1
BRDA:91,2,1,71
BRDA:115,3,0,0
BRDA:115,3,1,5
BRDA:119,4,0,2
BRDA:119,4,1,3
BRDA:124,5,0,0
BRDA:124,5,1,3
BRDA:142,6,0,114
BRDA:142,6,1,105
BRDA:144,7,0,9
BRDA:144,7,1,45
BRDA:152,8,0,157
BRDA:152,8,1,229
BRDA:165,9,0,143
BRDA:165,9,1,0
BRDA:169,10,0,108
BRDA:169,10,1,35
BRDA:175,11,0,36
BRDA:175,11,1,33
BRDA:187,12,0,1
BRDA:187,12,1,1
BRDA:195,13,0,337
BRDA:195,13,1,49
BRDA:196,14,0,76
BRDA:196,14,1,261
BRDA:198,15,0,76
BRDA:198,15,1,0
BRDA:203,16,0,183
BRDA:203,16,1,154
BRDA:214,17,0,46
BRDA:214,17,1,30
BRDA:234,18,0,23
BRDA:234,18,1,22
BRDA:237,19,0,21
BRDA:237,19,1,20
BRDA:242,20,0,35
BRDA:242,20,1,10
BRDA:245,21,0,24
BRDA:245,21,1,21
BRDA:254,22,0,5
BRDA:254,22,1,14
BRDA:254,23,0,19
BRDA:254,23,1,17
BRDA:264,24,0,13
BRDA:264,24,1,1
BRDA:297,25,0,13
BRDA:297,25,1,13
BRDA:299,26,0,13
BRDA:299,26,1,0
BRDA:304,27,0,12
BRDA:304,27,1,1
BRDA:342,28,0,8
BRDA:342,28,1,8
BRDA:350,29,0,0
BRDA:350,29,1,16
BRDA:350,30,0,16
BRDA:350,30,1,16
BRDA:356,31,0,0
BRDA:356,31,1,16
BRDA:392,32,0,2
BRDA:392,32,1,4
BRDA:397,33,0,0
BRDA:397,33,1,8
BRDA:397,34,0,8
BRDA:397,34,1,8
BRDA:403,35,0,0
BRDA:403,35,1,8
BRDA:438,36,0,1
BRDA:438,36,1,11
BRDA:442,37,0,2
BRDA:442,37,1,9
BRDA:445,38,0,18
BRDA:445,38,1,18
BRDA:446,39,0,1
BRDA:446,39,1,8
BRDA:449,40,0,8
BRDA:449,40,1,0
BRDA:453,41,0,1
BRDA:453,41,1,7
BRDA:453,42,0,8
BRDA:453,42,1,1
BRDA:454,43,0,1
BRDA:454,43,1,6
BRDA:454,44,0,7
BRDA:454,44,1,2
BRDA:455,45,0,1
BRDA:455,45,1,5
BRDA:455,46,0,6
BRDA:455,46,1,5
BRDA:455,46,2,4
BRDA:458,47,0,1
BRDA:458,47,1,4
BRDA:458,48,0,5
BRDA:458,48,1,1
BRDA:472,49,0,11
BRDA:472,49,1,0
BRDA:474,50,0,2
BRDA:474,50,1,9
BRDA:478,51,0,8
BRDA:478,51,1,1
BRDA:481,52,0,2
BRDA:481,52,1,6
BRDA:496,53,0,1
BRDA:496,53,1,6
BRDA:505,54,0,0
BRDA:505,54,1,12
BRDA:505,55,0,12
BRDA:505,55,1,12
BRDA:511,56,0,0
BRDA:511,56,1,12
BRDA:541,57,0,55
BRDA:541,57,1,48
BRDA:544,58,0,55
BRDA:544,58,1,0
BRDA:554,59,0,3
BRDA:554,59,1,2
BRDA:561,60,0,7
BRDA:561,60,1,6
BRDA:563,61,0,7
BRDA:563,61,1,6
BRDA:564,62,0,7
BRDA:564,62,1,6
BRF:127
BRH:113
end_of_record
TN:
SF:src\utils\errors.ts
FN:25,(anonymous_0)
FN:59,formatErrorResponse
FN:80,isAppError
FNF:3
FNH:2
FNDA:3,(anonymous_0)
FNDA:3,formatErrorResponse
FNDA:0,isAppError
DA:4,1
DA:20,1
DA:31,3
DA:32,3
DA:33,3
DA:34,3
DA:35,3
DA:38,3
DA:46,1
DA:59,1
DA:63,3
DA:64,3
DA:71,0
DA:80,1
DA:81,0
LF:15
LH:13
BRDA:28,0,0,0
BRDA:63,1,0,3
BRDA:63,1,1,0
BRDA:66,2,0,3
BRDA:66,2,1,0
BRF:5
BRH:2
end_of_record
TN:
SF:src\utils\logger.ts
FN:28,(anonymous_1)
FNF:1
FNH:1
FNDA:453,(anonymous_1)
DA:1,3
DA:3,3
DA:11,3
DA:19,3
DA:25,3
DA:30,453
DA:33,453
DA:36,453
DA:37,3
DA:40,453
DA:44,3
DA:49,3
LF:12
LH:12
BRDA:36,0,0,3
BRDA:36,0,1,450
BRF:2
BRH:2
end_of_record
TN:
SF:src\utils\socketHelpers.ts
FN:11,getRoomOrWarn
FN:28,getMemberOrWarn
FN:46,getRoomAndMemberOrWarn
FN:73,createSafeHandler
FN:74,safeHandler
FN:78,(anonymous_5)
FN:84,(anonymous_6)
FN:98,handleError
FNF:8
FNH:4
FNDA:0,getRoomOrWarn
FNDA:0,getMemberOrWarn
FNDA:0,getRoomAndMemberOrWarn
FNDA:20,createSafeHandler
FNDA:160,safeHandler
FNDA:31,(anonymous_5)
FNDA:0,(anonymous_6)
FNDA:3,handleError
DA:4,1
DA:5,1
DA:11,1
DA:16,0
DA:17,0
DA:18,0
DA:19,0
DA:21,0
DA:28,1
DA:33,0
DA:34,0
DA:35,0
DA:36,0
DA:38,0
DA:46,1
DA:52,0
DA:53,0
DA:54,0
DA:56,0
DA:57,0
DA:73,1
DA:74,20
DA:78,160
DA:79,31
DA:80,31
DA:83,28
DA:84,0
DA:85,0
DA:89,3
DA:104,3
DA:106,3
DA:113,3
DA:116,0
DA:117,0
DA:119,0
DA:127,0
LF:36
LH:15
BRDA:17,0,0,0
BRDA:17,0,1,0
BRDA:34,1,0,0
BRDA:34,1,1,0
BRDA:53,2,0,0
BRDA:53,2,1,0
BRDA:83,3,0,0
BRDA:83,3,1,28
BRDA:104,4,0,3
BRDA:104,4,1,0
BRDA:116,5,0,0
BRDA:116,5,1,0
BRDA:117,6,0,0
BRDA:117,6,1,0
BRF:14
BRH:2
end_of_record
TN:
SF:src\utils\validation.ts
FN:19,isNonEmptyString
FN:26,isNumber
FN:33,validateJoinRoomPayload
FN:55,validateLeaveRoomPayload
FN:65,validateUpdateSelectionPayload
FN:103,validateOwnedOptionsPayload
FN:139,validateRequestGroupRerollPayload
FN:174,validateSuggestColorPayload
FNF:8
FNH:0
FNDA:0,isNonEmptyString
FNDA:0,isNumber
FNDA:0,validateJoinRoomPayload
FNDA:0,validateLeaveRoomPayload
FNDA:0,validateUpdateSelectionPayload
FNDA:0,validateOwnedOptionsPayload
FNDA:0,validateRequestGroupRerollPayload
FNDA:0,validateSuggestColorPayload
DA:1,0
DA:20,0
DA:27,0
DA:33,0
DA:37,0
DA:38,0
DA:39,0
DA:42,0
DA:44,0
DA:45,0
DA:46,0
DA:49,0
DA:55,0
DA:59,0
DA:65,0
DA:69,0
DA:70,0
DA:71,0
DA:74,0
DA:76,0
DA:83,0
DA:84,0
DA:87,0
DA:103,0
DA:107,0
DA:108,0
DA:109,0
DA:112,0
DA:114,0
DA:120,0
DA:121,0
DA:124,0
DA:139,0
DA:143,0
DA:144,0
DA:145,0
DA:148,0
DA:150,0
DA:156,0
DA:157,0
DA:160,0
DA:174,0
DA:178,0
DA:179,0
DA:180,0
DA:183,0
DA:185,0
DA:191,0
DA:192,0
DA:195,0
LF:50
LH:0
BRDA:20,0,0,0
BRDA:20,0,1,0
BRDA:27,1,0,0
BRDA:27,1,1,0
BRDA:35,2,0,0
BRDA:37,3,0,0
BRDA:37,3,1,0
BRDA:37,4,0,0
BRDA:37,4,1,0
BRDA:44,5,0,0
BRDA:44,5,1,0
BRDA:44,6,0,0
BRDA:44,6,1,0
BRDA:57,7,0,0
BRDA:67,8,0,0
BRDA:69,9,0,0
BRDA:69,9,1,0
BRDA:69,10,0,0
BRDA:69,10,1,0
BRDA:76,11,0,0
BRDA:76,11,1,0
BRDA:77,12,0,0
BRDA:77,12,1,0
BRDA:77,12,2,0
BRDA:77,12,3,0
BRDA:77,12,4,0
BRDA:93,13,0,0
BRDA:93,13,1,0
BRDA:105,14,0,0
BRDA:107,15,0,0
BRDA:107,15,1,0
BRDA:107,16,0,0
BRDA:107,16,1,0
BRDA:114,17,0,0
BRDA:114,17,1,0
BRDA:115,18,0,0
BRDA:115,18,1,0
BRDA:115,18,2,0
BRDA:115,18,3,0
BRDA:130,19,0,0
BRDA:130,19,1,0
BRDA:141,20,0,0
BRDA:143,21,0,0
BRDA:143,21,1,0
BRDA:143,22,0,0
BRDA:143,22,1,0
BRDA:150,23,0,0
BRDA:150,23,1,0
BRDA:151,24,0,0
BRDA:151,24,1,0
BRDA:151,24,2,0
BRDA:151,24,3,0
BRDA:176,25,0,0
BRDA:178,26,0,0
BRDA:178,26,1,0
BRDA:178,27,0,0
BRDA:178,27,1,0
BRDA:185,28,0,0
BRDA:185,28,1,0
BRDA:186,29,0,0
BRDA:186,29,1,0
BRDA:186,29,2,0
BRDA:186,29,3,0
BRF:63
BRH:0
end_of_record
TN:
SF:src\utils\versionAdapter.ts
FN:31,registerClientVersion
FN:40,getClientVersion
FN:47,removeClientVersion
FN:62,createColorSuggestionPayload
FN:106,createRoomStatePayload
FN:135,createGroupApplyComboPayload
FN:160,emitVersionedToRoom
FNF:7
FNH:7
FNDA:20,registerClientVersion
FNDA:55,getClientVersion
FNDA:20,removeClientVersion
FNDA:5,createColorSuggestionPayload
FNDA:44,createRoomStatePayload
FNDA:6,createGroupApplyComboPayload
FNDA:36,emitVersionedToRoom
DA:20,1
DA:26,1
DA:31,1
DA:32,20
DA:33,20
DA:34,20
DA:40,1
DA:41,55
DA:47,1
DA:48,20
DA:62,1
DA:66,5
DA:67,0
DA:77,5
DA:106,1
DA:110,44
DA:111,0
DA:118,44
DA:135,1
DA:139,6
DA:140,0
DA:147,6
DA:160,1
DA:166,36
DA:168,36
DA:169,55
DA:170,55
DA:171,55
LF:28
LH:25
BRDA:41,0,0,55
BRDA:41,0,1,0
BRDA:66,1,0,0
BRDA:66,1,1,5
BRDA:110,2,0,0
BRDA:110,2,1,44
BRDA:139,3,0,0
BRDA:139,3,1,6
BRF:8
BRH:4
end_of_record
